INFO - 2023-05-22 07:36:54 --> Session: Class initialized using 'CodeIgniter\Session\Handlers\FileHandler' driver.
INFO - 2023-05-22 07:36:56 --> Session: Class initialized using 'CodeIgniter\Session\Handlers\FileHandler' driver.
CRITICAL - 2023-05-22 07:36:56 --> Call to a member function first() on array
in APPPATH\Controllers\InvestigadoresController.php on line 83.
 1 SYSTEMPATH\CodeIgniter.php(934): App\Controllers\InvestigadoresController->edit('23435343P')
 2 SYSTEMPATH\CodeIgniter.php(499): CodeIgniter\CodeIgniter->runController(Object(App\Controllers\InvestigadoresController))
 3 SYSTEMPATH\CodeIgniter.php(368): CodeIgniter\CodeIgniter->handleRequest(null, Object(Config\Cache), false)
 4 FCPATH\index.php(68): CodeIgniter\CodeIgniter->run()
INFO - 2023-05-22 08:11:12 --> Session: Class initialized using 'CodeIgniter\Session\Handlers\FileHandler' driver.
CRITICAL - 2023-05-22 08:11:12 --> Call to a member function first() on array
in APPPATH\Controllers\InvestigadoresController.php on line 83.
 1 SYSTEMPATH\CodeIgniter.php(934): App\Controllers\InvestigadoresController->edit('23435343P')
 2 SYSTEMPATH\CodeIgniter.php(499): CodeIgniter\CodeIgniter->runController(Object(App\Controllers\InvestigadoresController))
 3 SYSTEMPATH\CodeIgniter.php(368): CodeIgniter\CodeIgniter->handleRequest(null, Object(Config\Cache), false)
 4 FCPATH\index.php(68): CodeIgniter\CodeIgniter->run()
INFO - 2023-05-22 08:11:13 --> Session: Class initialized using 'CodeIgniter\Session\Handlers\FileHandler' driver.
CRITICAL - 2023-05-22 08:11:13 --> Call to a member function first() on array
in APPPATH\Controllers\InvestigadoresController.php on line 83.
 1 SYSTEMPATH\CodeIgniter.php(934): App\Controllers\InvestigadoresController->edit('23435343P')
 2 SYSTEMPATH\CodeIgniter.php(499): CodeIgniter\CodeIgniter->runController(Object(App\Controllers\InvestigadoresController))
 3 SYSTEMPATH\CodeIgniter.php(368): CodeIgniter\CodeIgniter->handleRequest(null, Object(Config\Cache), false)
 4 FCPATH\index.php(68): CodeIgniter\CodeIgniter->run()
INFO - 2023-05-22 08:11:14 --> Session: Class initialized using 'CodeIgniter\Session\Handlers\FileHandler' driver.
CRITICAL - 2023-05-22 08:11:14 --> Call to a member function first() on array
in APPPATH\Controllers\InvestigadoresController.php on line 83.
 1 SYSTEMPATH\CodeIgniter.php(934): App\Controllers\InvestigadoresController->edit('23435343P')
 2 SYSTEMPATH\CodeIgniter.php(499): CodeIgniter\CodeIgniter->runController(Object(App\Controllers\InvestigadoresController))
 3 SYSTEMPATH\CodeIgniter.php(368): CodeIgniter\CodeIgniter->handleRequest(null, Object(Config\Cache), false)
 4 FCPATH\index.php(68): CodeIgniter\CodeIgniter->run()
INFO - 2023-05-22 08:11:15 --> Session: Class initialized using 'CodeIgniter\Session\Handlers\FileHandler' driver.
CRITICAL - 2023-05-22 08:11:15 --> Call to a member function first() on array
in APPPATH\Controllers\InvestigadoresController.php on line 83.
 1 SYSTEMPATH\CodeIgniter.php(934): App\Controllers\InvestigadoresController->edit('23435343P')
 2 SYSTEMPATH\CodeIgniter.php(499): CodeIgniter\CodeIgniter->runController(Object(App\Controllers\InvestigadoresController))
 3 SYSTEMPATH\CodeIgniter.php(368): CodeIgniter\CodeIgniter->handleRequest(null, Object(Config\Cache), false)
 4 FCPATH\index.php(68): CodeIgniter\CodeIgniter->run()
INFO - 2023-05-22 08:11:23 --> Session: Class initialized using 'CodeIgniter\Session\Handlers\FileHandler' driver.
CRITICAL - 2023-05-22 08:11:27 --> syntax error, unexpected token "*", expecting "function" or "const"
in APPPATH\Controllers\FacultadController.php on line 103.
 1 SYSTEMPATH\Autoloader\Autoloader.php(289): CodeIgniter\Autoloader\Autoloader->includeFile('C:\\xampp\\htdocs\\ProyectoCI\\app\\Controllers\\FacultadController.php')
 2 SYSTEMPATH\Autoloader\Autoloader.php(267): CodeIgniter\Autoloader\Autoloader->loadInNamespace('App\\Controllers\\FacultadController')
 3 [internal function]: CodeIgniter\Autoloader\Autoloader->loadClass('App\\Controllers\\FacultadController')
 4 SYSTEMPATH\CodeIgniter.php(892): class_exists('\\App\\Controllers\\FacultadController', true)
 5 SYSTEMPATH\CodeIgniter.php(486): CodeIgniter\CodeIgniter->startController()
 6 SYSTEMPATH\CodeIgniter.php(368): CodeIgniter\CodeIgniter->handleRequest(null, Object(Config\Cache), false)
 7 FCPATH\index.php(68): CodeIgniter\CodeIgniter->run()
INFO - 2023-05-22 08:11:53 --> Session: Class initialized using 'CodeIgniter\Session\Handlers\FileHandler' driver.
INFO - 2023-05-22 08:11:57 --> Session: Class initialized using 'CodeIgniter\Session\Handlers\FileHandler' driver.
INFO - 2023-05-22 08:12:38 --> Session: Class initialized using 'CodeIgniter\Session\Handlers\FileHandler' driver.
INFO - 2023-05-22 08:12:42 --> Session: Class initialized using 'CodeIgniter\Session\Handlers\FileHandler' driver.
CRITICAL - 2023-05-22 08:12:42 --> Call to a member function first() on array
in APPPATH\Controllers\FacultadController.php on line 73.
 1 SYSTEMPATH\CodeIgniter.php(934): App\Controllers\FacultadController->edit('1')
 2 SYSTEMPATH\CodeIgniter.php(499): CodeIgniter\CodeIgniter->runController(Object(App\Controllers\FacultadController))
 3 SYSTEMPATH\CodeIgniter.php(368): CodeIgniter\CodeIgniter->handleRequest(null, Object(Config\Cache), false)
 4 FCPATH\index.php(68): CodeIgniter\CodeIgniter->run()
INFO - 2023-05-22 08:14:26 --> Session: Class initialized using 'CodeIgniter\Session\Handlers\FileHandler' driver.
INFO - 2023-05-22 08:14:29 --> Session: Class initialized using 'CodeIgniter\Session\Handlers\FileHandler' driver.
INFO - 2023-05-22 08:14:34 --> Session: Class initialized using 'CodeIgniter\Session\Handlers\FileHandler' driver.
CRITICAL - 2023-05-22 08:14:34 --> Call to a member function first() on array
in APPPATH\Controllers\InvestigadoresController.php on line 83.
 1 SYSTEMPATH\CodeIgniter.php(934): App\Controllers\InvestigadoresController->edit('23435343P')
 2 SYSTEMPATH\CodeIgniter.php(499): CodeIgniter\CodeIgniter->runController(Object(App\Controllers\InvestigadoresController))
 3 SYSTEMPATH\CodeIgniter.php(368): CodeIgniter\CodeIgniter->handleRequest(null, Object(Config\Cache), false)
 4 FCPATH\index.php(68): CodeIgniter\CodeIgniter->run()
INFO - 2023-05-22 08:17:43 --> Session: Class initialized using 'CodeIgniter\Session\Handlers\FileHandler' driver.
WARNING - 2023-05-22 08:17:43 --> [DEPRECATED] Creation of dynamic property App\Controllers\InvestigadoresController::$crud_facultades is deprecated in APPPATH\Controllers\InvestigadoresController.php on line 84.
 1 SYSTEMPATH\CodeIgniter.php(934): App\Controllers\InvestigadoresController->edit('23435343P')
 2 SYSTEMPATH\CodeIgniter.php(499): CodeIgniter\CodeIgniter->runController(Object(App\Controllers\InvestigadoresController))
 3 SYSTEMPATH\CodeIgniter.php(368): CodeIgniter\CodeIgniter->handleRequest(null, Object(Config\Cache), false)
 4 FCPATH\index.php(68): CodeIgniter\CodeIgniter->run()
CRITICAL - 2023-05-22 08:17:43 --> Undefined array key "lista_facultades"
in APPPATH\Controllers\InvestigadoresController.php on line 85.
 1 APPPATH\Controllers\InvestigadoresController.php(85): CodeIgniter\Debug\Exceptions->errorHandler(2, 'Undefined array key "lista_facultades"', 'C:\\xampp\\htdocs\\ProyectoCI\\app\\Controllers\\InvestigadoresController.php', 85)
 2 SYSTEMPATH\CodeIgniter.php(934): App\Controllers\InvestigadoresController->edit('23435343P')
 3 SYSTEMPATH\CodeIgniter.php(499): CodeIgniter\CodeIgniter->runController(Object(App\Controllers\InvestigadoresController))
 4 SYSTEMPATH\CodeIgniter.php(368): CodeIgniter\CodeIgniter->handleRequest(null, Object(Config\Cache), false)
 5 FCPATH\index.php(68): CodeIgniter\CodeIgniter->run()
INFO - 2023-05-22 08:19:23 --> Session: Class initialized using 'CodeIgniter\Session\Handlers\FileHandler' driver.
WARNING - 2023-05-22 08:19:23 --> [DEPRECATED] Creation of dynamic property App\Controllers\InvestigadoresController::$crud_facultades is deprecated in APPPATH\Controllers\InvestigadoresController.php on line 84.
 1 SYSTEMPATH\CodeIgniter.php(934): App\Controllers\InvestigadoresController->edit('23435343P')
 2 SYSTEMPATH\CodeIgniter.php(499): CodeIgniter\CodeIgniter->runController(Object(App\Controllers\InvestigadoresController))
 3 SYSTEMPATH\CodeIgniter.php(368): CodeIgniter\CodeIgniter->handleRequest(null, Object(Config\Cache), false)
 4 FCPATH\index.php(68): CodeIgniter\CodeIgniter->run()
CRITICAL - 2023-05-22 08:19:23 --> Undefined variable $facultad
in APPPATH\Views\edit_investigadores.php on line 33.
 1 APPPATH\Views\edit_investigadores.php(33): CodeIgniter\Debug\Exceptions->errorHandler(2, 'Undefined variable $facultad', 'C:\\xampp\\htdocs\\ProyectoCI\\app\\Views\\edit_investigadores.php', 33)
 2 SYSTEMPATH\View\View.php(213): include('C:\\xampp\\htdocs\\ProyectoCI\\app\\Views\\edit_investigadores.php')
 3 SYSTEMPATH\View\View.php(216): CodeIgniter\View\View->CodeIgniter\View\{closure}()
 4 SYSTEMPATH\Common.php(1184): CodeIgniter\View\View->render('edit_investigadores', [], true)
 5 APPPATH\Controllers\InvestigadoresController.php(88): view('edit_investigadores', [...])
 6 SYSTEMPATH\CodeIgniter.php(934): App\Controllers\InvestigadoresController->edit('23435343P')
 7 SYSTEMPATH\CodeIgniter.php(499): CodeIgniter\CodeIgniter->runController(Object(App\Controllers\InvestigadoresController))
 8 SYSTEMPATH\CodeIgniter.php(368): CodeIgniter\CodeIgniter->handleRequest(null, Object(Config\Cache), false)
 9 FCPATH\index.php(68): CodeIgniter\CodeIgniter->run()
INFO - 2023-05-22 08:19:56 --> Session: Class initialized using 'CodeIgniter\Session\Handlers\FileHandler' driver.
WARNING - 2023-05-22 08:19:56 --> [DEPRECATED] Creation of dynamic property App\Controllers\InvestigadoresController::$crud_facultades is deprecated in APPPATH\Controllers\InvestigadoresController.php on line 84.
 1 SYSTEMPATH\CodeIgniter.php(934): App\Controllers\InvestigadoresController->edit('23435343P')
 2 SYSTEMPATH\CodeIgniter.php(499): CodeIgniter\CodeIgniter->runController(Object(App\Controllers\InvestigadoresController))
 3 SYSTEMPATH\CodeIgniter.php(368): CodeIgniter\CodeIgniter->handleRequest(null, Object(Config\Cache), false)
 4 FCPATH\index.php(68): CodeIgniter\CodeIgniter->run()
INFO - 2023-05-22 08:21:08 --> Session: Class initialized using 'CodeIgniter\Session\Handlers\FileHandler' driver.
INFO - 2023-05-22 08:21:10 --> Session: Class initialized using 'CodeIgniter\Session\Handlers\FileHandler' driver.
ERROR - 2023-05-22 08:21:10 --> mysqli_sql_exception: You have an error in your SQL syntax; check the manual that corresponds to your MariaDB server version for the right syntax to use near ':0:
AND 1 = :1:
ORDER BY `IdFacultad` ASC
 LIMIT 1' at line 3 in C:\xampp\htdocs\ProyectoCI\system\Database\MySQLi\Connection.php:295
Stack trace:
#0 C:\xampp\htdocs\ProyectoCI\system\Database\MySQLi\Connection.php(295): mysqli->query('SELECT *\nFROM `...', 0)
#1 C:\xampp\htdocs\ProyectoCI\system\Database\BaseConnection.php(692): CodeIgniter\Database\MySQLi\Connection->execute('SELECT *\nFROM `...')
#2 C:\xampp\htdocs\ProyectoCI\system\Database\BaseConnection.php(606): CodeIgniter\Database\BaseConnection->simpleQuery('SELECT *\nFROM `...')
#3 C:\xampp\htdocs\ProyectoCI\system\Database\BaseBuilder.php(1616): CodeIgniter\Database\BaseConnection->query('SELECT *\nFROM `...', Array, false)
#4 C:\xampp\htdocs\ProyectoCI\system\Model.php(268): CodeIgniter\Database\BaseBuilder->get()
#5 C:\xampp\htdocs\ProyectoCI\system\BaseModel.php(656): CodeIgniter\Model->doFirst()
#6 C:\xampp\htdocs\ProyectoCI\app\Controllers\FacultadController.php(73): CodeIgniter\BaseModel->first()
#7 C:\xampp\htdocs\ProyectoCI\system\CodeIgniter.php(934): App\Controllers\FacultadController->edit('1')
#8 C:\xampp\htdocs\ProyectoCI\system\CodeIgniter.php(499): CodeIgniter\CodeIgniter->runController(Object(App\Controllers\FacultadController))
#9 C:\xampp\htdocs\ProyectoCI\system\CodeIgniter.php(368): CodeIgniter\CodeIgniter->handleRequest(NULL, Object(Config\Cache), false)
#10 C:\xampp\htdocs\ProyectoCI\index.php(68): CodeIgniter\CodeIgniter->run()
#11 {main}
CRITICAL - 2023-05-22 08:21:10 --> You have an error in your SQL syntax; check the manual that corresponds to your MariaDB server version for the right syntax to use near ':0:
AND 1 = :1:
ORDER BY `IdFacultad` ASC
 LIMIT 1' at line 3
in SYSTEMPATH\Database\MySQLi\Connection.php on line 295.
 1 SYSTEMPATH\Database\MySQLi\Connection.php(295): mysqli->query('SELECT *
FROM `facultad`
WHERE 0 = :0:
AND 1 = :1:
ORDER BY `IdFacultad` ASC
 LIMIT 1', 0)
 2 SYSTEMPATH\Database\BaseConnection.php(692): CodeIgniter\Database\MySQLi\Connection->execute('SELECT *
FROM `facultad`
WHERE 0 = :0:
AND 1 = :1:
ORDER BY `IdFacultad` ASC
 LIMIT 1')
 3 SYSTEMPATH\Database\BaseConnection.php(606): CodeIgniter\Database\BaseConnection->simpleQuery('SELECT *
FROM `facultad`
WHERE 0 = :0:
AND 1 = :1:
ORDER BY `IdFacultad` ASC
 LIMIT 1')
 4 SYSTEMPATH\Database\BaseBuilder.php(1616): CodeIgniter\Database\BaseConnection->query('SELECT *
FROM `facultad`
WHERE 0 = :0:
AND 1 = :1:
ORDER BY `IdFacultad` ASC
 LIMIT 1', [...], false)
 5 SYSTEMPATH\Model.php(268): CodeIgniter\Database\BaseBuilder->get()
 6 SYSTEMPATH\BaseModel.php(656): CodeIgniter\Model->doFirst()
 7 APPPATH\Controllers\FacultadController.php(73): CodeIgniter\BaseModel->first()
 8 SYSTEMPATH\CodeIgniter.php(934): App\Controllers\FacultadController->edit('1')
 9 SYSTEMPATH\CodeIgniter.php(499): CodeIgniter\CodeIgniter->runController(Object(App\Controllers\FacultadController))
10 SYSTEMPATH\CodeIgniter.php(368): CodeIgniter\CodeIgniter->handleRequest(null, Object(Config\Cache), false)
11 FCPATH\index.php(68): CodeIgniter\CodeIgniter->run()
INFO - 2023-05-22 08:21:35 --> Session: Class initialized using 'CodeIgniter\Session\Handlers\FileHandler' driver.
INFO - 2023-05-22 08:21:45 --> Session: Class initialized using 'CodeIgniter\Session\Handlers\FileHandler' driver.
ERROR - 2023-05-22 08:21:45 --> mysqli_sql_exception: You have an error in your SQL syntax; check the manual that corresponds to your MariaDB server version for the right syntax to use near ':0:
AND 1 = :1:
ORDER BY `IdFacultad` ASC
 LIMIT 1' at line 3 in C:\xampp\htdocs\ProyectoCI\system\Database\MySQLi\Connection.php:295
Stack trace:
#0 C:\xampp\htdocs\ProyectoCI\system\Database\MySQLi\Connection.php(295): mysqli->query('SELECT *\nFROM `...', 0)
#1 C:\xampp\htdocs\ProyectoCI\system\Database\BaseConnection.php(692): CodeIgniter\Database\MySQLi\Connection->execute('SELECT *\nFROM `...')
#2 C:\xampp\htdocs\ProyectoCI\system\Database\BaseConnection.php(606): CodeIgniter\Database\BaseConnection->simpleQuery('SELECT *\nFROM `...')
#3 C:\xampp\htdocs\ProyectoCI\system\Database\BaseBuilder.php(1616): CodeIgniter\Database\BaseConnection->query('SELECT *\nFROM `...', Array, false)
#4 C:\xampp\htdocs\ProyectoCI\system\Model.php(268): CodeIgniter\Database\BaseBuilder->get()
#5 C:\xampp\htdocs\ProyectoCI\system\BaseModel.php(656): CodeIgniter\Model->doFirst()
#6 C:\xampp\htdocs\ProyectoCI\app\Controllers\FacultadController.php(73): CodeIgniter\BaseModel->first()
#7 C:\xampp\htdocs\ProyectoCI\system\CodeIgniter.php(934): App\Controllers\FacultadController->edit('5')
#8 C:\xampp\htdocs\ProyectoCI\system\CodeIgniter.php(499): CodeIgniter\CodeIgniter->runController(Object(App\Controllers\FacultadController))
#9 C:\xampp\htdocs\ProyectoCI\system\CodeIgniter.php(368): CodeIgniter\CodeIgniter->handleRequest(NULL, Object(Config\Cache), false)
#10 C:\xampp\htdocs\ProyectoCI\index.php(68): CodeIgniter\CodeIgniter->run()
#11 {main}
CRITICAL - 2023-05-22 08:21:45 --> You have an error in your SQL syntax; check the manual that corresponds to your MariaDB server version for the right syntax to use near ':0:
AND 1 = :1:
ORDER BY `IdFacultad` ASC
 LIMIT 1' at line 3
in SYSTEMPATH\Database\MySQLi\Connection.php on line 295.
 1 SYSTEMPATH\Database\MySQLi\Connection.php(295): mysqli->query('SELECT *
FROM `facultad`
WHERE 0 = :0:
AND 1 = :1:
ORDER BY `IdFacultad` ASC
 LIMIT 1', 0)
 2 SYSTEMPATH\Database\BaseConnection.php(692): CodeIgniter\Database\MySQLi\Connection->execute('SELECT *
FROM `facultad`
WHERE 0 = :0:
AND 1 = :1:
ORDER BY `IdFacultad` ASC
 LIMIT 1')
 3 SYSTEMPATH\Database\BaseConnection.php(606): CodeIgniter\Database\BaseConnection->simpleQuery('SELECT *
FROM `facultad`
WHERE 0 = :0:
AND 1 = :1:
ORDER BY `IdFacultad` ASC
 LIMIT 1')
 4 SYSTEMPATH\Database\BaseBuilder.php(1616): CodeIgniter\Database\BaseConnection->query('SELECT *
FROM `facultad`
WHERE 0 = :0:
AND 1 = :1:
ORDER BY `IdFacultad` ASC
 LIMIT 1', [...], false)
 5 SYSTEMPATH\Model.php(268): CodeIgniter\Database\BaseBuilder->get()
 6 SYSTEMPATH\BaseModel.php(656): CodeIgniter\Model->doFirst()
 7 APPPATH\Controllers\FacultadController.php(73): CodeIgniter\BaseModel->first()
 8 SYSTEMPATH\CodeIgniter.php(934): App\Controllers\FacultadController->edit('5')
 9 SYSTEMPATH\CodeIgniter.php(499): CodeIgniter\CodeIgniter->runController(Object(App\Controllers\FacultadController))
10 SYSTEMPATH\CodeIgniter.php(368): CodeIgniter\CodeIgniter->handleRequest(null, Object(Config\Cache), false)
11 FCPATH\index.php(68): CodeIgniter\CodeIgniter->run()
INFO - 2023-05-22 08:22:48 --> Session: Class initialized using 'CodeIgniter\Session\Handlers\FileHandler' driver.
CRITICAL - 2023-05-22 08:22:48 --> Attempt to read property "NomFacultad" on array
in APPPATH\Views\edit_facultad.php on line 9.
 1 APPPATH\Views\edit_facultad.php(9): CodeIgniter\Debug\Exceptions->errorHandler(2, 'Attempt to read property "NomFacultad" on array', 'C:\\xampp\\htdocs\\ProyectoCI\\app\\Views\\edit_facultad.php', 9)
 2 SYSTEMPATH\View\View.php(213): include('C:\\xampp\\htdocs\\ProyectoCI\\app\\Views\\edit_facultad.php')
 3 SYSTEMPATH\View\View.php(216): CodeIgniter\View\View->CodeIgniter\View\{closure}()
 4 SYSTEMPATH\Common.php(1184): CodeIgniter\View\View->render('edit_facultad', [], true)
 5 APPPATH\Controllers\FacultadController.php(75): view('edit_facultad', [...])
 6 SYSTEMPATH\CodeIgniter.php(934): App\Controllers\FacultadController->edit('5')
 7 SYSTEMPATH\CodeIgniter.php(499): CodeIgniter\CodeIgniter->runController(Object(App\Controllers\FacultadController))
 8 SYSTEMPATH\CodeIgniter.php(368): CodeIgniter\CodeIgniter->handleRequest(null, Object(Config\Cache), false)
 9 FCPATH\index.php(68): CodeIgniter\CodeIgniter->run()
INFO - 2023-05-22 08:24:02 --> Session: Class initialized using 'CodeIgniter\Session\Handlers\FileHandler' driver.
CRITICAL - 2023-05-22 08:24:02 --> Attempt to read property "NomFacultad" on array
in APPPATH\Views\edit_facultad.php on line 9.
 1 APPPATH\Views\edit_facultad.php(9): CodeIgniter\Debug\Exceptions->errorHandler(2, 'Attempt to read property "NomFacultad" on array', 'C:\\xampp\\htdocs\\ProyectoCI\\app\\Views\\edit_facultad.php', 9)
 2 SYSTEMPATH\View\View.php(213): include('C:\\xampp\\htdocs\\ProyectoCI\\app\\Views\\edit_facultad.php')
 3 SYSTEMPATH\View\View.php(216): CodeIgniter\View\View->CodeIgniter\View\{closure}()
 4 SYSTEMPATH\Common.php(1184): CodeIgniter\View\View->render('edit_facultad', [], true)
 5 APPPATH\Controllers\FacultadController.php(75): view('edit_facultad', [...])
 6 SYSTEMPATH\CodeIgniter.php(934): App\Controllers\FacultadController->edit('5')
 7 SYSTEMPATH\CodeIgniter.php(499): CodeIgniter\CodeIgniter->runController(Object(App\Controllers\FacultadController))
 8 SYSTEMPATH\CodeIgniter.php(368): CodeIgniter\CodeIgniter->handleRequest(null, Object(Config\Cache), false)
 9 FCPATH\index.php(68): CodeIgniter\CodeIgniter->run()
INFO - 2023-05-22 08:26:55 --> Session: Class initialized using 'CodeIgniter\Session\Handlers\FileHandler' driver.
CRITICAL - 2023-05-22 08:26:55 --> Attempt to read property "NomFacultad" on array
in APPPATH\Views\edit_facultad.php on line 9.
 1 APPPATH\Views\edit_facultad.php(9): CodeIgniter\Debug\Exceptions->errorHandler(2, 'Attempt to read property "NomFacultad" on array', 'C:\\xampp\\htdocs\\ProyectoCI\\app\\Views\\edit_facultad.php', 9)
 2 SYSTEMPATH\View\View.php(213): include('C:\\xampp\\htdocs\\ProyectoCI\\app\\Views\\edit_facultad.php')
 3 SYSTEMPATH\View\View.php(216): CodeIgniter\View\View->CodeIgniter\View\{closure}()
 4 SYSTEMPATH\Common.php(1184): CodeIgniter\View\View->render('edit_facultad', [], true)
 5 APPPATH\Controllers\FacultadController.php(76): view('edit_facultad', [...])
 6 SYSTEMPATH\CodeIgniter.php(934): App\Controllers\FacultadController->edit('5')
 7 SYSTEMPATH\CodeIgniter.php(499): CodeIgniter\CodeIgniter->runController(Object(App\Controllers\FacultadController))
 8 SYSTEMPATH\CodeIgniter.php(368): CodeIgniter\CodeIgniter->handleRequest(null, Object(Config\Cache), false)
 9 FCPATH\index.php(68): CodeIgniter\CodeIgniter->run()
INFO - 2023-05-22 08:26:56 --> Session: Class initialized using 'CodeIgniter\Session\Handlers\FileHandler' driver.
CRITICAL - 2023-05-22 08:26:56 --> Attempt to read property "NomFacultad" on array
in APPPATH\Views\edit_facultad.php on line 9.
 1 APPPATH\Views\edit_facultad.php(9): CodeIgniter\Debug\Exceptions->errorHandler(2, 'Attempt to read property "NomFacultad" on array', 'C:\\xampp\\htdocs\\ProyectoCI\\app\\Views\\edit_facultad.php', 9)
 2 SYSTEMPATH\View\View.php(213): include('C:\\xampp\\htdocs\\ProyectoCI\\app\\Views\\edit_facultad.php')
 3 SYSTEMPATH\View\View.php(216): CodeIgniter\View\View->CodeIgniter\View\{closure}()
 4 SYSTEMPATH\Common.php(1184): CodeIgniter\View\View->render('edit_facultad', [], true)
 5 APPPATH\Controllers\FacultadController.php(76): view('edit_facultad', [...])
 6 SYSTEMPATH\CodeIgniter.php(934): App\Controllers\FacultadController->edit('5')
 7 SYSTEMPATH\CodeIgniter.php(499): CodeIgniter\CodeIgniter->runController(Object(App\Controllers\FacultadController))
 8 SYSTEMPATH\CodeIgniter.php(368): CodeIgniter\CodeIgniter->handleRequest(null, Object(Config\Cache), false)
 9 FCPATH\index.php(68): CodeIgniter\CodeIgniter->run()
INFO - 2023-05-22 08:30:02 --> Session: Class initialized using 'CodeIgniter\Session\Handlers\FileHandler' driver.
CRITICAL - 2023-05-22 08:30:02 --> Array to string conversion
in APPPATH\Views\edit_facultad.php on line 9.
 1 APPPATH\Views\edit_facultad.php(9): CodeIgniter\Debug\Exceptions->errorHandler(2, 'Array to string conversion', 'C:\\xampp\\htdocs\\ProyectoCI\\app\\Views\\edit_facultad.php', 9)
 2 SYSTEMPATH\View\View.php(213): include('C:\\xampp\\htdocs\\ProyectoCI\\app\\Views\\edit_facultad.php')
 3 SYSTEMPATH\View\View.php(216): CodeIgniter\View\View->CodeIgniter\View\{closure}()
 4 SYSTEMPATH\Common.php(1184): CodeIgniter\View\View->render('edit_facultad', [], true)
 5 APPPATH\Controllers\FacultadController.php(76): view('edit_facultad', [...])
 6 SYSTEMPATH\CodeIgniter.php(934): App\Controllers\FacultadController->edit('5')
 7 SYSTEMPATH\CodeIgniter.php(499): CodeIgniter\CodeIgniter->runController(Object(App\Controllers\FacultadController))
 8 SYSTEMPATH\CodeIgniter.php(368): CodeIgniter\CodeIgniter->handleRequest(null, Object(Config\Cache), false)
 9 FCPATH\index.php(68): CodeIgniter\CodeIgniter->run()
INFO - 2023-05-22 08:30:32 --> Session: Class initialized using 'CodeIgniter\Session\Handlers\FileHandler' driver.
CRITICAL - 2023-05-22 08:30:32 --> Attempt to read property "NomFacultad" on array
in APPPATH\Views\edit_facultad.php on line 9.
 1 APPPATH\Views\edit_facultad.php(9): CodeIgniter\Debug\Exceptions->errorHandler(2, 'Attempt to read property "NomFacultad" on array', 'C:\\xampp\\htdocs\\ProyectoCI\\app\\Views\\edit_facultad.php', 9)
 2 SYSTEMPATH\View\View.php(213): include('C:\\xampp\\htdocs\\ProyectoCI\\app\\Views\\edit_facultad.php')
 3 SYSTEMPATH\View\View.php(216): CodeIgniter\View\View->CodeIgniter\View\{closure}()
 4 SYSTEMPATH\Common.php(1184): CodeIgniter\View\View->render('edit_facultad', [], true)
 5 APPPATH\Controllers\FacultadController.php(76): view('edit_facultad', [...])
 6 SYSTEMPATH\CodeIgniter.php(934): App\Controllers\FacultadController->edit('5')
 7 SYSTEMPATH\CodeIgniter.php(499): CodeIgniter\CodeIgniter->runController(Object(App\Controllers\FacultadController))
 8 SYSTEMPATH\CodeIgniter.php(368): CodeIgniter\CodeIgniter->handleRequest(null, Object(Config\Cache), false)
 9 FCPATH\index.php(68): CodeIgniter\CodeIgniter->run()
INFO - 2023-05-22 08:36:23 --> Session: Class initialized using 'CodeIgniter\Session\Handlers\FileHandler' driver.
CRITICAL - 2023-05-22 08:36:26 --> syntax error, unexpected token "=>"
in APPPATH\Controllers\InvestigadoresController.php on line 52.
 1 SYSTEMPATH\Autoloader\Autoloader.php(289): CodeIgniter\Autoloader\Autoloader->includeFile('C:\\xampp\\htdocs\\ProyectoCI\\app\\Controllers\\InvestigadoresController.php')
 2 SYSTEMPATH\Autoloader\Autoloader.php(267): CodeIgniter\Autoloader\Autoloader->loadInNamespace('App\\Controllers\\InvestigadoresController')
 3 [internal function]: CodeIgniter\Autoloader\Autoloader->loadClass('App\\Controllers\\InvestigadoresController')
 4 SYSTEMPATH\CodeIgniter.php(892): class_exists('\\App\\Controllers\\InvestigadoresController', true)
 5 SYSTEMPATH\CodeIgniter.php(486): CodeIgniter\CodeIgniter->startController()
 6 SYSTEMPATH\CodeIgniter.php(368): CodeIgniter\CodeIgniter->handleRequest(null, Object(Config\Cache), false)
 7 FCPATH\index.php(68): CodeIgniter\CodeIgniter->run()
CRITICAL - 2023-05-22 08:36:36 --> syntax error, unexpected token "=>"
in APPPATH\Controllers\InvestigadoresController.php on line 52.
 1 SYSTEMPATH\Autoloader\Autoloader.php(289): CodeIgniter\Autoloader\Autoloader->includeFile('C:\\xampp\\htdocs\\ProyectoCI\\app\\Controllers\\InvestigadoresController.php')
 2 SYSTEMPATH\Autoloader\Autoloader.php(267): CodeIgniter\Autoloader\Autoloader->loadInNamespace('App\\Controllers\\InvestigadoresController')
 3 [internal function]: CodeIgniter\Autoloader\Autoloader->loadClass('App\\Controllers\\InvestigadoresController')
 4 SYSTEMPATH\CodeIgniter.php(892): class_exists('\\App\\Controllers\\InvestigadoresController', true)
 5 SYSTEMPATH\CodeIgniter.php(486): CodeIgniter\CodeIgniter->startController()
 6 SYSTEMPATH\CodeIgniter.php(368): CodeIgniter\CodeIgniter->handleRequest(null, Object(Config\Cache), false)
 7 FCPATH\index.php(68): CodeIgniter\CodeIgniter->run()
CRITICAL - 2023-05-22 08:36:37 --> syntax error, unexpected token "=>"
in APPPATH\Controllers\InvestigadoresController.php on line 52.
 1 SYSTEMPATH\Autoloader\Autoloader.php(289): CodeIgniter\Autoloader\Autoloader->includeFile('C:\\xampp\\htdocs\\ProyectoCI\\app\\Controllers\\InvestigadoresController.php')
 2 SYSTEMPATH\Autoloader\Autoloader.php(267): CodeIgniter\Autoloader\Autoloader->loadInNamespace('App\\Controllers\\InvestigadoresController')
 3 [internal function]: CodeIgniter\Autoloader\Autoloader->loadClass('App\\Controllers\\InvestigadoresController')
 4 SYSTEMPATH\CodeIgniter.php(892): class_exists('\\App\\Controllers\\InvestigadoresController', true)
 5 SYSTEMPATH\CodeIgniter.php(486): CodeIgniter\CodeIgniter->startController()
 6 SYSTEMPATH\CodeIgniter.php(368): CodeIgniter\CodeIgniter->handleRequest(null, Object(Config\Cache), false)
 7 FCPATH\index.php(68): CodeIgniter\CodeIgniter->run()
CRITICAL - 2023-05-22 08:36:38 --> syntax error, unexpected token "=>"
in APPPATH\Controllers\InvestigadoresController.php on line 52.
 1 SYSTEMPATH\Autoloader\Autoloader.php(289): CodeIgniter\Autoloader\Autoloader->includeFile('C:\\xampp\\htdocs\\ProyectoCI\\app\\Controllers\\InvestigadoresController.php')
 2 SYSTEMPATH\Autoloader\Autoloader.php(267): CodeIgniter\Autoloader\Autoloader->loadInNamespace('App\\Controllers\\InvestigadoresController')
 3 [internal function]: CodeIgniter\Autoloader\Autoloader->loadClass('App\\Controllers\\InvestigadoresController')
 4 SYSTEMPATH\CodeIgniter.php(892): class_exists('\\App\\Controllers\\InvestigadoresController', true)
 5 SYSTEMPATH\CodeIgniter.php(486): CodeIgniter\CodeIgniter->startController()
 6 SYSTEMPATH\CodeIgniter.php(368): CodeIgniter\CodeIgniter->handleRequest(null, Object(Config\Cache), false)
 7 FCPATH\index.php(68): CodeIgniter\CodeIgniter->run()
CRITICAL - 2023-05-22 08:36:38 --> syntax error, unexpected token "=>"
in APPPATH\Controllers\InvestigadoresController.php on line 52.
 1 SYSTEMPATH\Autoloader\Autoloader.php(289): CodeIgniter\Autoloader\Autoloader->includeFile('C:\\xampp\\htdocs\\ProyectoCI\\app\\Controllers\\InvestigadoresController.php')
 2 SYSTEMPATH\Autoloader\Autoloader.php(267): CodeIgniter\Autoloader\Autoloader->loadInNamespace('App\\Controllers\\InvestigadoresController')
 3 [internal function]: CodeIgniter\Autoloader\Autoloader->loadClass('App\\Controllers\\InvestigadoresController')
 4 SYSTEMPATH\CodeIgniter.php(892): class_exists('\\App\\Controllers\\InvestigadoresController', true)
 5 SYSTEMPATH\CodeIgniter.php(486): CodeIgniter\CodeIgniter->startController()
 6 SYSTEMPATH\CodeIgniter.php(368): CodeIgniter\CodeIgniter->handleRequest(null, Object(Config\Cache), false)
 7 FCPATH\index.php(68): CodeIgniter\CodeIgniter->run()
CRITICAL - 2023-05-22 08:36:38 --> syntax error, unexpected token "=>"
in APPPATH\Controllers\InvestigadoresController.php on line 52.
 1 SYSTEMPATH\Autoloader\Autoloader.php(289): CodeIgniter\Autoloader\Autoloader->includeFile('C:\\xampp\\htdocs\\ProyectoCI\\app\\Controllers\\InvestigadoresController.php')
 2 SYSTEMPATH\Autoloader\Autoloader.php(267): CodeIgniter\Autoloader\Autoloader->loadInNamespace('App\\Controllers\\InvestigadoresController')
 3 [internal function]: CodeIgniter\Autoloader\Autoloader->loadClass('App\\Controllers\\InvestigadoresController')
 4 SYSTEMPATH\CodeIgniter.php(892): class_exists('\\App\\Controllers\\InvestigadoresController', true)
 5 SYSTEMPATH\CodeIgniter.php(486): CodeIgniter\CodeIgniter->startController()
 6 SYSTEMPATH\CodeIgniter.php(368): CodeIgniter\CodeIgniter->handleRequest(null, Object(Config\Cache), false)
 7 FCPATH\index.php(68): CodeIgniter\CodeIgniter->run()
CRITICAL - 2023-05-22 08:36:38 --> syntax error, unexpected token "=>"
in APPPATH\Controllers\InvestigadoresController.php on line 52.
 1 SYSTEMPATH\Autoloader\Autoloader.php(289): CodeIgniter\Autoloader\Autoloader->includeFile('C:\\xampp\\htdocs\\ProyectoCI\\app\\Controllers\\InvestigadoresController.php')
 2 SYSTEMPATH\Autoloader\Autoloader.php(267): CodeIgniter\Autoloader\Autoloader->loadInNamespace('App\\Controllers\\InvestigadoresController')
 3 [internal function]: CodeIgniter\Autoloader\Autoloader->loadClass('App\\Controllers\\InvestigadoresController')
 4 SYSTEMPATH\CodeIgniter.php(892): class_exists('\\App\\Controllers\\InvestigadoresController', true)
 5 SYSTEMPATH\CodeIgniter.php(486): CodeIgniter\CodeIgniter->startController()
 6 SYSTEMPATH\CodeIgniter.php(368): CodeIgniter\CodeIgniter->handleRequest(null, Object(Config\Cache), false)
 7 FCPATH\index.php(68): CodeIgniter\CodeIgniter->run()
CRITICAL - 2023-05-22 08:36:38 --> syntax error, unexpected token "=>"
in APPPATH\Controllers\InvestigadoresController.php on line 52.
 1 SYSTEMPATH\Autoloader\Autoloader.php(289): CodeIgniter\Autoloader\Autoloader->includeFile('C:\\xampp\\htdocs\\ProyectoCI\\app\\Controllers\\InvestigadoresController.php')
 2 SYSTEMPATH\Autoloader\Autoloader.php(267): CodeIgniter\Autoloader\Autoloader->loadInNamespace('App\\Controllers\\InvestigadoresController')
 3 [internal function]: CodeIgniter\Autoloader\Autoloader->loadClass('App\\Controllers\\InvestigadoresController')
 4 SYSTEMPATH\CodeIgniter.php(892): class_exists('\\App\\Controllers\\InvestigadoresController', true)
 5 SYSTEMPATH\CodeIgniter.php(486): CodeIgniter\CodeIgniter->startController()
 6 SYSTEMPATH\CodeIgniter.php(368): CodeIgniter\CodeIgniter->handleRequest(null, Object(Config\Cache), false)
 7 FCPATH\index.php(68): CodeIgniter\CodeIgniter->run()
CRITICAL - 2023-05-22 08:36:39 --> syntax error, unexpected token "=>"
in APPPATH\Controllers\InvestigadoresController.php on line 52.
 1 SYSTEMPATH\Autoloader\Autoloader.php(289): CodeIgniter\Autoloader\Autoloader->includeFile('C:\\xampp\\htdocs\\ProyectoCI\\app\\Controllers\\InvestigadoresController.php')
 2 SYSTEMPATH\Autoloader\Autoloader.php(267): CodeIgniter\Autoloader\Autoloader->loadInNamespace('App\\Controllers\\InvestigadoresController')
 3 [internal function]: CodeIgniter\Autoloader\Autoloader->loadClass('App\\Controllers\\InvestigadoresController')
 4 SYSTEMPATH\CodeIgniter.php(892): class_exists('\\App\\Controllers\\InvestigadoresController', true)
 5 SYSTEMPATH\CodeIgniter.php(486): CodeIgniter\CodeIgniter->startController()
 6 SYSTEMPATH\CodeIgniter.php(368): CodeIgniter\CodeIgniter->handleRequest(null, Object(Config\Cache), false)
 7 FCPATH\index.php(68): CodeIgniter\CodeIgniter->run()
CRITICAL - 2023-05-22 08:36:39 --> syntax error, unexpected token "=>"
in APPPATH\Controllers\InvestigadoresController.php on line 52.
 1 SYSTEMPATH\Autoloader\Autoloader.php(289): CodeIgniter\Autoloader\Autoloader->includeFile('C:\\xampp\\htdocs\\ProyectoCI\\app\\Controllers\\InvestigadoresController.php')
 2 SYSTEMPATH\Autoloader\Autoloader.php(267): CodeIgniter\Autoloader\Autoloader->loadInNamespace('App\\Controllers\\InvestigadoresController')
 3 [internal function]: CodeIgniter\Autoloader\Autoloader->loadClass('App\\Controllers\\InvestigadoresController')
 4 SYSTEMPATH\CodeIgniter.php(892): class_exists('\\App\\Controllers\\InvestigadoresController', true)
 5 SYSTEMPATH\CodeIgniter.php(486): CodeIgniter\CodeIgniter->startController()
 6 SYSTEMPATH\CodeIgniter.php(368): CodeIgniter\CodeIgniter->handleRequest(null, Object(Config\Cache), false)
 7 FCPATH\index.php(68): CodeIgniter\CodeIgniter->run()
CRITICAL - 2023-05-22 08:36:39 --> syntax error, unexpected token "=>"
in APPPATH\Controllers\InvestigadoresController.php on line 52.
 1 SYSTEMPATH\Autoloader\Autoloader.php(289): CodeIgniter\Autoloader\Autoloader->includeFile('C:\\xampp\\htdocs\\ProyectoCI\\app\\Controllers\\InvestigadoresController.php')
 2 SYSTEMPATH\Autoloader\Autoloader.php(267): CodeIgniter\Autoloader\Autoloader->loadInNamespace('App\\Controllers\\InvestigadoresController')
 3 [internal function]: CodeIgniter\Autoloader\Autoloader->loadClass('App\\Controllers\\InvestigadoresController')
 4 SYSTEMPATH\CodeIgniter.php(892): class_exists('\\App\\Controllers\\InvestigadoresController', true)
 5 SYSTEMPATH\CodeIgniter.php(486): CodeIgniter\CodeIgniter->startController()
 6 SYSTEMPATH\CodeIgniter.php(368): CodeIgniter\CodeIgniter->handleRequest(null, Object(Config\Cache), false)
 7 FCPATH\index.php(68): CodeIgniter\CodeIgniter->run()
CRITICAL - 2023-05-22 08:36:52 --> syntax error, unexpected token "=>"
in APPPATH\Controllers\InvestigadoresController.php on line 52.
 1 SYSTEMPATH\Autoloader\Autoloader.php(289): CodeIgniter\Autoloader\Autoloader->includeFile('C:\\xampp\\htdocs\\ProyectoCI\\app\\Controllers\\InvestigadoresController.php')
 2 SYSTEMPATH\Autoloader\Autoloader.php(267): CodeIgniter\Autoloader\Autoloader->loadInNamespace('App\\Controllers\\InvestigadoresController')
 3 [internal function]: CodeIgniter\Autoloader\Autoloader->loadClass('App\\Controllers\\InvestigadoresController')
 4 SYSTEMPATH\CodeIgniter.php(892): class_exists('\\App\\Controllers\\InvestigadoresController', true)
 5 SYSTEMPATH\CodeIgniter.php(486): CodeIgniter\CodeIgniter->startController()
 6 SYSTEMPATH\CodeIgniter.php(368): CodeIgniter\CodeIgniter->handleRequest(null, Object(Config\Cache), false)
 7 FCPATH\index.php(68): CodeIgniter\CodeIgniter->run()
INFO - 2023-05-22 08:37:38 --> Session: Class initialized using 'CodeIgniter\Session\Handlers\FileHandler' driver.
INFO - 2023-05-22 08:37:42 --> Session: Class initialized using 'CodeIgniter\Session\Handlers\FileHandler' driver.
WARNING - 2023-05-22 08:37:42 --> [DEPRECATED] Creation of dynamic property App\Controllers\InvestigadoresController::$crud_facultades is deprecated in APPPATH\Controllers\InvestigadoresController.php on line 110.
 1 SYSTEMPATH\CodeIgniter.php(934): App\Controllers\InvestigadoresController->edit('23435343P')
 2 SYSTEMPATH\CodeIgniter.php(499): CodeIgniter\CodeIgniter->runController(Object(App\Controllers\InvestigadoresController))
 3 SYSTEMPATH\CodeIgniter.php(368): CodeIgniter\CodeIgniter->handleRequest(null, Object(Config\Cache), false)
 4 FCPATH\index.php(68): CodeIgniter\CodeIgniter->run()
INFO - 2023-05-22 08:37:52 --> Session: Class initialized using 'CodeIgniter\Session\Handlers\FileHandler' driver.
INFO - 2023-05-22 08:37:52 --> Session: Class initialized using 'CodeIgniter\Session\Handlers\FileHandler' driver.
INFO - 2023-05-22 08:38:11 --> Session: Class initialized using 'CodeIgniter\Session\Handlers\FileHandler' driver.
INFO - 2023-05-22 08:38:13 --> Session: Class initialized using 'CodeIgniter\Session\Handlers\FileHandler' driver.
WARNING - 2023-05-22 08:38:13 --> [DEPRECATED] Creation of dynamic property App\Controllers\InvestigadoresController::$crud_facultades is deprecated in APPPATH\Controllers\InvestigadoresController.php on line 110.
 1 SYSTEMPATH\CodeIgniter.php(934): App\Controllers\InvestigadoresController->edit('23435343P')
 2 SYSTEMPATH\CodeIgniter.php(499): CodeIgniter\CodeIgniter->runController(Object(App\Controllers\InvestigadoresController))
 3 SYSTEMPATH\CodeIgniter.php(368): CodeIgniter\CodeIgniter->handleRequest(null, Object(Config\Cache), false)
 4 FCPATH\index.php(68): CodeIgniter\CodeIgniter->run()
INFO - 2023-05-22 08:39:12 --> Session: Class initialized using 'CodeIgniter\Session\Handlers\FileHandler' driver.
INFO - 2023-05-22 08:39:14 --> Session: Class initialized using 'CodeIgniter\Session\Handlers\FileHandler' driver.
CRITICAL - 2023-05-22 08:39:14 --> Attempt to read property "NomFacultad" on array
in APPPATH\Views\edit_facultad.php on line 8.
 1 APPPATH\Views\edit_facultad.php(8): CodeIgniter\Debug\Exceptions->errorHandler(2, 'Attempt to read property "NomFacultad" on array', 'C:\\xampp\\htdocs\\ProyectoCI\\app\\Views\\edit_facultad.php', 8)
 2 SYSTEMPATH\View\View.php(213): include('C:\\xampp\\htdocs\\ProyectoCI\\app\\Views\\edit_facultad.php')
 3 SYSTEMPATH\View\View.php(216): CodeIgniter\View\View->CodeIgniter\View\{closure}()
 4 SYSTEMPATH\Common.php(1184): CodeIgniter\View\View->render('edit_facultad', [], true)
 5 APPPATH\Controllers\FacultadController.php(76): view('edit_facultad', [...])
 6 SYSTEMPATH\CodeIgniter.php(934): App\Controllers\FacultadController->edit('1')
 7 SYSTEMPATH\CodeIgniter.php(499): CodeIgniter\CodeIgniter->runController(Object(App\Controllers\FacultadController))
 8 SYSTEMPATH\CodeIgniter.php(368): CodeIgniter\CodeIgniter->handleRequest(null, Object(Config\Cache), false)
 9 FCPATH\index.php(68): CodeIgniter\CodeIgniter->run()
INFO - 2023-05-22 08:39:30 --> Session: Class initialized using 'CodeIgniter\Session\Handlers\FileHandler' driver.
CRITICAL - 2023-05-22 08:39:30 --> Attempt to read property "NomFacultad" on array
in APPPATH\Views\edit_facultad.php on line 9.
 1 APPPATH\Views\edit_facultad.php(9): CodeIgniter\Debug\Exceptions->errorHandler(2, 'Attempt to read property "NomFacultad" on array', 'C:\\xampp\\htdocs\\ProyectoCI\\app\\Views\\edit_facultad.php', 9)
 2 SYSTEMPATH\View\View.php(213): include('C:\\xampp\\htdocs\\ProyectoCI\\app\\Views\\edit_facultad.php')
 3 SYSTEMPATH\View\View.php(216): CodeIgniter\View\View->CodeIgniter\View\{closure}()
 4 SYSTEMPATH\Common.php(1184): CodeIgniter\View\View->render('edit_facultad', [], true)
 5 APPPATH\Controllers\FacultadController.php(76): view('edit_facultad', [...])
 6 SYSTEMPATH\CodeIgniter.php(934): App\Controllers\FacultadController->edit('1')
 7 SYSTEMPATH\CodeIgniter.php(499): CodeIgniter\CodeIgniter->runController(Object(App\Controllers\FacultadController))
 8 SYSTEMPATH\CodeIgniter.php(368): CodeIgniter\CodeIgniter->handleRequest(null, Object(Config\Cache), false)
 9 FCPATH\index.php(68): CodeIgniter\CodeIgniter->run()
INFO - 2023-05-22 08:40:54 --> Session: Class initialized using 'CodeIgniter\Session\Handlers\FileHandler' driver.
INFO - 2023-05-22 08:40:58 --> Session: Class initialized using 'CodeIgniter\Session\Handlers\FileHandler' driver.
CRITICAL - 2023-05-22 08:40:58 --> Attempt to read property "NomFacultad" on array
in APPPATH\Views\edit_facultad.php on line 9.
 1 APPPATH\Views\edit_facultad.php(9): CodeIgniter\Debug\Exceptions->errorHandler(2, 'Attempt to read property "NomFacultad" on array', 'C:\\xampp\\htdocs\\ProyectoCI\\app\\Views\\edit_facultad.php', 9)
 2 SYSTEMPATH\View\View.php(213): include('C:\\xampp\\htdocs\\ProyectoCI\\app\\Views\\edit_facultad.php')
 3 SYSTEMPATH\View\View.php(216): CodeIgniter\View\View->CodeIgniter\View\{closure}()
 4 SYSTEMPATH\Common.php(1184): CodeIgniter\View\View->render('edit_facultad', [], true)
 5 APPPATH\Controllers\FacultadController.php(76): view('edit_facultad', [...])
 6 SYSTEMPATH\CodeIgniter.php(934): App\Controllers\FacultadController->edit('1')
 7 SYSTEMPATH\CodeIgniter.php(499): CodeIgniter\CodeIgniter->runController(Object(App\Controllers\FacultadController))
 8 SYSTEMPATH\CodeIgniter.php(368): CodeIgniter\CodeIgniter->handleRequest(null, Object(Config\Cache), false)
 9 FCPATH\index.php(68): CodeIgniter\CodeIgniter->run()
INFO - 2023-05-22 08:42:13 --> Session: Class initialized using 'CodeIgniter\Session\Handlers\FileHandler' driver.
INFO - 2023-05-22 08:42:33 --> Session: Class initialized using 'CodeIgniter\Session\Handlers\FileHandler' driver.
INFO - 2023-05-22 08:42:50 --> Session: Class initialized using 'CodeIgniter\Session\Handlers\FileHandler' driver.
CRITICAL - 2023-05-22 08:42:50 --> Attempt to read property "NomFacultad" on array
in APPPATH\Views\edit_facultad.php on line 9.
 1 APPPATH\Views\edit_facultad.php(9): CodeIgniter\Debug\Exceptions->errorHandler(2, 'Attempt to read property "NomFacultad" on array', 'C:\\xampp\\htdocs\\ProyectoCI\\app\\Views\\edit_facultad.php', 9)
 2 SYSTEMPATH\View\View.php(213): include('C:\\xampp\\htdocs\\ProyectoCI\\app\\Views\\edit_facultad.php')
 3 SYSTEMPATH\View\View.php(216): CodeIgniter\View\View->CodeIgniter\View\{closure}()
 4 SYSTEMPATH\Common.php(1184): CodeIgniter\View\View->render('edit_facultad', [], true)
 5 APPPATH\Controllers\FacultadController.php(77): view('edit_facultad', [...])
 6 SYSTEMPATH\CodeIgniter.php(934): App\Controllers\FacultadController->edit('1')
 7 SYSTEMPATH\CodeIgniter.php(499): CodeIgniter\CodeIgniter->runController(Object(App\Controllers\FacultadController))
 8 SYSTEMPATH\CodeIgniter.php(368): CodeIgniter\CodeIgniter->handleRequest(null, Object(Config\Cache), false)
 9 FCPATH\index.php(68): CodeIgniter\CodeIgniter->run()
INFO - 2023-05-22 08:45:31 --> Session: Class initialized using 'CodeIgniter\Session\Handlers\FileHandler' driver.
CRITICAL - 2023-05-22 08:45:31 --> Attempt to read property "NomFacultad" on array
in APPPATH\Views\edit_facultad.php on line 12.
 1 APPPATH\Views\edit_facultad.php(12): CodeIgniter\Debug\Exceptions->errorHandler(2, 'Attempt to read property "NomFacultad" on array', 'C:\\xampp\\htdocs\\ProyectoCI\\app\\Views\\edit_facultad.php', 12)
 2 SYSTEMPATH\View\View.php(213): include('C:\\xampp\\htdocs\\ProyectoCI\\app\\Views\\edit_facultad.php')
 3 SYSTEMPATH\View\View.php(216): CodeIgniter\View\View->CodeIgniter\View\{closure}()
 4 SYSTEMPATH\Common.php(1184): CodeIgniter\View\View->render('edit_facultad', [], true)
 5 APPPATH\Controllers\FacultadController.php(77): view('edit_facultad', [...])
 6 SYSTEMPATH\CodeIgniter.php(934): App\Controllers\FacultadController->edit('1')
 7 SYSTEMPATH\CodeIgniter.php(499): CodeIgniter\CodeIgniter->runController(Object(App\Controllers\FacultadController))
 8 SYSTEMPATH\CodeIgniter.php(368): CodeIgniter\CodeIgniter->handleRequest(null, Object(Config\Cache), false)
 9 FCPATH\index.php(68): CodeIgniter\CodeIgniter->run()
INFO - 2023-05-22 08:46:19 --> Session: Class initialized using 'CodeIgniter\Session\Handlers\FileHandler' driver.
CRITICAL - 2023-05-22 08:46:19 --> Attempt to read property "NomFacultad" on array
in APPPATH\Views\edit_facultad.php on line 13.
 1 APPPATH\Views\edit_facultad.php(13): CodeIgniter\Debug\Exceptions->errorHandler(2, 'Attempt to read property "NomFacultad" on array', 'C:\\xampp\\htdocs\\ProyectoCI\\app\\Views\\edit_facultad.php', 13)
 2 SYSTEMPATH\View\View.php(213): include('C:\\xampp\\htdocs\\ProyectoCI\\app\\Views\\edit_facultad.php')
 3 SYSTEMPATH\View\View.php(216): CodeIgniter\View\View->CodeIgniter\View\{closure}()
 4 SYSTEMPATH\Common.php(1184): CodeIgniter\View\View->render('edit_facultad', [], true)
 5 APPPATH\Controllers\FacultadController.php(77): view('edit_facultad', [...])
 6 SYSTEMPATH\CodeIgniter.php(934): App\Controllers\FacultadController->edit('1')
 7 SYSTEMPATH\CodeIgniter.php(499): CodeIgniter\CodeIgniter->runController(Object(App\Controllers\FacultadController))
 8 SYSTEMPATH\CodeIgniter.php(368): CodeIgniter\CodeIgniter->handleRequest(null, Object(Config\Cache), false)
 9 FCPATH\index.php(68): CodeIgniter\CodeIgniter->run()
INFO - 2023-05-22 08:47:25 --> Session: Class initialized using 'CodeIgniter\Session\Handlers\FileHandler' driver.
CRITICAL - 2023-05-22 08:47:25 --> Attempt to read property "NomFacultad" on array
in APPPATH\Views\edit_facultad.php on line 13.
 1 APPPATH\Views\edit_facultad.php(13): CodeIgniter\Debug\Exceptions->errorHandler(2, 'Attempt to read property "NomFacultad" on array', 'C:\\xampp\\htdocs\\ProyectoCI\\app\\Views\\edit_facultad.php', 13)
 2 SYSTEMPATH\View\View.php(213): include('C:\\xampp\\htdocs\\ProyectoCI\\app\\Views\\edit_facultad.php')
 3 SYSTEMPATH\View\View.php(216): CodeIgniter\View\View->CodeIgniter\View\{closure}()
 4 SYSTEMPATH\Common.php(1184): CodeIgniter\View\View->render('edit_facultad', [], true)
 5 APPPATH\Controllers\FacultadController.php(77): view('edit_facultad', [...])
 6 SYSTEMPATH\CodeIgniter.php(934): App\Controllers\FacultadController->edit('1')
 7 SYSTEMPATH\CodeIgniter.php(499): CodeIgniter\CodeIgniter->runController(Object(App\Controllers\FacultadController))
 8 SYSTEMPATH\CodeIgniter.php(368): CodeIgniter\CodeIgniter->handleRequest(null, Object(Config\Cache), false)
 9 FCPATH\index.php(68): CodeIgniter\CodeIgniter->run()
INFO - 2023-05-22 08:47:56 --> Session: Class initialized using 'CodeIgniter\Session\Handlers\FileHandler' driver.
INFO - 2023-05-22 08:49:00 --> Session: Class initialized using 'CodeIgniter\Session\Handlers\FileHandler' driver.
INFO - 2023-05-22 08:49:12 --> Session: Class initialized using 'CodeIgniter\Session\Handlers\FileHandler' driver.
INFO - 2023-05-22 08:52:02 --> Session: Class initialized using 'CodeIgniter\Session\Handlers\FileHandler' driver.
CRITICAL - 2023-05-22 08:52:02 --> Undefined variable $invest
in APPPATH\Views\edit_facultad.php on line 12.
 1 APPPATH\Views\edit_facultad.php(12): CodeIgniter\Debug\Exceptions->errorHandler(2, 'Undefined variable $invest', 'C:\\xampp\\htdocs\\ProyectoCI\\app\\Views\\edit_facultad.php', 12)
 2 SYSTEMPATH\View\View.php(213): include('C:\\xampp\\htdocs\\ProyectoCI\\app\\Views\\edit_facultad.php')
 3 SYSTEMPATH\View\View.php(216): CodeIgniter\View\View->CodeIgniter\View\{closure}()
 4 SYSTEMPATH\Common.php(1184): CodeIgniter\View\View->render('edit_facultad', [], true)
 5 APPPATH\Controllers\FacultadController.php(78): view('edit_facultad', [...])
 6 SYSTEMPATH\CodeIgniter.php(934): App\Controllers\FacultadController->edit('1')
 7 SYSTEMPATH\CodeIgniter.php(499): CodeIgniter\CodeIgniter->runController(Object(App\Controllers\FacultadController))
 8 SYSTEMPATH\CodeIgniter.php(368): CodeIgniter\CodeIgniter->handleRequest(null, Object(Config\Cache), false)
 9 FCPATH\index.php(68): CodeIgniter\CodeIgniter->run()
INFO - 2023-05-22 08:52:21 --> Session: Class initialized using 'CodeIgniter\Session\Handlers\FileHandler' driver.
INFO - 2023-05-22 08:52:31 --> Session: Class initialized using 'CodeIgniter\Session\Handlers\FileHandler' driver.
INFO - 2023-05-22 09:08:15 --> Session: Class initialized using 'CodeIgniter\Session\Handlers\FileHandler' driver.
INFO - 2023-05-22 09:08:25 --> Session: Class initialized using 'CodeIgniter\Session\Handlers\FileHandler' driver.
INFO - 2023-05-22 09:08:30 --> Session: Class initialized using 'CodeIgniter\Session\Handlers\FileHandler' driver.
INFO - 2023-05-22 09:08:37 --> Session: Class initialized using 'CodeIgniter\Session\Handlers\FileHandler' driver.
CRITICAL - 2023-05-22 09:08:37 --> Undefined property: App\Controllers\FacultadController::$crud_invest
in APPPATH\Controllers\FacultadController.php on line 54.
 1 APPPATH\Controllers\FacultadController.php(54): CodeIgniter\Debug\Exceptions->errorHandler(2, 'Undefined property: App\\Controllers\\FacultadController::$crud_invest', 'C:\\xampp\\htdocs\\ProyectoCI\\app\\Controllers\\FacultadController.php', 54)
 2 SYSTEMPATH\CodeIgniter.php(934): App\Controllers\FacultadController->upt()
 3 SYSTEMPATH\CodeIgniter.php(499): CodeIgniter\CodeIgniter->runController(Object(App\Controllers\FacultadController))
 4 SYSTEMPATH\CodeIgniter.php(368): CodeIgniter\CodeIgniter->handleRequest(null, Object(Config\Cache), false)
 5 FCPATH\index.php(68): CodeIgniter\CodeIgniter->run()
INFO - 2023-05-22 09:09:05 --> Session: Class initialized using 'CodeIgniter\Session\Handlers\FileHandler' driver.
CRITICAL - 2023-05-22 09:09:05 --> There is no data to update.
in SYSTEMPATH\BaseModel.php on line 924.
 1 SYSTEMPATH\BaseModel.php(924): CodeIgniter\Database\Exceptions\DataException::forEmptyDataset('update')
 2 SYSTEMPATH\Model.php(756): CodeIgniter\BaseModel->update(null, [])
 3 APPPATH\Controllers\FacultadController.php(54): CodeIgniter\Model->update()
 4 SYSTEMPATH\CodeIgniter.php(934): App\Controllers\FacultadController->upt()
 5 SYSTEMPATH\CodeIgniter.php(499): CodeIgniter\CodeIgniter->runController(Object(App\Controllers\FacultadController))
 6 SYSTEMPATH\CodeIgniter.php(368): CodeIgniter\CodeIgniter->handleRequest(null, Object(Config\Cache), false)
 7 FCPATH\index.php(68): CodeIgniter\CodeIgniter->run()
INFO - 2023-05-22 09:09:37 --> Session: Class initialized using 'CodeIgniter\Session\Handlers\FileHandler' driver.
INFO - 2023-05-22 09:09:39 --> Session: Class initialized using 'CodeIgniter\Session\Handlers\FileHandler' driver.
CRITICAL - 2023-05-22 09:09:39 --> There is no data to update.
in SYSTEMPATH\BaseModel.php on line 924.
 1 SYSTEMPATH\BaseModel.php(924): CodeIgniter\Database\Exceptions\DataException::forEmptyDataset('update')
 2 SYSTEMPATH\Model.php(756): CodeIgniter\BaseModel->update(null, [])
 3 APPPATH\Controllers\FacultadController.php(54): CodeIgniter\Model->update()
 4 SYSTEMPATH\CodeIgniter.php(934): App\Controllers\FacultadController->upt()
 5 SYSTEMPATH\CodeIgniter.php(499): CodeIgniter\CodeIgniter->runController(Object(App\Controllers\FacultadController))
 6 SYSTEMPATH\CodeIgniter.php(368): CodeIgniter\CodeIgniter->handleRequest(null, Object(Config\Cache), false)
 7 FCPATH\index.php(68): CodeIgniter\CodeIgniter->run()
INFO - 2023-05-22 09:10:16 --> Session: Class initialized using 'CodeIgniter\Session\Handlers\FileHandler' driver.
CRITICAL - 2023-05-22 09:10:16 --> There is no data to update.
in SYSTEMPATH\BaseModel.php on line 924.
 1 SYSTEMPATH\BaseModel.php(924): CodeIgniter\Database\Exceptions\DataException::forEmptyDataset('update')
 2 SYSTEMPATH\Model.php(756): CodeIgniter\BaseModel->update(null, [])
 3 APPPATH\Controllers\FacultadController.php(54): CodeIgniter\Model->update()
 4 SYSTEMPATH\CodeIgniter.php(934): App\Controllers\FacultadController->upt()
 5 SYSTEMPATH\CodeIgniter.php(499): CodeIgniter\CodeIgniter->runController(Object(App\Controllers\FacultadController))
 6 SYSTEMPATH\CodeIgniter.php(368): CodeIgniter\CodeIgniter->handleRequest(null, Object(Config\Cache), false)
 7 FCPATH\index.php(68): CodeIgniter\CodeIgniter->run()
INFO - 2023-05-22 09:13:38 --> Session: Class initialized using 'CodeIgniter\Session\Handlers\FileHandler' driver.
INFO - 2023-05-22 09:14:14 --> Session: Class initialized using 'CodeIgniter\Session\Handlers\FileHandler' driver.
INFO - 2023-05-22 09:14:14 --> Session: Class initialized using 'CodeIgniter\Session\Handlers\FileHandler' driver.
INFO - 2023-05-22 09:24:45 --> Session: Class initialized using 'CodeIgniter\Session\Handlers\FileHandler' driver.
INFO - 2023-05-22 09:24:47 --> Session: Class initialized using 'CodeIgniter\Session\Handlers\FileHandler' driver.
INFO - 2023-05-22 09:24:50 --> Session: Class initialized using 'CodeIgniter\Session\Handlers\FileHandler' driver.
CRITICAL - 2023-05-22 09:24:50 --> Undefined property: App\Controllers\EquiposController::$crud_facu
in APPPATH\Controllers\EquiposController.php on line 79.
 1 APPPATH\Controllers\EquiposController.php(79): CodeIgniter\Debug\Exceptions->errorHandler(2, 'Undefined property: App\\Controllers\\EquiposController::$crud_facu', 'C:\\xampp\\htdocs\\ProyectoCI\\app\\Controllers\\EquiposController.php', 79)
 2 SYSTEMPATH\CodeIgniter.php(934): App\Controllers\EquiposController->edit('C342')
 3 SYSTEMPATH\CodeIgniter.php(499): CodeIgniter\CodeIgniter->runController(Object(App\Controllers\EquiposController))
 4 SYSTEMPATH\CodeIgniter.php(368): CodeIgniter\CodeIgniter->handleRequest(null, Object(Config\Cache), false)
 5 FCPATH\index.php(68): CodeIgniter\CodeIgniter->run()
INFO - 2023-05-22 09:28:41 --> Session: Class initialized using 'CodeIgniter\Session\Handlers\FileHandler' driver.
WARNING - 2023-05-22 09:28:41 --> [DEPRECATED] Creation of dynamic property App\Controllers\EquiposController::$crud_facu is deprecated in APPPATH\Controllers\EquiposController.php on line 79.
 1 SYSTEMPATH\CodeIgniter.php(934): App\Controllers\EquiposController->edit('C342')
 2 SYSTEMPATH\CodeIgniter.php(499): CodeIgniter\CodeIgniter->runController(Object(App\Controllers\EquiposController))
 3 SYSTEMPATH\CodeIgniter.php(368): CodeIgniter\CodeIgniter->handleRequest(null, Object(Config\Cache), false)
 4 FCPATH\index.php(68): CodeIgniter\CodeIgniter->run()
CRITICAL - 2023-05-22 09:28:42 --> Invalid file: "edit_equipo.php"
in SYSTEMPATH\Exceptions\FrameworkException.php on line 33.
 1 SYSTEMPATH\View\View.php(201): CodeIgniter\Exceptions\FrameworkException::forInvalidFile('edit_equipo.php')
 2 SYSTEMPATH\Common.php(1184): CodeIgniter\View\View->render('edit_equipo', [], true)
 3 APPPATH\Controllers\EquiposController.php(83): view('edit_equipo', [...])
 4 SYSTEMPATH\CodeIgniter.php(934): App\Controllers\EquiposController->edit('C342')
 5 SYSTEMPATH\CodeIgniter.php(499): CodeIgniter\CodeIgniter->runController(Object(App\Controllers\EquiposController))
 6 SYSTEMPATH\CodeIgniter.php(368): CodeIgniter\CodeIgniter->handleRequest(null, Object(Config\Cache), false)
 7 FCPATH\index.php(68): CodeIgniter\CodeIgniter->run()
INFO - 2023-05-22 09:30:25 --> Session: Class initialized using 'CodeIgniter\Session\Handlers\FileHandler' driver.
WARNING - 2023-05-22 09:30:25 --> [DEPRECATED] Creation of dynamic property App\Controllers\EquiposController::$crud_facu is deprecated in APPPATH\Controllers\EquiposController.php on line 79.
 1 SYSTEMPATH\CodeIgniter.php(934): App\Controllers\EquiposController->edit('C342')
 2 SYSTEMPATH\CodeIgniter.php(499): CodeIgniter\CodeIgniter->runController(Object(App\Controllers\EquiposController))
 3 SYSTEMPATH\CodeIgniter.php(368): CodeIgniter\CodeIgniter->handleRequest(null, Object(Config\Cache), false)
 4 FCPATH\index.php(68): CodeIgniter\CodeIgniter->run()
CRITICAL - 2023-05-22 09:30:25 --> Undefined variable $invest
in APPPATH\Views\edit_equipos.php on line 26.
 1 APPPATH\Views\edit_equipos.php(26): CodeIgniter\Debug\Exceptions->errorHandler(2, 'Undefined variable $invest', 'C:\\xampp\\htdocs\\ProyectoCI\\app\\Views\\edit_equipos.php', 26)
 2 SYSTEMPATH\View\View.php(213): include('C:\\xampp\\htdocs\\ProyectoCI\\app\\Views\\edit_equipos.php')
 3 SYSTEMPATH\View\View.php(216): CodeIgniter\View\View->CodeIgniter\View\{closure}()
 4 SYSTEMPATH\Common.php(1184): CodeIgniter\View\View->render('edit_equipos', [], true)
 5 APPPATH\Controllers\EquiposController.php(83): view('edit_equipos', [...])
 6 SYSTEMPATH\CodeIgniter.php(934): App\Controllers\EquiposController->edit('C342')
 7 SYSTEMPATH\CodeIgniter.php(499): CodeIgniter\CodeIgniter->runController(Object(App\Controllers\EquiposController))
 8 SYSTEMPATH\CodeIgniter.php(368): CodeIgniter\CodeIgniter->handleRequest(null, Object(Config\Cache), false)
 9 FCPATH\index.php(68): CodeIgniter\CodeIgniter->run()
INFO - 2023-05-22 09:30:52 --> Session: Class initialized using 'CodeIgniter\Session\Handlers\FileHandler' driver.
WARNING - 2023-05-22 09:30:52 --> [DEPRECATED] Creation of dynamic property App\Controllers\EquiposController::$crud_facu is deprecated in APPPATH\Controllers\EquiposController.php on line 79.
 1 SYSTEMPATH\CodeIgniter.php(934): App\Controllers\EquiposController->edit('C342')
 2 SYSTEMPATH\CodeIgniter.php(499): CodeIgniter\CodeIgniter->runController(Object(App\Controllers\EquiposController))
 3 SYSTEMPATH\CodeIgniter.php(368): CodeIgniter\CodeIgniter->handleRequest(null, Object(Config\Cache), false)
 4 FCPATH\index.php(68): CodeIgniter\CodeIgniter->run()
CRITICAL - 2023-05-22 09:30:52 --> Undefined array key "IdFacultad"
in APPPATH\Views\edit_equipos.php on line 26.
 1 APPPATH\Views\edit_equipos.php(26): CodeIgniter\Debug\Exceptions->errorHandler(2, 'Undefined array key "IdFacultad"', 'C:\\xampp\\htdocs\\ProyectoCI\\app\\Views\\edit_equipos.php', 26)
 2 SYSTEMPATH\View\View.php(213): include('C:\\xampp\\htdocs\\ProyectoCI\\app\\Views\\edit_equipos.php')
 3 SYSTEMPATH\View\View.php(216): CodeIgniter\View\View->CodeIgniter\View\{closure}()
 4 SYSTEMPATH\Common.php(1184): CodeIgniter\View\View->render('edit_equipos', [], true)
 5 APPPATH\Controllers\EquiposController.php(83): view('edit_equipos', [...])
 6 SYSTEMPATH\CodeIgniter.php(934): App\Controllers\EquiposController->edit('C342')
 7 SYSTEMPATH\CodeIgniter.php(499): CodeIgniter\CodeIgniter->runController(Object(App\Controllers\EquiposController))
 8 SYSTEMPATH\CodeIgniter.php(368): CodeIgniter\CodeIgniter->handleRequest(null, Object(Config\Cache), false)
 9 FCPATH\index.php(68): CodeIgniter\CodeIgniter->run()
INFO - 2023-05-22 09:31:35 --> Session: Class initialized using 'CodeIgniter\Session\Handlers\FileHandler' driver.
WARNING - 2023-05-22 09:31:35 --> [DEPRECATED] Creation of dynamic property App\Controllers\EquiposController::$crud_facu is deprecated in APPPATH\Controllers\EquiposController.php on line 79.
 1 SYSTEMPATH\CodeIgniter.php(934): App\Controllers\EquiposController->edit('C342')
 2 SYSTEMPATH\CodeIgniter.php(499): CodeIgniter\CodeIgniter->runController(Object(App\Controllers\EquiposController))
 3 SYSTEMPATH\CodeIgniter.php(368): CodeIgniter\CodeIgniter->handleRequest(null, Object(Config\Cache), false)
 4 FCPATH\index.php(68): CodeIgniter\CodeIgniter->run()
INFO - 2023-05-22 09:32:38 --> Session: Class initialized using 'CodeIgniter\Session\Handlers\FileHandler' driver.
WARNING - 2023-05-22 09:32:38 --> [DEPRECATED] Creation of dynamic property App\Controllers\EquiposController::$crud_facu is deprecated in APPPATH\Controllers\EquiposController.php on line 79.
 1 SYSTEMPATH\CodeIgniter.php(934): App\Controllers\EquiposController->edit('C342')
 2 SYSTEMPATH\CodeIgniter.php(499): CodeIgniter\CodeIgniter->runController(Object(App\Controllers\EquiposController))
 3 SYSTEMPATH\CodeIgniter.php(368): CodeIgniter\CodeIgniter->handleRequest(null, Object(Config\Cache), false)
 4 FCPATH\index.php(68): CodeIgniter\CodeIgniter->run()
CRITICAL - 2023-05-22 09:32:38 --> Undefined array key "descripcion"
in APPPATH\Views\edit_equipos.php on line 15.
 1 APPPATH\Views\edit_equipos.php(15): CodeIgniter\Debug\Exceptions->errorHandler(2, 'Undefined array key "descripcion"', 'C:\\xampp\\htdocs\\ProyectoCI\\app\\Views\\edit_equipos.php', 15)
 2 SYSTEMPATH\View\View.php(213): include('C:\\xampp\\htdocs\\ProyectoCI\\app\\Views\\edit_equipos.php')
 3 SYSTEMPATH\View\View.php(216): CodeIgniter\View\View->CodeIgniter\View\{closure}()
 4 SYSTEMPATH\Common.php(1184): CodeIgniter\View\View->render('edit_equipos', [], true)
 5 APPPATH\Controllers\EquiposController.php(83): view('edit_equipos', [...])
 6 SYSTEMPATH\CodeIgniter.php(934): App\Controllers\EquiposController->edit('C342')
 7 SYSTEMPATH\CodeIgniter.php(499): CodeIgniter\CodeIgniter->runController(Object(App\Controllers\EquiposController))
 8 SYSTEMPATH\CodeIgniter.php(368): CodeIgniter\CodeIgniter->handleRequest(null, Object(Config\Cache), false)
 9 FCPATH\index.php(68): CodeIgniter\CodeIgniter->run()
INFO - 2023-05-22 09:32:47 --> Session: Class initialized using 'CodeIgniter\Session\Handlers\FileHandler' driver.
WARNING - 2023-05-22 09:32:47 --> [DEPRECATED] Creation of dynamic property App\Controllers\EquiposController::$crud_facu is deprecated in APPPATH\Controllers\EquiposController.php on line 79.
 1 SYSTEMPATH\CodeIgniter.php(934): App\Controllers\EquiposController->edit('C342')
 2 SYSTEMPATH\CodeIgniter.php(499): CodeIgniter\CodeIgniter->runController(Object(App\Controllers\EquiposController))
 3 SYSTEMPATH\CodeIgniter.php(368): CodeIgniter\CodeIgniter->handleRequest(null, Object(Config\Cache), false)
 4 FCPATH\index.php(68): CodeIgniter\CodeIgniter->run()
INFO - 2023-05-22 09:38:04 --> Session: Class initialized using 'CodeIgniter\Session\Handlers\FileHandler' driver.
WARNING - 2023-05-22 09:38:04 --> [DEPRECATED] Creation of dynamic property App\Controllers\EquiposController::$crud_facu is deprecated in APPPATH\Controllers\EquiposController.php on line 79.
 1 SYSTEMPATH\CodeIgniter.php(934): App\Controllers\EquiposController->edit('C342')
 2 SYSTEMPATH\CodeIgniter.php(499): CodeIgniter\CodeIgniter->runController(Object(App\Controllers\EquiposController))
 3 SYSTEMPATH\CodeIgniter.php(368): CodeIgniter\CodeIgniter->handleRequest(null, Object(Config\Cache), false)
 4 FCPATH\index.php(68): CodeIgniter\CodeIgniter->run()
INFO - 2023-05-22 09:38:14 --> Session: Class initialized using 'CodeIgniter\Session\Handlers\FileHandler' driver.
CRITICAL - 2023-05-22 09:38:14 --> Undefined property: App\Controllers\EquiposController::$crud_invest
in APPPATH\Controllers\EquiposController.php on line 98.
 1 APPPATH\Controllers\EquiposController.php(98): CodeIgniter\Debug\Exceptions->errorHandler(2, 'Undefined property: App\\Controllers\\EquiposController::$crud_invest', 'C:\\xampp\\htdocs\\ProyectoCI\\app\\Controllers\\EquiposController.php', 98)
 2 SYSTEMPATH\CodeIgniter.php(934): App\Controllers\EquiposController->upt()
 3 SYSTEMPATH\CodeIgniter.php(499): CodeIgniter\CodeIgniter->runController(Object(App\Controllers\EquiposController))
 4 SYSTEMPATH\CodeIgniter.php(368): CodeIgniter\CodeIgniter->handleRequest(null, Object(Config\Cache), false)
 5 FCPATH\index.php(68): CodeIgniter\CodeIgniter->run()
INFO - 2023-05-22 09:38:23 --> Session: Class initialized using 'CodeIgniter\Session\Handlers\FileHandler' driver.
INFO - 2023-05-22 09:38:23 --> Session: Class initialized using 'CodeIgniter\Session\Handlers\FileHandler' driver.
INFO - 2023-05-22 10:11:17 --> Session: Class initialized using 'CodeIgniter\Session\Handlers\FileHandler' driver.
INFO - 2023-05-22 10:11:18 --> Session: Class initialized using 'CodeIgniter\Session\Handlers\FileHandler' driver.
INFO - 2023-05-22 10:11:26 --> Session: Class initialized using 'CodeIgniter\Session\Handlers\FileHandler' driver.
INFO - 2023-05-22 10:11:28 --> Session: Class initialized using 'CodeIgniter\Session\Handlers\FileHandler' driver.
INFO - 2023-05-22 10:11:31 --> Session: Class initialized using 'CodeIgniter\Session\Handlers\FileHandler' driver.
INFO - 2023-05-22 10:11:34 --> Session: Class initialized using 'CodeIgniter\Session\Handlers\FileHandler' driver.
WARNING - 2023-05-22 10:11:34 --> [DEPRECATED] Creation of dynamic property App\Controllers\ReservasController::$crud_inves is deprecated in APPPATH\Controllers\ReservasController.php on line 42.
 1 SYSTEMPATH\CodeIgniter.php(934): App\Controllers\ReservasController->add()
 2 SYSTEMPATH\CodeIgniter.php(499): CodeIgniter\CodeIgniter->runController(Object(App\Controllers\ReservasController))
 3 SYSTEMPATH\CodeIgniter.php(368): CodeIgniter\CodeIgniter->handleRequest(null, Object(Config\Cache), false)
 4 FCPATH\index.php(68): CodeIgniter\CodeIgniter->run()
CRITICAL - 2023-05-22 10:11:34 --> Undefined property: App\Controllers\ReservasController::$crud_invest
in APPPATH\Controllers\ReservasController.php on line 43.
 1 APPPATH\Controllers\ReservasController.php(43): CodeIgniter\Debug\Exceptions->errorHandler(2, 'Undefined property: App\\Controllers\\ReservasController::$crud_invest', 'C:\\xampp\\htdocs\\ProyectoCI\\app\\Controllers\\ReservasController.php', 43)
 2 SYSTEMPATH\CodeIgniter.php(934): App\Controllers\ReservasController->add()
 3 SYSTEMPATH\CodeIgniter.php(499): CodeIgniter\CodeIgniter->runController(Object(App\Controllers\ReservasController))
 4 SYSTEMPATH\CodeIgniter.php(368): CodeIgniter\CodeIgniter->handleRequest(null, Object(Config\Cache), false)
 5 FCPATH\index.php(68): CodeIgniter\CodeIgniter->run()
INFO - 2023-05-22 10:11:48 --> Session: Class initialized using 'CodeIgniter\Session\Handlers\FileHandler' driver.
WARNING - 2023-05-22 10:11:48 --> [DEPRECATED] Creation of dynamic property App\Controllers\ReservasController::$crud_invest is deprecated in APPPATH\Controllers\ReservasController.php on line 42.
 1 SYSTEMPATH\CodeIgniter.php(934): App\Controllers\ReservasController->add()
 2 SYSTEMPATH\CodeIgniter.php(499): CodeIgniter\CodeIgniter->runController(Object(App\Controllers\ReservasController))
 3 SYSTEMPATH\CodeIgniter.php(368): CodeIgniter\CodeIgniter->handleRequest(null, Object(Config\Cache), false)
 4 FCPATH\index.php(68): CodeIgniter\CodeIgniter->run()
WARNING - 2023-05-22 10:11:48 --> [DEPRECATED] Creation of dynamic property App\Controllers\ReservasController::$crud_eq is deprecated in APPPATH\Controllers\ReservasController.php on line 44.
 1 SYSTEMPATH\CodeIgniter.php(934): App\Controllers\ReservasController->add()
 2 SYSTEMPATH\CodeIgniter.php(499): CodeIgniter\CodeIgniter->runController(Object(App\Controllers\ReservasController))
 3 SYSTEMPATH\CodeIgniter.php(368): CodeIgniter\CodeIgniter->handleRequest(null, Object(Config\Cache), false)
 4 FCPATH\index.php(68): CodeIgniter\CodeIgniter->run()
INFO - 2023-05-22 10:12:12 --> Session: Class initialized using 'CodeIgniter\Session\Handlers\FileHandler' driver.
WARNING - 2023-05-22 10:12:12 --> [DEPRECATED] Creation of dynamic property App\Controllers\ReservasController::$crud_invest is deprecated in APPPATH\Controllers\ReservasController.php on line 42.
 1 SYSTEMPATH\CodeIgniter.php(934): App\Controllers\ReservasController->add()
 2 SYSTEMPATH\CodeIgniter.php(499): CodeIgniter\CodeIgniter->runController(Object(App\Controllers\ReservasController))
 3 SYSTEMPATH\CodeIgniter.php(368): CodeIgniter\CodeIgniter->handleRequest(null, Object(Config\Cache), false)
 4 FCPATH\index.php(68): CodeIgniter\CodeIgniter->run()
WARNING - 2023-05-22 10:12:12 --> [DEPRECATED] Creation of dynamic property App\Controllers\ReservasController::$crud_eq is deprecated in APPPATH\Controllers\ReservasController.php on line 44.
 1 SYSTEMPATH\CodeIgniter.php(934): App\Controllers\ReservasController->add()
 2 SYSTEMPATH\CodeIgniter.php(499): CodeIgniter\CodeIgniter->runController(Object(App\Controllers\ReservasController))
 3 SYSTEMPATH\CodeIgniter.php(368): CodeIgniter\CodeIgniter->handleRequest(null, Object(Config\Cache), false)
 4 FCPATH\index.php(68): CodeIgniter\CodeIgniter->run()
INFO - 2023-05-22 10:21:37 --> Session: Class initialized using 'CodeIgniter\Session\Handlers\FileHandler' driver.
WARNING - 2023-05-22 10:21:37 --> [DEPRECATED] Creation of dynamic property App\Controllers\ReservasController::$crud_invest is deprecated in APPPATH\Controllers\ReservasController.php on line 42.
 1 SYSTEMPATH\CodeIgniter.php(934): App\Controllers\ReservasController->add()
 2 SYSTEMPATH\CodeIgniter.php(499): CodeIgniter\CodeIgniter->runController(Object(App\Controllers\ReservasController))
 3 SYSTEMPATH\CodeIgniter.php(368): CodeIgniter\CodeIgniter->handleRequest(null, Object(Config\Cache), false)
 4 FCPATH\index.php(68): CodeIgniter\CodeIgniter->run()
WARNING - 2023-05-22 10:21:37 --> [DEPRECATED] Creation of dynamic property App\Controllers\ReservasController::$crud_eq is deprecated in APPPATH\Controllers\ReservasController.php on line 44.
 1 SYSTEMPATH\CodeIgniter.php(934): App\Controllers\ReservasController->add()
 2 SYSTEMPATH\CodeIgniter.php(499): CodeIgniter\CodeIgniter->runController(Object(App\Controllers\ReservasController))
 3 SYSTEMPATH\CodeIgniter.php(368): CodeIgniter\CodeIgniter->handleRequest(null, Object(Config\Cache), false)
 4 FCPATH\index.php(68): CodeIgniter\CodeIgniter->run()
INFO - 2023-05-22 10:21:42 --> Session: Class initialized using 'CodeIgniter\Session\Handlers\FileHandler' driver.
INFO - 2023-05-22 10:21:45 --> Session: Class initialized using 'CodeIgniter\Session\Handlers\FileHandler' driver.
WARNING - 2023-05-22 10:21:45 --> [DEPRECATED] Creation of dynamic property App\Controllers\ReservasController::$crud_eq is deprecated in APPPATH\Controllers\ReservasController.php on line 108.
 1 SYSTEMPATH\CodeIgniter.php(934): App\Controllers\ReservasController->edit('16')
 2 SYSTEMPATH\CodeIgniter.php(499): CodeIgniter\CodeIgniter->runController(Object(App\Controllers\ReservasController))
 3 SYSTEMPATH\CodeIgniter.php(368): CodeIgniter\CodeIgniter->handleRequest(null, Object(Config\Cache), false)
 4 FCPATH\index.php(68): CodeIgniter\CodeIgniter->run()
WARNING - 2023-05-22 10:21:45 --> [DEPRECATED] Creation of dynamic property App\Controllers\ReservasController::$crud_invest is deprecated in APPPATH\Controllers\ReservasController.php on line 110.
 1 SYSTEMPATH\CodeIgniter.php(934): App\Controllers\ReservasController->edit('16')
 2 SYSTEMPATH\CodeIgniter.php(499): CodeIgniter\CodeIgniter->runController(Object(App\Controllers\ReservasController))
 3 SYSTEMPATH\CodeIgniter.php(368): CodeIgniter\CodeIgniter->handleRequest(null, Object(Config\Cache), false)
 4 FCPATH\index.php(68): CodeIgniter\CodeIgniter->run()
CRITICAL - 2023-05-22 10:21:45 --> Undefined variable $lista_eq
in APPPATH\Views\edit_reservas.php on line 26.
 1 APPPATH\Views\edit_reservas.php(26): CodeIgniter\Debug\Exceptions->errorHandler(2, 'Undefined variable $lista_eq', 'C:\\xampp\\htdocs\\ProyectoCI\\app\\Views\\edit_reservas.php', 26)
 2 SYSTEMPATH\View\View.php(213): include('C:\\xampp\\htdocs\\ProyectoCI\\app\\Views\\edit_reservas.php')
 3 SYSTEMPATH\View\View.php(216): CodeIgniter\View\View->CodeIgniter\View\{closure}()
 4 SYSTEMPATH\Common.php(1184): CodeIgniter\View\View->render('edit_reservas', [], true)
 5 APPPATH\Controllers\ReservasController.php(114): view('edit_reservas', [...])
 6 SYSTEMPATH\CodeIgniter.php(934): App\Controllers\ReservasController->edit('16')
 7 SYSTEMPATH\CodeIgniter.php(499): CodeIgniter\CodeIgniter->runController(Object(App\Controllers\ReservasController))
 8 SYSTEMPATH\CodeIgniter.php(368): CodeIgniter\CodeIgniter->handleRequest(null, Object(Config\Cache), false)
 9 FCPATH\index.php(68): CodeIgniter\CodeIgniter->run()
INFO - 2023-05-22 10:22:24 --> Session: Class initialized using 'CodeIgniter\Session\Handlers\FileHandler' driver.
WARNING - 2023-05-22 10:22:24 --> [DEPRECATED] Creation of dynamic property App\Controllers\ReservasController::$crud_eq is deprecated in APPPATH\Controllers\ReservasController.php on line 108.
 1 SYSTEMPATH\CodeIgniter.php(934): App\Controllers\ReservasController->edit('16')
 2 SYSTEMPATH\CodeIgniter.php(499): CodeIgniter\CodeIgniter->runController(Object(App\Controllers\ReservasController))
 3 SYSTEMPATH\CodeIgniter.php(368): CodeIgniter\CodeIgniter->handleRequest(null, Object(Config\Cache), false)
 4 FCPATH\index.php(68): CodeIgniter\CodeIgniter->run()
WARNING - 2023-05-22 10:22:24 --> [DEPRECATED] Creation of dynamic property App\Controllers\ReservasController::$crud_invest is deprecated in APPPATH\Controllers\ReservasController.php on line 110.
 1 SYSTEMPATH\CodeIgniter.php(934): App\Controllers\ReservasController->edit('16')
 2 SYSTEMPATH\CodeIgniter.php(499): CodeIgniter\CodeIgniter->runController(Object(App\Controllers\ReservasController))
 3 SYSTEMPATH\CodeIgniter.php(368): CodeIgniter\CodeIgniter->handleRequest(null, Object(Config\Cache), false)
 4 FCPATH\index.php(68): CodeIgniter\CodeIgniter->run()
INFO - 2023-05-22 10:28:10 --> Session: Class initialized using 'CodeIgniter\Session\Handlers\FileHandler' driver.
WARNING - 2023-05-22 10:28:10 --> [DEPRECATED] Creation of dynamic property App\Controllers\ReservasController::$crud_eq is deprecated in APPPATH\Controllers\ReservasController.php on line 109.
 1 SYSTEMPATH\CodeIgniter.php(934): App\Controllers\ReservasController->edit('16')
 2 SYSTEMPATH\CodeIgniter.php(499): CodeIgniter\CodeIgniter->runController(Object(App\Controllers\ReservasController))
 3 SYSTEMPATH\CodeIgniter.php(368): CodeIgniter\CodeIgniter->handleRequest(null, Object(Config\Cache), false)
 4 FCPATH\index.php(68): CodeIgniter\CodeIgniter->run()
WARNING - 2023-05-22 10:28:10 --> [DEPRECATED] Creation of dynamic property App\Controllers\ReservasController::$crud_invest is deprecated in APPPATH\Controllers\ReservasController.php on line 111.
 1 SYSTEMPATH\CodeIgniter.php(934): App\Controllers\ReservasController->edit('16')
 2 SYSTEMPATH\CodeIgniter.php(499): CodeIgniter\CodeIgniter->runController(Object(App\Controllers\ReservasController))
 3 SYSTEMPATH\CodeIgniter.php(368): CodeIgniter\CodeIgniter->handleRequest(null, Object(Config\Cache), false)
 4 FCPATH\index.php(68): CodeIgniter\CodeIgniter->run()
INFO - 2023-05-22 10:29:41 --> Session: Class initialized using 'CodeIgniter\Session\Handlers\FileHandler' driver.
INFO - 2023-05-22 10:29:41 --> Session: Class initialized using 'CodeIgniter\Session\Handlers\FileHandler' driver.
INFO - 2023-05-22 10:32:31 --> Session: Class initialized using 'CodeIgniter\Session\Handlers\FileHandler' driver.
WARNING - 2023-05-22 10:32:31 --> [DEPRECATED] Creation of dynamic property App\Controllers\ReservasController::$crud_eq is deprecated in APPPATH\Controllers\ReservasController.php on line 92.
 1 SYSTEMPATH\CodeIgniter.php(934): App\Controllers\ReservasController->edit('16')
 2 SYSTEMPATH\CodeIgniter.php(499): CodeIgniter\CodeIgniter->runController(Object(App\Controllers\ReservasController))
 3 SYSTEMPATH\CodeIgniter.php(368): CodeIgniter\CodeIgniter->handleRequest(null, Object(Config\Cache), false)
 4 FCPATH\index.php(68): CodeIgniter\CodeIgniter->run()
WARNING - 2023-05-22 10:32:31 --> [DEPRECATED] Creation of dynamic property App\Controllers\ReservasController::$crud_invest is deprecated in APPPATH\Controllers\ReservasController.php on line 94.
 1 SYSTEMPATH\CodeIgniter.php(934): App\Controllers\ReservasController->edit('16')
 2 SYSTEMPATH\CodeIgniter.php(499): CodeIgniter\CodeIgniter->runController(Object(App\Controllers\ReservasController))
 3 SYSTEMPATH\CodeIgniter.php(368): CodeIgniter\CodeIgniter->handleRequest(null, Object(Config\Cache), false)
 4 FCPATH\index.php(68): CodeIgniter\CodeIgniter->run()
INFO - 2023-05-22 10:32:38 --> Session: Class initialized using 'CodeIgniter\Session\Handlers\FileHandler' driver.
INFO - 2023-05-22 10:32:38 --> Session: Class initialized using 'CodeIgniter\Session\Handlers\FileHandler' driver.
INFO - 2023-05-22 10:34:34 --> Session: Class initialized using 'CodeIgniter\Session\Handlers\FileHandler' driver.
INFO - 2023-05-22 10:34:34 --> Session: Class initialized using 'CodeIgniter\Session\Handlers\FileHandler' driver.
WARNING - 2023-05-22 10:34:34 --> [DEPRECATED] Creation of dynamic property App\Controllers\ReservasController::$crud_eq is deprecated in APPPATH\Controllers\ReservasController.php on line 81.
 1 SYSTEMPATH\CodeIgniter.php(934): App\Controllers\ReservasController->edit('16')
 2 SYSTEMPATH\CodeIgniter.php(499): CodeIgniter\CodeIgniter->runController(Object(App\Controllers\ReservasController))
 3 SYSTEMPATH\CodeIgniter.php(368): CodeIgniter\CodeIgniter->handleRequest(null, Object(Config\Cache), false)
 4 FCPATH\index.php(68): CodeIgniter\CodeIgniter->run()
WARNING - 2023-05-22 10:34:34 --> [DEPRECATED] Creation of dynamic property App\Controllers\ReservasController::$crud_eq is deprecated in APPPATH\Controllers\ReservasController.php on line 81.
 1 SYSTEMPATH\CodeIgniter.php(934): App\Controllers\ReservasController->edit('16')
 2 SYSTEMPATH\CodeIgniter.php(499): CodeIgniter\CodeIgniter->runController(Object(App\Controllers\ReservasController))
 3 SYSTEMPATH\CodeIgniter.php(368): CodeIgniter\CodeIgniter->handleRequest(null, Object(Config\Cache), false)
 4 FCPATH\index.php(68): CodeIgniter\CodeIgniter->run()
WARNING - 2023-05-22 10:34:34 --> [DEPRECATED] Creation of dynamic property App\Controllers\ReservasController::$crud_invest is deprecated in APPPATH\Controllers\ReservasController.php on line 83.
 1 SYSTEMPATH\CodeIgniter.php(934): App\Controllers\ReservasController->edit('16')
 2 SYSTEMPATH\CodeIgniter.php(499): CodeIgniter\CodeIgniter->runController(Object(App\Controllers\ReservasController))
 3 SYSTEMPATH\CodeIgniter.php(368): CodeIgniter\CodeIgniter->handleRequest(null, Object(Config\Cache), false)
 4 FCPATH\index.php(68): CodeIgniter\CodeIgniter->run()
WARNING - 2023-05-22 10:34:34 --> [DEPRECATED] Creation of dynamic property App\Controllers\ReservasController::$crud_invest is deprecated in APPPATH\Controllers\ReservasController.php on line 83.
 1 SYSTEMPATH\CodeIgniter.php(934): App\Controllers\ReservasController->edit('16')
 2 SYSTEMPATH\CodeIgniter.php(499): CodeIgniter\CodeIgniter->runController(Object(App\Controllers\ReservasController))
 3 SYSTEMPATH\CodeIgniter.php(368): CodeIgniter\CodeIgniter->handleRequest(null, Object(Config\Cache), false)
 4 FCPATH\index.php(68): CodeIgniter\CodeIgniter->run()
INFO - 2023-05-22 10:34:37 --> Session: Class initialized using 'CodeIgniter\Session\Handlers\FileHandler' driver.
INFO - 2023-05-22 10:34:37 --> Session: Class initialized using 'CodeIgniter\Session\Handlers\FileHandler' driver.
INFO - 2023-05-22 10:34:41 --> Session: Class initialized using 'CodeIgniter\Session\Handlers\FileHandler' driver.
WARNING - 2023-05-22 10:34:41 --> [DEPRECATED] Creation of dynamic property App\Controllers\ReservasController::$crud_invest is deprecated in APPPATH\Controllers\ReservasController.php on line 42.
 1 SYSTEMPATH\CodeIgniter.php(934): App\Controllers\ReservasController->add()
 2 SYSTEMPATH\CodeIgniter.php(499): CodeIgniter\CodeIgniter->runController(Object(App\Controllers\ReservasController))
 3 SYSTEMPATH\CodeIgniter.php(368): CodeIgniter\CodeIgniter->handleRequest(null, Object(Config\Cache), false)
 4 FCPATH\index.php(68): CodeIgniter\CodeIgniter->run()
WARNING - 2023-05-22 10:34:41 --> [DEPRECATED] Creation of dynamic property App\Controllers\ReservasController::$crud_eq is deprecated in APPPATH\Controllers\ReservasController.php on line 44.
 1 SYSTEMPATH\CodeIgniter.php(934): App\Controllers\ReservasController->add()
 2 SYSTEMPATH\CodeIgniter.php(499): CodeIgniter\CodeIgniter->runController(Object(App\Controllers\ReservasController))
 3 SYSTEMPATH\CodeIgniter.php(368): CodeIgniter\CodeIgniter->handleRequest(null, Object(Config\Cache), false)
 4 FCPATH\index.php(68): CodeIgniter\CodeIgniter->run()
