INFO - 2023-05-18 06:44:28 --> Session: Class initialized using 'CodeIgniter\Session\Handlers\FileHandler' driver.
CRITICAL - 2023-05-18 06:44:28 --> Undefined property: App\Controllers\FacultadController::$crud_invest
in APPPATH\Controllers\FacultadController.php on line 32.
 1 APPPATH\Controllers\FacultadController.php(32): CodeIgniter\Debug\Exceptions->errorHandler(2, 'Undefined property: App\\Controllers\\FacultadController::$crud_invest', 'C:\\xampp\\htdocs\\ProyectoCI\\app\\Controllers\\FacultadController.php', 32)
 2 SYSTEMPATH\CodeIgniter.php(934): App\Controllers\FacultadController->list()
 3 SYSTEMPATH\CodeIgniter.php(499): CodeIgniter\CodeIgniter->runController(Object(App\Controllers\FacultadController))
 4 SYSTEMPATH\CodeIgniter.php(368): CodeIgniter\CodeIgniter->handleRequest(null, Object(Config\Cache), false)
 5 FCPATH\index.php(68): CodeIgniter\CodeIgniter->run()
INFO - 2023-05-18 06:45:03 --> Session: Class initialized using 'CodeIgniter\Session\Handlers\FileHandler' driver.
INFO - 2023-05-18 06:53:37 --> Session: Class initialized using 'CodeIgniter\Session\Handlers\FileHandler' driver.
INFO - 2023-05-18 06:53:40 --> Session: Class initialized using 'CodeIgniter\Session\Handlers\FileHandler' driver.
INFO - 2023-05-18 06:56:30 --> Session: Class initialized using 'CodeIgniter\Session\Handlers\FileHandler' driver.
INFO - 2023-05-18 06:56:32 --> Session: Class initialized using 'CodeIgniter\Session\Handlers\FileHandler' driver.
CRITICAL - 2023-05-18 06:56:32 --> Undefined property: App\Controllers\ReservasController::$crud_invest
in APPPATH\Controllers\ReservasController.php on line 32.
 1 APPPATH\Controllers\ReservasController.php(32): CodeIgniter\Debug\Exceptions->errorHandler(2, 'Undefined property: App\\Controllers\\ReservasController::$crud_invest', 'C:\\xampp\\htdocs\\ProyectoCI\\app\\Controllers\\ReservasController.php', 32)
 2 SYSTEMPATH\CodeIgniter.php(934): App\Controllers\ReservasController->list()
 3 SYSTEMPATH\CodeIgniter.php(499): CodeIgniter\CodeIgniter->runController(Object(App\Controllers\ReservasController))
 4 SYSTEMPATH\CodeIgniter.php(368): CodeIgniter\CodeIgniter->handleRequest(null, Object(Config\Cache), false)
 5 FCPATH\index.php(68): CodeIgniter\CodeIgniter->run()
INFO - 2023-05-18 06:56:50 --> Session: Class initialized using 'CodeIgniter\Session\Handlers\FileHandler' driver.
INFO - 2023-05-18 08:22:35 --> Session: Class initialized using 'CodeIgniter\Session\Handlers\FileHandler' driver.
INFO - 2023-05-18 08:22:40 --> Session: Class initialized using 'CodeIgniter\Session\Handlers\FileHandler' driver.
INFO - 2023-05-18 08:22:43 --> Session: Class initialized using 'CodeIgniter\Session\Handlers\FileHandler' driver.
INFO - 2023-05-18 08:22:45 --> Session: Class initialized using 'CodeIgniter\Session\Handlers\FileHandler' driver.
INFO - 2023-05-18 08:22:52 --> Session: Class initialized using 'CodeIgniter\Session\Handlers\FileHandler' driver.
CRITICAL - 2023-05-18 09:14:19 --> syntax error, unexpected token "*", expecting "function" or "const"
in APPPATH\Controllers\InvestigadoresController.php on line 76.
 1 SYSTEMPATH\Autoloader\Autoloader.php(289): CodeIgniter\Autoloader\Autoloader->includeFile('C:\\xampp\\htdocs\\ProyectoCI\\app\\Controllers\\InvestigadoresController.php')
 2 SYSTEMPATH\Autoloader\Autoloader.php(267): CodeIgniter\Autoloader\Autoloader->loadInNamespace('App\\Controllers\\InvestigadoresController')
 3 [internal function]: CodeIgniter\Autoloader\Autoloader->loadClass('App\\Controllers\\InvestigadoresController')
 4 SYSTEMPATH\CodeIgniter.php(892): class_exists('\\App\\Controllers\\InvestigadoresController', true)
 5 SYSTEMPATH\CodeIgniter.php(486): CodeIgniter\CodeIgniter->startController()
 6 SYSTEMPATH\CodeIgniter.php(368): CodeIgniter\CodeIgniter->handleRequest(null, Object(Config\Cache), false)
 7 FCPATH\index.php(68): CodeIgniter\CodeIgniter->run()
INFO - 2023-05-18 09:14:51 --> Session: Class initialized using 'CodeIgniter\Session\Handlers\FileHandler' driver.
CRITICAL - 2023-05-18 09:14:51 --> Class "App\Controllers\CrudFacultades" not found
in APPPATH\Controllers\InvestigadoresController.php on line 40.
 1 SYSTEMPATH\CodeIgniter.php(934): App\Controllers\InvestigadoresController->add()
 2 SYSTEMPATH\CodeIgniter.php(499): CodeIgniter\CodeIgniter->runController(Object(App\Controllers\InvestigadoresController))
 3 SYSTEMPATH\CodeIgniter.php(368): CodeIgniter\CodeIgniter->handleRequest(null, Object(Config\Cache), false)
 4 FCPATH\index.php(68): CodeIgniter\CodeIgniter->run()
INFO - 2023-05-18 09:15:17 --> Session: Class initialized using 'CodeIgniter\Session\Handlers\FileHandler' driver.
CRITICAL - 2023-05-18 09:15:17 --> Class "App\Controllers\CrudFacultades" not found
in APPPATH\Controllers\InvestigadoresController.php on line 41.
 1 SYSTEMPATH\CodeIgniter.php(934): App\Controllers\InvestigadoresController->add()
 2 SYSTEMPATH\CodeIgniter.php(499): CodeIgniter\CodeIgniter->runController(Object(App\Controllers\InvestigadoresController))
 3 SYSTEMPATH\CodeIgniter.php(368): CodeIgniter\CodeIgniter->handleRequest(null, Object(Config\Cache), false)
 4 FCPATH\index.php(68): CodeIgniter\CodeIgniter->run()
INFO - 2023-05-18 09:15:45 --> Session: Class initialized using 'CodeIgniter\Session\Handlers\FileHandler' driver.
WARNING - 2023-05-18 09:15:45 --> [DEPRECATED] Creation of dynamic property App\Controllers\InvestigadoresController::$crud_facu is deprecated in APPPATH\Controllers\InvestigadoresController.php on line 41.
 1 SYSTEMPATH\CodeIgniter.php(934): App\Controllers\InvestigadoresController->add()
 2 SYSTEMPATH\CodeIgniter.php(499): CodeIgniter\CodeIgniter->runController(Object(App\Controllers\InvestigadoresController))
 3 SYSTEMPATH\CodeIgniter.php(368): CodeIgniter\CodeIgniter->handleRequest(null, Object(Config\Cache), false)
 4 FCPATH\index.php(68): CodeIgniter\CodeIgniter->run()
CRITICAL - 2023-05-18 09:15:45 --> syntax error, unexpected token ";"
in APPPATH\Views\add_investigadores.php on line 59.
 1 SYSTEMPATH\View\View.php(216): CodeIgniter\View\View->CodeIgniter\View\{closure}()
 2 SYSTEMPATH\Common.php(1184): CodeIgniter\View\View->render('add_investigadores', [], true)
 3 APPPATH\Controllers\InvestigadoresController.php(45): view('add_investigadores', [...])
 4 SYSTEMPATH\CodeIgniter.php(934): App\Controllers\InvestigadoresController->add()
 5 SYSTEMPATH\CodeIgniter.php(499): CodeIgniter\CodeIgniter->runController(Object(App\Controllers\InvestigadoresController))
 6 SYSTEMPATH\CodeIgniter.php(368): CodeIgniter\CodeIgniter->handleRequest(null, Object(Config\Cache), false)
 7 FCPATH\index.php(68): CodeIgniter\CodeIgniter->run()
INFO - 2023-05-18 09:16:05 --> Session: Class initialized using 'CodeIgniter\Session\Handlers\FileHandler' driver.
WARNING - 2023-05-18 09:16:05 --> [DEPRECATED] Creation of dynamic property App\Controllers\InvestigadoresController::$crud_facu is deprecated in APPPATH\Controllers\InvestigadoresController.php on line 41.
 1 SYSTEMPATH\CodeIgniter.php(934): App\Controllers\InvestigadoresController->add()
 2 SYSTEMPATH\CodeIgniter.php(499): CodeIgniter\CodeIgniter->runController(Object(App\Controllers\InvestigadoresController))
 3 SYSTEMPATH\CodeIgniter.php(368): CodeIgniter\CodeIgniter->handleRequest(null, Object(Config\Cache), false)
 4 FCPATH\index.php(68): CodeIgniter\CodeIgniter->run()
INFO - 2023-05-18 09:16:12 --> Session: Class initialized using 'CodeIgniter\Session\Handlers\FileHandler' driver.
WARNING - 2023-05-18 09:16:12 --> [DEPRECATED] Creation of dynamic property App\Controllers\InvestigadoresController::$crud_facu is deprecated in APPPATH\Controllers\InvestigadoresController.php on line 41.
 1 SYSTEMPATH\CodeIgniter.php(934): App\Controllers\InvestigadoresController->add()
 2 SYSTEMPATH\CodeIgniter.php(499): CodeIgniter\CodeIgniter->runController(Object(App\Controllers\InvestigadoresController))
 3 SYSTEMPATH\CodeIgniter.php(368): CodeIgniter\CodeIgniter->handleRequest(null, Object(Config\Cache), false)
 4 FCPATH\index.php(68): CodeIgniter\CodeIgniter->run()
INFO - 2023-05-18 09:17:04 --> Session: Class initialized using 'CodeIgniter\Session\Handlers\FileHandler' driver.
WARNING - 2023-05-18 09:17:04 --> [DEPRECATED] Creation of dynamic property App\Controllers\InvestigadoresController::$crud_facu is deprecated in APPPATH\Controllers\InvestigadoresController.php on line 41.
 1 SYSTEMPATH\CodeIgniter.php(934): App\Controllers\InvestigadoresController->add()
 2 SYSTEMPATH\CodeIgniter.php(499): CodeIgniter\CodeIgniter->runController(Object(App\Controllers\InvestigadoresController))
 3 SYSTEMPATH\CodeIgniter.php(368): CodeIgniter\CodeIgniter->handleRequest(null, Object(Config\Cache), false)
 4 FCPATH\index.php(68): CodeIgniter\CodeIgniter->run()
INFO - 2023-05-18 09:21:10 --> Session: Class initialized using 'CodeIgniter\Session\Handlers\FileHandler' driver.
WARNING - 2023-05-18 09:21:10 --> [DEPRECATED] Creation of dynamic property App\Controllers\InvestigadoresController::$crud_facu is deprecated in APPPATH\Controllers\InvestigadoresController.php on line 41.
 1 SYSTEMPATH\CodeIgniter.php(934): App\Controllers\InvestigadoresController->add()
 2 SYSTEMPATH\CodeIgniter.php(499): CodeIgniter\CodeIgniter->runController(Object(App\Controllers\InvestigadoresController))
 3 SYSTEMPATH\CodeIgniter.php(368): CodeIgniter\CodeIgniter->handleRequest(null, Object(Config\Cache), false)
 4 FCPATH\index.php(68): CodeIgniter\CodeIgniter->run()
INFO - 2023-05-18 09:24:50 --> Session: Class initialized using 'CodeIgniter\Session\Handlers\FileHandler' driver.
WARNING - 2023-05-18 09:24:50 --> [DEPRECATED] Creation of dynamic property App\Controllers\InvestigadoresController::$crud_facu is deprecated in APPPATH\Controllers\InvestigadoresController.php on line 41.
 1 SYSTEMPATH\CodeIgniter.php(934): App\Controllers\InvestigadoresController->add()
 2 SYSTEMPATH\CodeIgniter.php(499): CodeIgniter\CodeIgniter->runController(Object(App\Controllers\InvestigadoresController))
 3 SYSTEMPATH\CodeIgniter.php(368): CodeIgniter\CodeIgniter->handleRequest(null, Object(Config\Cache), false)
 4 FCPATH\index.php(68): CodeIgniter\CodeIgniter->run()
INFO - 2023-05-18 09:25:09 --> Session: Class initialized using 'CodeIgniter\Session\Handlers\FileHandler' driver.
WARNING - 2023-05-18 09:25:09 --> [DEPRECATED] Creation of dynamic property App\Controllers\InvestigadoresController::$crud_facu is deprecated in APPPATH\Controllers\InvestigadoresController.php on line 41.
 1 SYSTEMPATH\CodeIgniter.php(934): App\Controllers\InvestigadoresController->add()
 2 SYSTEMPATH\CodeIgniter.php(499): CodeIgniter\CodeIgniter->runController(Object(App\Controllers\InvestigadoresController))
 3 SYSTEMPATH\CodeIgniter.php(368): CodeIgniter\CodeIgniter->handleRequest(null, Object(Config\Cache), false)
 4 FCPATH\index.php(68): CodeIgniter\CodeIgniter->run()
INFO - 2023-05-18 09:25:35 --> Session: Class initialized using 'CodeIgniter\Session\Handlers\FileHandler' driver.
WARNING - 2023-05-18 09:25:35 --> [DEPRECATED] Creation of dynamic property App\Controllers\InvestigadoresController::$crud_facu is deprecated in APPPATH\Controllers\InvestigadoresController.php on line 41.
 1 SYSTEMPATH\CodeIgniter.php(934): App\Controllers\InvestigadoresController->add()
 2 SYSTEMPATH\CodeIgniter.php(499): CodeIgniter\CodeIgniter->runController(Object(App\Controllers\InvestigadoresController))
 3 SYSTEMPATH\CodeIgniter.php(368): CodeIgniter\CodeIgniter->handleRequest(null, Object(Config\Cache), false)
 4 FCPATH\index.php(68): CodeIgniter\CodeIgniter->run()
INFO - 2023-05-18 09:26:55 --> Session: Class initialized using 'CodeIgniter\Session\Handlers\FileHandler' driver.
WARNING - 2023-05-18 09:26:55 --> [DEPRECATED] Creation of dynamic property App\Controllers\InvestigadoresController::$crud_facu is deprecated in APPPATH\Controllers\InvestigadoresController.php on line 41.
 1 SYSTEMPATH\CodeIgniter.php(934): App\Controllers\InvestigadoresController->add()
 2 SYSTEMPATH\CodeIgniter.php(499): CodeIgniter\CodeIgniter->runController(Object(App\Controllers\InvestigadoresController))
 3 SYSTEMPATH\CodeIgniter.php(368): CodeIgniter\CodeIgniter->handleRequest(null, Object(Config\Cache), false)
 4 FCPATH\index.php(68): CodeIgniter\CodeIgniter->run()
INFO - 2023-05-18 09:27:05 --> Session: Class initialized using 'CodeIgniter\Session\Handlers\FileHandler' driver.
WARNING - 2023-05-18 09:27:05 --> [DEPRECATED] Creation of dynamic property App\Controllers\InvestigadoresController::$crud_facu is deprecated in APPPATH\Controllers\InvestigadoresController.php on line 41.
 1 SYSTEMPATH\CodeIgniter.php(934): App\Controllers\InvestigadoresController->add()
 2 SYSTEMPATH\CodeIgniter.php(499): CodeIgniter\CodeIgniter->runController(Object(App\Controllers\InvestigadoresController))
 3 SYSTEMPATH\CodeIgniter.php(368): CodeIgniter\CodeIgniter->handleRequest(null, Object(Config\Cache), false)
 4 FCPATH\index.php(68): CodeIgniter\CodeIgniter->run()
INFO - 2023-05-18 09:27:15 --> Session: Class initialized using 'CodeIgniter\Session\Handlers\FileHandler' driver.
WARNING - 2023-05-18 09:27:15 --> [DEPRECATED] Creation of dynamic property App\Controllers\InvestigadoresController::$crud_facu is deprecated in APPPATH\Controllers\InvestigadoresController.php on line 41.
 1 SYSTEMPATH\CodeIgniter.php(934): App\Controllers\InvestigadoresController->add()
 2 SYSTEMPATH\CodeIgniter.php(499): CodeIgniter\CodeIgniter->runController(Object(App\Controllers\InvestigadoresController))
 3 SYSTEMPATH\CodeIgniter.php(368): CodeIgniter\CodeIgniter->handleRequest(null, Object(Config\Cache), false)
 4 FCPATH\index.php(68): CodeIgniter\CodeIgniter->run()
INFO - 2023-05-18 09:27:21 --> Session: Class initialized using 'CodeIgniter\Session\Handlers\FileHandler' driver.
WARNING - 2023-05-18 09:27:21 --> [DEPRECATED] Creation of dynamic property App\Controllers\InvestigadoresController::$crud_facu is deprecated in APPPATH\Controllers\InvestigadoresController.php on line 41.
 1 SYSTEMPATH\CodeIgniter.php(934): App\Controllers\InvestigadoresController->add()
 2 SYSTEMPATH\CodeIgniter.php(499): CodeIgniter\CodeIgniter->runController(Object(App\Controllers\InvestigadoresController))
 3 SYSTEMPATH\CodeIgniter.php(368): CodeIgniter\CodeIgniter->handleRequest(null, Object(Config\Cache), false)
 4 FCPATH\index.php(68): CodeIgniter\CodeIgniter->run()
INFO - 2023-05-18 09:27:40 --> Session: Class initialized using 'CodeIgniter\Session\Handlers\FileHandler' driver.
WARNING - 2023-05-18 09:27:40 --> [DEPRECATED] Creation of dynamic property App\Controllers\InvestigadoresController::$crud_facu is deprecated in APPPATH\Controllers\InvestigadoresController.php on line 41.
 1 SYSTEMPATH\CodeIgniter.php(934): App\Controllers\InvestigadoresController->add()
 2 SYSTEMPATH\CodeIgniter.php(499): CodeIgniter\CodeIgniter->runController(Object(App\Controllers\InvestigadoresController))
 3 SYSTEMPATH\CodeIgniter.php(368): CodeIgniter\CodeIgniter->handleRequest(null, Object(Config\Cache), false)
 4 FCPATH\index.php(68): CodeIgniter\CodeIgniter->run()
INFO - 2023-05-18 09:27:52 --> Session: Class initialized using 'CodeIgniter\Session\Handlers\FileHandler' driver.
WARNING - 2023-05-18 09:27:52 --> [DEPRECATED] Creation of dynamic property App\Controllers\InvestigadoresController::$crud_facu is deprecated in APPPATH\Controllers\InvestigadoresController.php on line 41.
 1 SYSTEMPATH\CodeIgniter.php(934): App\Controllers\InvestigadoresController->add()
 2 SYSTEMPATH\CodeIgniter.php(499): CodeIgniter\CodeIgniter->runController(Object(App\Controllers\InvestigadoresController))
 3 SYSTEMPATH\CodeIgniter.php(368): CodeIgniter\CodeIgniter->handleRequest(null, Object(Config\Cache), false)
 4 FCPATH\index.php(68): CodeIgniter\CodeIgniter->run()
INFO - 2023-05-18 09:28:31 --> Session: Class initialized using 'CodeIgniter\Session\Handlers\FileHandler' driver.
WARNING - 2023-05-18 09:28:31 --> [DEPRECATED] Creation of dynamic property App\Controllers\InvestigadoresController::$crud_facu is deprecated in APPPATH\Controllers\InvestigadoresController.php on line 41.
 1 SYSTEMPATH\CodeIgniter.php(934): App\Controllers\InvestigadoresController->add()
 2 SYSTEMPATH\CodeIgniter.php(499): CodeIgniter\CodeIgniter->runController(Object(App\Controllers\InvestigadoresController))
 3 SYSTEMPATH\CodeIgniter.php(368): CodeIgniter\CodeIgniter->handleRequest(null, Object(Config\Cache), false)
 4 FCPATH\index.php(68): CodeIgniter\CodeIgniter->run()
INFO - 2023-05-18 09:29:16 --> Session: Class initialized using 'CodeIgniter\Session\Handlers\FileHandler' driver.
INFO - 2023-05-18 09:29:34 --> Session: Class initialized using 'CodeIgniter\Session\Handlers\FileHandler' driver.
WARNING - 2023-05-18 09:29:34 --> [DEPRECATED] Creation of dynamic property App\Controllers\InvestigadoresController::$crud_facu is deprecated in APPPATH\Controllers\InvestigadoresController.php on line 41.
 1 SYSTEMPATH\CodeIgniter.php(934): App\Controllers\InvestigadoresController->add()
 2 SYSTEMPATH\CodeIgniter.php(499): CodeIgniter\CodeIgniter->runController(Object(App\Controllers\InvestigadoresController))
 3 SYSTEMPATH\CodeIgniter.php(368): CodeIgniter\CodeIgniter->handleRequest(null, Object(Config\Cache), false)
 4 FCPATH\index.php(68): CodeIgniter\CodeIgniter->run()
INFO - 2023-05-18 09:30:35 --> Session: Class initialized using 'CodeIgniter\Session\Handlers\FileHandler' driver.
WARNING - 2023-05-18 09:30:35 --> [DEPRECATED] Creation of dynamic property App\Controllers\InvestigadoresController::$crud_facu is deprecated in APPPATH\Controllers\InvestigadoresController.php on line 41.
 1 SYSTEMPATH\CodeIgniter.php(934): App\Controllers\InvestigadoresController->add()
 2 SYSTEMPATH\CodeIgniter.php(499): CodeIgniter\CodeIgniter->runController(Object(App\Controllers\InvestigadoresController))
 3 SYSTEMPATH\CodeIgniter.php(368): CodeIgniter\CodeIgniter->handleRequest(null, Object(Config\Cache), false)
 4 FCPATH\index.php(68): CodeIgniter\CodeIgniter->run()
INFO - 2023-05-18 09:30:46 --> Session: Class initialized using 'CodeIgniter\Session\Handlers\FileHandler' driver.
WARNING - 2023-05-18 09:30:46 --> [DEPRECATED] Creation of dynamic property App\Controllers\InvestigadoresController::$crud_facu is deprecated in APPPATH\Controllers\InvestigadoresController.php on line 41.
 1 SYSTEMPATH\CodeIgniter.php(934): App\Controllers\InvestigadoresController->add()
 2 SYSTEMPATH\CodeIgniter.php(499): CodeIgniter\CodeIgniter->runController(Object(App\Controllers\InvestigadoresController))
 3 SYSTEMPATH\CodeIgniter.php(368): CodeIgniter\CodeIgniter->handleRequest(null, Object(Config\Cache), false)
 4 FCPATH\index.php(68): CodeIgniter\CodeIgniter->run()
INFO - 2023-05-18 09:31:05 --> Session: Class initialized using 'CodeIgniter\Session\Handlers\FileHandler' driver.
WARNING - 2023-05-18 09:31:05 --> [DEPRECATED] Creation of dynamic property App\Controllers\InvestigadoresController::$crud_facu is deprecated in APPPATH\Controllers\InvestigadoresController.php on line 41.
 1 SYSTEMPATH\CodeIgniter.php(934): App\Controllers\InvestigadoresController->add()
 2 SYSTEMPATH\CodeIgniter.php(499): CodeIgniter\CodeIgniter->runController(Object(App\Controllers\InvestigadoresController))
 3 SYSTEMPATH\CodeIgniter.php(368): CodeIgniter\CodeIgniter->handleRequest(null, Object(Config\Cache), false)
 4 FCPATH\index.php(68): CodeIgniter\CodeIgniter->run()
INFO - 2023-05-18 09:31:19 --> Session: Class initialized using 'CodeIgniter\Session\Handlers\FileHandler' driver.
WARNING - 2023-05-18 09:31:19 --> [DEPRECATED] Creation of dynamic property App\Controllers\InvestigadoresController::$crud_facu is deprecated in APPPATH\Controllers\InvestigadoresController.php on line 41.
 1 SYSTEMPATH\CodeIgniter.php(934): App\Controllers\InvestigadoresController->add()
 2 SYSTEMPATH\CodeIgniter.php(499): CodeIgniter\CodeIgniter->runController(Object(App\Controllers\InvestigadoresController))
 3 SYSTEMPATH\CodeIgniter.php(368): CodeIgniter\CodeIgniter->handleRequest(null, Object(Config\Cache), false)
 4 FCPATH\index.php(68): CodeIgniter\CodeIgniter->run()
INFO - 2023-05-18 09:31:34 --> Session: Class initialized using 'CodeIgniter\Session\Handlers\FileHandler' driver.
WARNING - 2023-05-18 09:31:34 --> [DEPRECATED] Creation of dynamic property App\Controllers\InvestigadoresController::$crud_facu is deprecated in APPPATH\Controllers\InvestigadoresController.php on line 41.
 1 SYSTEMPATH\CodeIgniter.php(934): App\Controllers\InvestigadoresController->add()
 2 SYSTEMPATH\CodeIgniter.php(499): CodeIgniter\CodeIgniter->runController(Object(App\Controllers\InvestigadoresController))
 3 SYSTEMPATH\CodeIgniter.php(368): CodeIgniter\CodeIgniter->handleRequest(null, Object(Config\Cache), false)
 4 FCPATH\index.php(68): CodeIgniter\CodeIgniter->run()
INFO - 2023-05-18 09:31:47 --> Session: Class initialized using 'CodeIgniter\Session\Handlers\FileHandler' driver.
WARNING - 2023-05-18 09:31:47 --> [DEPRECATED] Creation of dynamic property App\Controllers\InvestigadoresController::$crud_facu is deprecated in APPPATH\Controllers\InvestigadoresController.php on line 41.
 1 SYSTEMPATH\CodeIgniter.php(934): App\Controllers\InvestigadoresController->add()
 2 SYSTEMPATH\CodeIgniter.php(499): CodeIgniter\CodeIgniter->runController(Object(App\Controllers\InvestigadoresController))
 3 SYSTEMPATH\CodeIgniter.php(368): CodeIgniter\CodeIgniter->handleRequest(null, Object(Config\Cache), false)
 4 FCPATH\index.php(68): CodeIgniter\CodeIgniter->run()
INFO - 2023-05-18 09:32:21 --> Session: Class initialized using 'CodeIgniter\Session\Handlers\FileHandler' driver.
INFO - 2023-05-18 09:32:24 --> Session: Class initialized using 'CodeIgniter\Session\Handlers\FileHandler' driver.
WARNING - 2023-05-18 09:32:24 --> [DEPRECATED] Creation of dynamic property App\Controllers\InvestigadoresController::$crud_facu is deprecated in APPPATH\Controllers\InvestigadoresController.php on line 41.
 1 SYSTEMPATH\CodeIgniter.php(934): App\Controllers\InvestigadoresController->add()
 2 SYSTEMPATH\CodeIgniter.php(499): CodeIgniter\CodeIgniter->runController(Object(App\Controllers\InvestigadoresController))
 3 SYSTEMPATH\CodeIgniter.php(368): CodeIgniter\CodeIgniter->handleRequest(null, Object(Config\Cache), false)
 4 FCPATH\index.php(68): CodeIgniter\CodeIgniter->run()
INFO - 2023-05-18 09:48:03 --> Session: Class initialized using 'CodeIgniter\Session\Handlers\FileHandler' driver.
WARNING - 2023-05-18 09:48:03 --> [DEPRECATED] Creation of dynamic property App\Controllers\InvestigadoresController::$crud_facu is deprecated in APPPATH\Controllers\InvestigadoresController.php on line 41.
 1 SYSTEMPATH\CodeIgniter.php(934): App\Controllers\InvestigadoresController->add()
 2 SYSTEMPATH\CodeIgniter.php(499): CodeIgniter\CodeIgniter->runController(Object(App\Controllers\InvestigadoresController))
 3 SYSTEMPATH\CodeIgniter.php(368): CodeIgniter\CodeIgniter->handleRequest(null, Object(Config\Cache), false)
 4 FCPATH\index.php(68): CodeIgniter\CodeIgniter->run()
INFO - 2023-05-18 09:49:07 --> Session: Class initialized using 'CodeIgniter\Session\Handlers\FileHandler' driver.
WARNING - 2023-05-18 09:49:07 --> [DEPRECATED] Creation of dynamic property App\Controllers\InvestigadoresController::$crud_facu is deprecated in APPPATH\Controllers\InvestigadoresController.php on line 41.
 1 SYSTEMPATH\CodeIgniter.php(934): App\Controllers\InvestigadoresController->add()
 2 SYSTEMPATH\CodeIgniter.php(499): CodeIgniter\CodeIgniter->runController(Object(App\Controllers\InvestigadoresController))
 3 SYSTEMPATH\CodeIgniter.php(368): CodeIgniter\CodeIgniter->handleRequest(null, Object(Config\Cache), false)
 4 FCPATH\index.php(68): CodeIgniter\CodeIgniter->run()
INFO - 2023-05-18 09:49:39 --> Session: Class initialized using 'CodeIgniter\Session\Handlers\FileHandler' driver.
WARNING - 2023-05-18 09:49:39 --> [DEPRECATED] Creation of dynamic property App\Controllers\InvestigadoresController::$crud_facu is deprecated in APPPATH\Controllers\InvestigadoresController.php on line 41.
 1 SYSTEMPATH\CodeIgniter.php(934): App\Controllers\InvestigadoresController->add()
 2 SYSTEMPATH\CodeIgniter.php(499): CodeIgniter\CodeIgniter->runController(Object(App\Controllers\InvestigadoresController))
 3 SYSTEMPATH\CodeIgniter.php(368): CodeIgniter\CodeIgniter->handleRequest(null, Object(Config\Cache), false)
 4 FCPATH\index.php(68): CodeIgniter\CodeIgniter->run()
CRITICAL - 2023-05-18 09:49:42 --> Cannot use App\Models\CrudReservas as CrudReservas because the name is already in use
in APPPATH\Controllers\ReservasController.php on line 5.
 1 [internal function]: CodeIgniter\Debug\Exceptions->shutdownHandler()
INFO - 2023-05-18 09:50:10 --> Session: Class initialized using 'CodeIgniter\Session\Handlers\FileHandler' driver.
WARNING - 2023-05-18 09:50:10 --> [DEPRECATED] Creation of dynamic property App\Controllers\ReservasController::$crud_eq is deprecated in APPPATH\Controllers\ReservasController.php on line 40.
 1 SYSTEMPATH\CodeIgniter.php(934): App\Controllers\ReservasController->add()
 2 SYSTEMPATH\CodeIgniter.php(499): CodeIgniter\CodeIgniter->runController(Object(App\Controllers\ReservasController))
 3 SYSTEMPATH\CodeIgniter.php(368): CodeIgniter\CodeIgniter->handleRequest(null, Object(Config\Cache), false)
 4 FCPATH\index.php(68): CodeIgniter\CodeIgniter->run()
INFO - 2023-05-18 09:52:13 --> Session: Class initialized using 'CodeIgniter\Session\Handlers\FileHandler' driver.
WARNING - 2023-05-18 09:52:13 --> [DEPRECATED] Creation of dynamic property App\Controllers\ReservasController::$crud_eq is deprecated in APPPATH\Controllers\ReservasController.php on line 40.
 1 SYSTEMPATH\CodeIgniter.php(934): App\Controllers\ReservasController->add()
 2 SYSTEMPATH\CodeIgniter.php(499): CodeIgniter\CodeIgniter->runController(Object(App\Controllers\ReservasController))
 3 SYSTEMPATH\CodeIgniter.php(368): CodeIgniter\CodeIgniter->handleRequest(null, Object(Config\Cache), false)
 4 FCPATH\index.php(68): CodeIgniter\CodeIgniter->run()
INFO - 2023-05-18 09:53:25 --> Session: Class initialized using 'CodeIgniter\Session\Handlers\FileHandler' driver.
WARNING - 2023-05-18 09:53:25 --> [DEPRECATED] Creation of dynamic property App\Controllers\ReservasController::$crud_eq is deprecated in APPPATH\Controllers\ReservasController.php on line 40.
 1 SYSTEMPATH\CodeIgniter.php(934): App\Controllers\ReservasController->add()
 2 SYSTEMPATH\CodeIgniter.php(499): CodeIgniter\CodeIgniter->runController(Object(App\Controllers\ReservasController))
 3 SYSTEMPATH\CodeIgniter.php(368): CodeIgniter\CodeIgniter->handleRequest(null, Object(Config\Cache), false)
 4 FCPATH\index.php(68): CodeIgniter\CodeIgniter->run()
INFO - 2023-05-18 09:53:27 --> Session: Class initialized using 'CodeIgniter\Session\Handlers\FileHandler' driver.
INFO - 2023-05-18 09:55:35 --> Session: Class initialized using 'CodeIgniter\Session\Handlers\FileHandler' driver.
INFO - 2023-05-18 09:55:37 --> Session: Class initialized using 'CodeIgniter\Session\Handlers\FileHandler' driver.
CRITICAL - 2023-05-18 09:55:37 --> Class "App\Controllers\CrudFacultad" not found
in APPPATH\Controllers\EquiposController.php on line 39.
 1 SYSTEMPATH\CodeIgniter.php(934): App\Controllers\EquiposController->add()
 2 SYSTEMPATH\CodeIgniter.php(499): CodeIgniter\CodeIgniter->runController(Object(App\Controllers\EquiposController))
 3 SYSTEMPATH\CodeIgniter.php(368): CodeIgniter\CodeIgniter->handleRequest(null, Object(Config\Cache), false)
 4 FCPATH\index.php(68): CodeIgniter\CodeIgniter->run()
INFO - 2023-05-18 09:55:56 --> Session: Class initialized using 'CodeIgniter\Session\Handlers\FileHandler' driver.
WARNING - 2023-05-18 09:55:56 --> [DEPRECATED] Creation of dynamic property App\Controllers\EquiposController::$crud_facu is deprecated in APPPATH\Controllers\EquiposController.php on line 40.
 1 SYSTEMPATH\CodeIgniter.php(934): App\Controllers\EquiposController->add()
 2 SYSTEMPATH\CodeIgniter.php(499): CodeIgniter\CodeIgniter->runController(Object(App\Controllers\EquiposController))
 3 SYSTEMPATH\CodeIgniter.php(368): CodeIgniter\CodeIgniter->handleRequest(null, Object(Config\Cache), false)
 4 FCPATH\index.php(68): CodeIgniter\CodeIgniter->run()
INFO - 2023-05-18 09:57:22 --> Session: Class initialized using 'CodeIgniter\Session\Handlers\FileHandler' driver.
WARNING - 2023-05-18 09:57:22 --> [DEPRECATED] Creation of dynamic property App\Controllers\EquiposController::$crud_facu is deprecated in APPPATH\Controllers\EquiposController.php on line 40.
 1 SYSTEMPATH\CodeIgniter.php(934): App\Controllers\EquiposController->add()
 2 SYSTEMPATH\CodeIgniter.php(499): CodeIgniter\CodeIgniter->runController(Object(App\Controllers\EquiposController))
 3 SYSTEMPATH\CodeIgniter.php(368): CodeIgniter\CodeIgniter->handleRequest(null, Object(Config\Cache), false)
 4 FCPATH\index.php(68): CodeIgniter\CodeIgniter->run()
INFO - 2023-05-18 09:57:28 --> Session: Class initialized using 'CodeIgniter\Session\Handlers\FileHandler' driver.
WARNING - 2023-05-18 09:57:28 --> [DEPRECATED] Creation of dynamic property App\Controllers\InvestigadoresController::$crud_facu is deprecated in APPPATH\Controllers\InvestigadoresController.php on line 41.
 1 SYSTEMPATH\CodeIgniter.php(934): App\Controllers\InvestigadoresController->add()
 2 SYSTEMPATH\CodeIgniter.php(499): CodeIgniter\CodeIgniter->runController(Object(App\Controllers\InvestigadoresController))
 3 SYSTEMPATH\CodeIgniter.php(368): CodeIgniter\CodeIgniter->handleRequest(null, Object(Config\Cache), false)
 4 FCPATH\index.php(68): CodeIgniter\CodeIgniter->run()
INFO - 2023-05-18 09:57:30 --> Session: Class initialized using 'CodeIgniter\Session\Handlers\FileHandler' driver.
WARNING - 2023-05-18 09:57:30 --> [DEPRECATED] Creation of dynamic property App\Controllers\EquiposController::$crud_facu is deprecated in APPPATH\Controllers\EquiposController.php on line 40.
 1 SYSTEMPATH\CodeIgniter.php(934): App\Controllers\EquiposController->add()
 2 SYSTEMPATH\CodeIgniter.php(499): CodeIgniter\CodeIgniter->runController(Object(App\Controllers\EquiposController))
 3 SYSTEMPATH\CodeIgniter.php(368): CodeIgniter\CodeIgniter->handleRequest(null, Object(Config\Cache), false)
 4 FCPATH\index.php(68): CodeIgniter\CodeIgniter->run()
INFO - 2023-05-18 09:57:32 --> Session: Class initialized using 'CodeIgniter\Session\Handlers\FileHandler' driver.
INFO - 2023-05-18 09:57:35 --> Session: Class initialized using 'CodeIgniter\Session\Handlers\FileHandler' driver.
WARNING - 2023-05-18 09:57:35 --> [DEPRECATED] Creation of dynamic property App\Controllers\ReservasController::$crud_eq is deprecated in APPPATH\Controllers\ReservasController.php on line 40.
 1 SYSTEMPATH\CodeIgniter.php(934): App\Controllers\ReservasController->add()
 2 SYSTEMPATH\CodeIgniter.php(499): CodeIgniter\CodeIgniter->runController(Object(App\Controllers\ReservasController))
 3 SYSTEMPATH\CodeIgniter.php(368): CodeIgniter\CodeIgniter->handleRequest(null, Object(Config\Cache), false)
 4 FCPATH\index.php(68): CodeIgniter\CodeIgniter->run()
INFO - 2023-05-18 10:06:41 --> Session: Class initialized using 'CodeIgniter\Session\Handlers\FileHandler' driver.
INFO - 2023-05-18 10:45:49 --> Session: Class initialized using 'CodeIgniter\Session\Handlers\FileHandler' driver.
INFO - 2023-05-18 10:45:52 --> Session: Class initialized using 'CodeIgniter\Session\Handlers\FileHandler' driver.
WARNING - 2023-05-18 10:45:52 --> [DEPRECATED] Creation of dynamic property App\Controllers\InvestigadoresController::$crud_facu is deprecated in APPPATH\Controllers\InvestigadoresController.php on line 41.
 1 SYSTEMPATH\CodeIgniter.php(934): App\Controllers\InvestigadoresController->add()
 2 SYSTEMPATH\CodeIgniter.php(499): CodeIgniter\CodeIgniter->runController(Object(App\Controllers\InvestigadoresController))
 3 SYSTEMPATH\CodeIgniter.php(368): CodeIgniter\CodeIgniter->handleRequest(null, Object(Config\Cache), false)
 4 FCPATH\index.php(68): CodeIgniter\CodeIgniter->run()
INFO - 2023-05-18 10:46:11 --> Session: Class initialized using 'CodeIgniter\Session\Handlers\FileHandler' driver.
WARNING - 2023-05-18 10:46:11 --> [DEPRECATED] Creation of dynamic property App\Controllers\InvestigadoresController::$crud_facu is deprecated in APPPATH\Controllers\InvestigadoresController.php on line 41.
 1 SYSTEMPATH\CodeIgniter.php(934): App\Controllers\InvestigadoresController->add()
 2 SYSTEMPATH\CodeIgniter.php(499): CodeIgniter\CodeIgniter->runController(Object(App\Controllers\InvestigadoresController))
 3 SYSTEMPATH\CodeIgniter.php(368): CodeIgniter\CodeIgniter->handleRequest(null, Object(Config\Cache), false)
 4 FCPATH\index.php(68): CodeIgniter\CodeIgniter->run()
INFO - 2023-05-18 10:46:16 --> Session: Class initialized using 'CodeIgniter\Session\Handlers\FileHandler' driver.
INFO - 2023-05-18 10:46:48 --> Session: Class initialized using 'CodeIgniter\Session\Handlers\FileHandler' driver.
INFO - 2023-05-18 10:46:51 --> Session: Class initialized using 'CodeIgniter\Session\Handlers\FileHandler' driver.
WARNING - 2023-05-18 10:46:51 --> [DEPRECATED] Creation of dynamic property App\Controllers\InvestigadoresController::$crud_facu is deprecated in APPPATH\Controllers\InvestigadoresController.php on line 41.
 1 SYSTEMPATH\CodeIgniter.php(934): App\Controllers\InvestigadoresController->add()
 2 SYSTEMPATH\CodeIgniter.php(499): CodeIgniter\CodeIgniter->runController(Object(App\Controllers\InvestigadoresController))
 3 SYSTEMPATH\CodeIgniter.php(368): CodeIgniter\CodeIgniter->handleRequest(null, Object(Config\Cache), false)
 4 FCPATH\index.php(68): CodeIgniter\CodeIgniter->run()
INFO - 2023-05-18 10:47:00 --> Session: Class initialized using 'CodeIgniter\Session\Handlers\FileHandler' driver.
WARNING - 2023-05-18 10:47:00 --> [DEPRECATED] Creation of dynamic property App\Controllers\InvestigadoresController::$crud_facu is deprecated in APPPATH\Controllers\InvestigadoresController.php on line 41.
 1 SYSTEMPATH\CodeIgniter.php(934): App\Controllers\InvestigadoresController->add()
 2 SYSTEMPATH\CodeIgniter.php(499): CodeIgniter\CodeIgniter->runController(Object(App\Controllers\InvestigadoresController))
 3 SYSTEMPATH\CodeIgniter.php(368): CodeIgniter\CodeIgniter->handleRequest(null, Object(Config\Cache), false)
 4 FCPATH\index.php(68): CodeIgniter\CodeIgniter->run()
INFO - 2023-05-18 10:48:27 --> Session: Class initialized using 'CodeIgniter\Session\Handlers\FileHandler' driver.
WARNING - 2023-05-18 10:48:27 --> [DEPRECATED] Creation of dynamic property App\Controllers\InvestigadoresController::$crud_facu is deprecated in APPPATH\Controllers\InvestigadoresController.php on line 41.
 1 SYSTEMPATH\CodeIgniter.php(934): App\Controllers\InvestigadoresController->add()
 2 SYSTEMPATH\CodeIgniter.php(499): CodeIgniter\CodeIgniter->runController(Object(App\Controllers\InvestigadoresController))
 3 SYSTEMPATH\CodeIgniter.php(368): CodeIgniter\CodeIgniter->handleRequest(null, Object(Config\Cache), false)
 4 FCPATH\index.php(68): CodeIgniter\CodeIgniter->run()
INFO - 2023-05-18 10:48:31 --> Session: Class initialized using 'CodeIgniter\Session\Handlers\FileHandler' driver.
WARNING - 2023-05-18 10:48:31 --> [DEPRECATED] Creation of dynamic property App\Controllers\InvestigadoresController::$crud_facu is deprecated in APPPATH\Controllers\InvestigadoresController.php on line 41.
 1 SYSTEMPATH\CodeIgniter.php(934): App\Controllers\InvestigadoresController->add()
 2 SYSTEMPATH\CodeIgniter.php(499): CodeIgniter\CodeIgniter->runController(Object(App\Controllers\InvestigadoresController))
 3 SYSTEMPATH\CodeIgniter.php(368): CodeIgniter\CodeIgniter->handleRequest(null, Object(Config\Cache), false)
 4 FCPATH\index.php(68): CodeIgniter\CodeIgniter->run()
INFO - 2023-05-18 10:48:58 --> Session: Class initialized using 'CodeIgniter\Session\Handlers\FileHandler' driver.
CRITICAL - 2023-05-18 10:48:58 --> Undefined property: App\Controllers\InvestigadoresController::$crud_inves
in APPPATH\Controllers\InvestigadoresController.php on line 61.
 1 APPPATH\Controllers\InvestigadoresController.php(61): CodeIgniter\Debug\Exceptions->errorHandler(2, 'Undefined property: App\\Controllers\\InvestigadoresController::$crud_inves', 'C:\\xampp\\htdocs\\ProyectoCI\\app\\Controllers\\InvestigadoresController.php', 61)
 2 SYSTEMPATH\CodeIgniter.php(934): App\Controllers\InvestigadoresController->save()
 3 SYSTEMPATH\CodeIgniter.php(499): CodeIgniter\CodeIgniter->runController(Object(App\Controllers\InvestigadoresController))
 4 SYSTEMPATH\CodeIgniter.php(368): CodeIgniter\CodeIgniter->handleRequest(null, Object(Config\Cache), false)
 5 FCPATH\index.php(68): CodeIgniter\CodeIgniter->run()
INFO - 2023-05-18 10:50:21 --> Session: Class initialized using 'CodeIgniter\Session\Handlers\FileHandler' driver.
INFO - 2023-05-18 10:50:21 --> Session: Class initialized using 'CodeIgniter\Session\Handlers\FileHandler' driver.
INFO - 2023-05-18 10:52:30 --> Session: Class initialized using 'CodeIgniter\Session\Handlers\FileHandler' driver.
WARNING - 2023-05-18 10:52:30 --> [DEPRECATED] Creation of dynamic property App\Controllers\InvestigadoresController::$crud_facu is deprecated in APPPATH\Controllers\InvestigadoresController.php on line 41.
 1 SYSTEMPATH\CodeIgniter.php(934): App\Controllers\InvestigadoresController->add()
 2 SYSTEMPATH\CodeIgniter.php(499): CodeIgniter\CodeIgniter->runController(Object(App\Controllers\InvestigadoresController))
 3 SYSTEMPATH\CodeIgniter.php(368): CodeIgniter\CodeIgniter->handleRequest(null, Object(Config\Cache), false)
 4 FCPATH\index.php(68): CodeIgniter\CodeIgniter->run()
INFO - 2023-05-18 10:56:32 --> Session: Class initialized using 'CodeIgniter\Session\Handlers\FileHandler' driver.
INFO - 2023-05-18 10:56:45 --> Session: Class initialized using 'CodeIgniter\Session\Handlers\FileHandler' driver.
INFO - 2023-05-18 10:56:45 --> Session: Class initialized using 'CodeIgniter\Session\Handlers\FileHandler' driver.
CRITICAL - 2023-05-18 10:56:53 --> syntax error, unexpected token "*", expecting "function" or "const"
in APPPATH\Controllers\ReservasController.php on line 76.
 1 SYSTEMPATH\Autoloader\Autoloader.php(289): CodeIgniter\Autoloader\Autoloader->includeFile('C:\\xampp\\htdocs\\ProyectoCI\\app\\Controllers\\ReservasController.php')
 2 SYSTEMPATH\Autoloader\Autoloader.php(267): CodeIgniter\Autoloader\Autoloader->loadInNamespace('App\\Controllers\\ReservasController')
 3 [internal function]: CodeIgniter\Autoloader\Autoloader->loadClass('App\\Controllers\\ReservasController')
 4 SYSTEMPATH\CodeIgniter.php(892): class_exists('\\App\\Controllers\\ReservasController', true)
 5 SYSTEMPATH\CodeIgniter.php(486): CodeIgniter\CodeIgniter->startController()
 6 SYSTEMPATH\CodeIgniter.php(368): CodeIgniter\CodeIgniter->handleRequest(null, Object(Config\Cache), false)
 7 FCPATH\index.php(68): CodeIgniter\CodeIgniter->run()
INFO - 2023-05-18 10:56:55 --> Session: Class initialized using 'CodeIgniter\Session\Handlers\FileHandler' driver.
INFO - 2023-05-18 10:56:57 --> Session: Class initialized using 'CodeIgniter\Session\Handlers\FileHandler' driver.
CRITICAL - 2023-05-18 10:57:04 --> syntax error, unexpected token "*", expecting "function" or "const"
in APPPATH\Controllers\ReservasController.php on line 76.
 1 SYSTEMPATH\Autoloader\Autoloader.php(289): CodeIgniter\Autoloader\Autoloader->includeFile('C:\\xampp\\htdocs\\ProyectoCI\\app\\Controllers\\ReservasController.php')
 2 SYSTEMPATH\Autoloader\Autoloader.php(267): CodeIgniter\Autoloader\Autoloader->loadInNamespace('App\\Controllers\\ReservasController')
 3 [internal function]: CodeIgniter\Autoloader\Autoloader->loadClass('App\\Controllers\\ReservasController')
 4 SYSTEMPATH\CodeIgniter.php(892): class_exists('\\App\\Controllers\\ReservasController', true)
 5 SYSTEMPATH\CodeIgniter.php(486): CodeIgniter\CodeIgniter->startController()
 6 SYSTEMPATH\CodeIgniter.php(368): CodeIgniter\CodeIgniter->handleRequest(null, Object(Config\Cache), false)
 7 FCPATH\index.php(68): CodeIgniter\CodeIgniter->run()
INFO - 2023-05-18 10:57:34 --> Session: Class initialized using 'CodeIgniter\Session\Handlers\FileHandler' driver.
INFO - 2023-05-18 11:01:44 --> Session: Class initialized using 'CodeIgniter\Session\Handlers\FileHandler' driver.
INFO - 2023-05-18 11:01:47 --> Session: Class initialized using 'CodeIgniter\Session\Handlers\FileHandler' driver.
WARNING - 2023-05-18 11:01:47 --> [DEPRECATED] Creation of dynamic property App\Controllers\EquiposController::$crud_facu is deprecated in APPPATH\Controllers\EquiposController.php on line 41.
 1 SYSTEMPATH\CodeIgniter.php(934): App\Controllers\EquiposController->add()
 2 SYSTEMPATH\CodeIgniter.php(499): CodeIgniter\CodeIgniter->runController(Object(App\Controllers\EquiposController))
 3 SYSTEMPATH\CodeIgniter.php(368): CodeIgniter\CodeIgniter->handleRequest(null, Object(Config\Cache), false)
 4 FCPATH\index.php(68): CodeIgniter\CodeIgniter->run()
INFO - 2023-05-18 11:04:01 --> Session: Class initialized using 'CodeIgniter\Session\Handlers\FileHandler' driver.
WARNING - 2023-05-18 11:04:01 --> [DEPRECATED] Creation of dynamic property App\Controllers\EquiposController::$crud_facu is deprecated in APPPATH\Controllers\EquiposController.php on line 41.
 1 SYSTEMPATH\CodeIgniter.php(934): App\Controllers\EquiposController->add()
 2 SYSTEMPATH\CodeIgniter.php(499): CodeIgniter\CodeIgniter->runController(Object(App\Controllers\EquiposController))
 3 SYSTEMPATH\CodeIgniter.php(368): CodeIgniter\CodeIgniter->handleRequest(null, Object(Config\Cache), false)
 4 FCPATH\index.php(68): CodeIgniter\CodeIgniter->run()
INFO - 2023-05-18 11:04:36 --> Session: Class initialized using 'CodeIgniter\Session\Handlers\FileHandler' driver.
INFO - 2023-05-18 11:04:37 --> Session: Class initialized using 'CodeIgniter\Session\Handlers\FileHandler' driver.
INFO - 2023-05-18 11:15:28 --> Session: Class initialized using 'CodeIgniter\Session\Handlers\FileHandler' driver.
WARNING - 2023-05-18 11:15:28 --> [DEPRECATED] Creation of dynamic property App\Controllers\ReservasController::$crud_eq is deprecated in APPPATH\Controllers\ReservasController.php on line 41.
 1 SYSTEMPATH\CodeIgniter.php(934): App\Controllers\ReservasController->add()
 2 SYSTEMPATH\CodeIgniter.php(499): CodeIgniter\CodeIgniter->runController(Object(App\Controllers\ReservasController))
 3 SYSTEMPATH\CodeIgniter.php(368): CodeIgniter\CodeIgniter->handleRequest(null, Object(Config\Cache), false)
 4 FCPATH\index.php(68): CodeIgniter\CodeIgniter->run()
INFO - 2023-05-18 11:15:50 --> Session: Class initialized using 'CodeIgniter\Session\Handlers\FileHandler' driver.
INFO - 2023-05-18 11:15:50 --> Session: Class initialized using 'CodeIgniter\Session\Handlers\FileHandler' driver.
INFO - 2023-05-18 11:17:03 --> Session: Class initialized using 'CodeIgniter\Session\Handlers\FileHandler' driver.
WARNING - 2023-05-18 11:17:03 --> [DEPRECATED] Creation of dynamic property App\Controllers\ReservasController::$crud_eq is deprecated in APPPATH\Controllers\ReservasController.php on line 41.
 1 SYSTEMPATH\CodeIgniter.php(934): App\Controllers\ReservasController->add()
 2 SYSTEMPATH\CodeIgniter.php(499): CodeIgniter\CodeIgniter->runController(Object(App\Controllers\ReservasController))
 3 SYSTEMPATH\CodeIgniter.php(368): CodeIgniter\CodeIgniter->handleRequest(null, Object(Config\Cache), false)
 4 FCPATH\index.php(68): CodeIgniter\CodeIgniter->run()
INFO - 2023-05-18 11:17:23 --> Session: Class initialized using 'CodeIgniter\Session\Handlers\FileHandler' driver.
INFO - 2023-05-18 11:17:23 --> Session: Class initialized using 'CodeIgniter\Session\Handlers\FileHandler' driver.
INFO - 2023-05-18 11:17:44 --> Session: Class initialized using 'CodeIgniter\Session\Handlers\FileHandler' driver.
WARNING - 2023-05-18 11:17:44 --> [DEPRECATED] Creation of dynamic property App\Controllers\ReservasController::$crud_eq is deprecated in APPPATH\Controllers\ReservasController.php on line 41.
 1 SYSTEMPATH\CodeIgniter.php(934): App\Controllers\ReservasController->add()
 2 SYSTEMPATH\CodeIgniter.php(499): CodeIgniter\CodeIgniter->runController(Object(App\Controllers\ReservasController))
 3 SYSTEMPATH\CodeIgniter.php(368): CodeIgniter\CodeIgniter->handleRequest(null, Object(Config\Cache), false)
 4 FCPATH\index.php(68): CodeIgniter\CodeIgniter->run()
INFO - 2023-05-18 11:17:59 --> Session: Class initialized using 'CodeIgniter\Session\Handlers\FileHandler' driver.
INFO - 2023-05-18 11:17:59 --> Session: Class initialized using 'CodeIgniter\Session\Handlers\FileHandler' driver.
INFO - 2023-05-18 11:30:14 --> Session: Class initialized using 'CodeIgniter\Session\Handlers\FileHandler' driver.
INFO - 2023-05-18 11:30:17 --> Session: Class initialized using 'CodeIgniter\Session\Handlers\FileHandler' driver.
INFO - 2023-05-18 11:30:18 --> Session: Class initialized using 'CodeIgniter\Session\Handlers\FileHandler' driver.
INFO - 2023-05-18 11:30:19 --> Session: Class initialized using 'CodeIgniter\Session\Handlers\FileHandler' driver.
INFO - 2023-05-18 11:30:45 --> Session: Class initialized using 'CodeIgniter\Session\Handlers\FileHandler' driver.
INFO - 2023-05-18 11:30:46 --> Session: Class initialized using 'CodeIgniter\Session\Handlers\FileHandler' driver.
INFO - 2023-05-18 11:30:47 --> Session: Class initialized using 'CodeIgniter\Session\Handlers\FileHandler' driver.
INFO - 2023-05-18 11:30:51 --> Session: Class initialized using 'CodeIgniter\Session\Handlers\FileHandler' driver.
INFO - 2023-05-18 11:31:23 --> Session: Class initialized using 'CodeIgniter\Session\Handlers\FileHandler' driver.
INFO - 2023-05-18 11:32:26 --> Session: Class initialized using 'CodeIgniter\Session\Handlers\FileHandler' driver.
INFO - 2023-05-18 11:32:27 --> Session: Class initialized using 'CodeIgniter\Session\Handlers\FileHandler' driver.
INFO - 2023-05-18 11:32:33 --> Session: Class initialized using 'CodeIgniter\Session\Handlers\FileHandler' driver.
INFO - 2023-05-18 11:32:53 --> Session: Class initialized using 'CodeIgniter\Session\Handlers\FileHandler' driver.
INFO - 2023-05-18 11:32:54 --> Session: Class initialized using 'CodeIgniter\Session\Handlers\FileHandler' driver.
INFO - 2023-05-18 11:32:56 --> Session: Class initialized using 'CodeIgniter\Session\Handlers\FileHandler' driver.
INFO - 2023-05-18 11:33:11 --> Session: Class initialized using 'CodeIgniter\Session\Handlers\FileHandler' driver.
INFO - 2023-05-18 11:33:18 --> Session: Class initialized using 'CodeIgniter\Session\Handlers\FileHandler' driver.
INFO - 2023-05-18 12:10:14 --> Session: Class initialized using 'CodeIgniter\Session\Handlers\FileHandler' driver.
INFO - 2023-05-18 12:10:32 --> Session: Class initialized using 'CodeIgniter\Session\Handlers\FileHandler' driver.
ERROR - 2023-05-18 12:10:32 --> mysqli_sql_exception: Duplicate entry '0' for key 'PRIMARY' in C:\xampp\htdocs\ProyectoCI\system\Database\MySQLi\Connection.php:295
Stack trace:
#0 C:\xampp\htdocs\ProyectoCI\system\Database\MySQLi\Connection.php(295): mysqli->query('INSERT INTO `fa...', 0)
#1 C:\xampp\htdocs\ProyectoCI\system\Database\BaseConnection.php(692): CodeIgniter\Database\MySQLi\Connection->execute('INSERT INTO `fa...')
#2 C:\xampp\htdocs\ProyectoCI\system\Database\BaseConnection.php(606): CodeIgniter\Database\BaseConnection->simpleQuery('INSERT INTO `fa...')
#3 C:\xampp\htdocs\ProyectoCI\system\Database\BaseBuilder.php(2309): CodeIgniter\Database\BaseConnection->query('INSERT INTO `fa...', Array, false)
#4 C:\xampp\htdocs\ProyectoCI\system\Model.php(330): CodeIgniter\Database\BaseBuilder->insert()
#5 C:\xampp\htdocs\ProyectoCI\system\BaseModel.php(782): CodeIgniter\Model->doInsert(Array)
#6 C:\xampp\htdocs\ProyectoCI\system\Model.php(730): CodeIgniter\BaseModel->insert(Array, true)
#7 C:\xampp\htdocs\ProyectoCI\app\Controllers\FacultadController.php(54): CodeIgniter\Model->insert(Array)
#8 C:\xampp\htdocs\ProyectoCI\system\CodeIgniter.php(934): App\Controllers\FacultadController->save()
#9 C:\xampp\htdocs\ProyectoCI\system\CodeIgniter.php(499): CodeIgniter\CodeIgniter->runController(Object(App\Controllers\FacultadController))
#10 C:\xampp\htdocs\ProyectoCI\system\CodeIgniter.php(368): CodeIgniter\CodeIgniter->handleRequest(NULL, Object(Config\Cache), false)
#11 C:\xampp\htdocs\ProyectoCI\index.php(68): CodeIgniter\CodeIgniter->run()
#12 {main}
CRITICAL - 2023-05-18 12:10:32 --> Duplicate entry '0' for key 'PRIMARY'
in SYSTEMPATH\Database\MySQLi\Connection.php on line 295.
 1 SYSTEMPATH\Database\MySQLi\Connection.php(295): mysqli->query('INSERT INTO `facultad` (`NomFacultad`) VALUES (\'Diseño Gráfico\')', 0)
 2 SYSTEMPATH\Database\BaseConnection.php(692): CodeIgniter\Database\MySQLi\Connection->execute('INSERT INTO `facultad` (`NomFacultad`) VALUES (\'Diseño Gráfico\')')
 3 SYSTEMPATH\Database\BaseConnection.php(606): CodeIgniter\Database\BaseConnection->simpleQuery('INSERT INTO `facultad` (`NomFacultad`) VALUES (\'Diseño Gráfico\')')
 4 SYSTEMPATH\Database\BaseBuilder.php(2309): CodeIgniter\Database\BaseConnection->query('INSERT INTO `facultad` (`NomFacultad`) VALUES (:NomFacultad:)', [...], false)
 5 SYSTEMPATH\Model.php(330): CodeIgniter\Database\BaseBuilder->insert()
 6 SYSTEMPATH\BaseModel.php(782): CodeIgniter\Model->doInsert([...])
 7 SYSTEMPATH\Model.php(730): CodeIgniter\BaseModel->insert([...], true)
 8 APPPATH\Controllers\FacultadController.php(54): CodeIgniter\Model->insert([...])
 9 SYSTEMPATH\CodeIgniter.php(934): App\Controllers\FacultadController->save()
10 SYSTEMPATH\CodeIgniter.php(499): CodeIgniter\CodeIgniter->runController(Object(App\Controllers\FacultadController))
11 SYSTEMPATH\CodeIgniter.php(368): CodeIgniter\CodeIgniter->handleRequest(null, Object(Config\Cache), false)
12 FCPATH\index.php(68): CodeIgniter\CodeIgniter->run()
