INFO - 2023-05-19 06:57:42 --> Session: Class initialized using 'CodeIgniter\Session\Handlers\FileHandler' driver.
INFO - 2023-05-19 06:57:48 --> Session: Class initialized using 'CodeIgniter\Session\Handlers\FileHandler' driver.
INFO - 2023-05-19 06:57:51 --> Session: Class initialized using 'CodeIgniter\Session\Handlers\FileHandler' driver.
INFO - 2023-05-19 06:57:51 --> Session: Class initialized using 'CodeIgniter\Session\Handlers\FileHandler' driver.
INFO - 2023-05-19 07:06:30 --> Session: Class initialized using 'CodeIgniter\Session\Handlers\FileHandler' driver.
INFO - 2023-05-19 07:06:47 --> Session: Class initialized using 'CodeIgniter\Session\Handlers\FileHandler' driver.
INFO - 2023-05-19 07:07:09 --> Session: Class initialized using 'CodeIgniter\Session\Handlers\FileHandler' driver.
INFO - 2023-05-19 07:07:33 --> Session: Class initialized using 'CodeIgniter\Session\Handlers\FileHandler' driver.
INFO - 2023-05-19 08:16:28 --> Session: Class initialized using 'CodeIgniter\Session\Handlers\FileHandler' driver.
INFO - 2023-05-19 08:16:32 --> Session: Class initialized using 'CodeIgniter\Session\Handlers\FileHandler' driver.
INFO - 2023-05-19 08:16:42 --> Session: Class initialized using 'CodeIgniter\Session\Handlers\FileHandler' driver.
INFO - 2023-05-19 08:16:45 --> Session: Class initialized using 'CodeIgniter\Session\Handlers\FileHandler' driver.
INFO - 2023-05-19 08:16:46 --> Session: Class initialized using 'CodeIgniter\Session\Handlers\FileHandler' driver.
INFO - 2023-05-19 08:16:47 --> Session: Class initialized using 'CodeIgniter\Session\Handlers\FileHandler' driver.
INFO - 2023-05-19 08:16:49 --> Session: Class initialized using 'CodeIgniter\Session\Handlers\FileHandler' driver.
INFO - 2023-05-19 08:17:38 --> Session: Class initialized using 'CodeIgniter\Session\Handlers\FileHandler' driver.
INFO - 2023-05-19 08:17:41 --> Session: Class initialized using 'CodeIgniter\Session\Handlers\FileHandler' driver.
INFO - 2023-05-19 08:17:43 --> Session: Class initialized using 'CodeIgniter\Session\Handlers\FileHandler' driver.
INFO - 2023-05-19 08:18:09 --> Session: Class initialized using 'CodeIgniter\Session\Handlers\FileHandler' driver.
INFO - 2023-05-19 08:18:28 --> Session: Class initialized using 'CodeIgniter\Session\Handlers\FileHandler' driver.
INFO - 2023-05-19 08:18:32 --> Session: Class initialized using 'CodeIgniter\Session\Handlers\FileHandler' driver.
INFO - 2023-05-19 08:18:33 --> Session: Class initialized using 'CodeIgniter\Session\Handlers\FileHandler' driver.
INFO - 2023-05-19 08:18:34 --> Session: Class initialized using 'CodeIgniter\Session\Handlers\FileHandler' driver.
INFO - 2023-05-19 08:18:35 --> Session: Class initialized using 'CodeIgniter\Session\Handlers\FileHandler' driver.
INFO - 2023-05-19 08:18:43 --> Session: Class initialized using 'CodeIgniter\Session\Handlers\FileHandler' driver.
INFO - 2023-05-19 08:20:46 --> Session: Class initialized using 'CodeIgniter\Session\Handlers\FileHandler' driver.
INFO - 2023-05-19 08:20:51 --> Session: Class initialized using 'CodeIgniter\Session\Handlers\FileHandler' driver.
INFO - 2023-05-19 08:20:55 --> Session: Class initialized using 'CodeIgniter\Session\Handlers\FileHandler' driver.
INFO - 2023-05-19 08:21:37 --> Session: Class initialized using 'CodeIgniter\Session\Handlers\FileHandler' driver.
INFO - 2023-05-19 08:21:50 --> Session: Class initialized using 'CodeIgniter\Session\Handlers\FileHandler' driver.
INFO - 2023-05-19 08:23:05 --> Session: Class initialized using 'CodeIgniter\Session\Handlers\FileHandler' driver.
INFO - 2023-05-19 08:57:28 --> Session: Class initialized using 'CodeIgniter\Session\Handlers\FileHandler' driver.
INFO - 2023-05-19 08:59:16 --> Session: Class initialized using 'CodeIgniter\Session\Handlers\FileHandler' driver.
CRITICAL - 2023-05-19 09:03:42 --> syntax error, unexpected token "}", expecting ";"
in APPPATH\Controllers\InvestigadoresController.php on line 98.
 1 SYSTEMPATH\Autoloader\Autoloader.php(289): CodeIgniter\Autoloader\Autoloader->includeFile('C:\\xampp\\htdocs\\ProyectoCI\\app\\Controllers\\InvestigadoresController.php')
 2 SYSTEMPATH\Autoloader\Autoloader.php(267): CodeIgniter\Autoloader\Autoloader->loadInNamespace('App\\Controllers\\InvestigadoresController')
 3 [internal function]: CodeIgniter\Autoloader\Autoloader->loadClass('App\\Controllers\\InvestigadoresController')
 4 SYSTEMPATH\CodeIgniter.php(892): class_exists('\\App\\Controllers\\InvestigadoresController', true)
 5 SYSTEMPATH\CodeIgniter.php(486): CodeIgniter\CodeIgniter->startController()
 6 SYSTEMPATH\CodeIgniter.php(368): CodeIgniter\CodeIgniter->handleRequest(null, Object(Config\Cache), false)
 7 FCPATH\index.php(68): CodeIgniter\CodeIgniter->run()
INFO - 2023-05-19 09:03:56 --> Session: Class initialized using 'CodeIgniter\Session\Handlers\FileHandler' driver.
INFO - 2023-05-19 09:04:30 --> Session: Class initialized using 'CodeIgniter\Session\Handlers\FileHandler' driver.
CRITICAL - 2023-05-19 09:04:33 --> syntax error, unexpected token "}", expecting ";"
in APPPATH\Controllers\InvestigadoresController.php on line 98.
 1 SYSTEMPATH\Autoloader\Autoloader.php(289): CodeIgniter\Autoloader\Autoloader->includeFile('C:\\xampp\\htdocs\\ProyectoCI\\app\\Controllers\\InvestigadoresController.php')
 2 SYSTEMPATH\Autoloader\Autoloader.php(267): CodeIgniter\Autoloader\Autoloader->loadInNamespace('App\\Controllers\\InvestigadoresController')
 3 [internal function]: CodeIgniter\Autoloader\Autoloader->loadClass('App\\Controllers\\InvestigadoresController')
 4 SYSTEMPATH\CodeIgniter.php(892): class_exists('\\App\\Controllers\\InvestigadoresController', true)
 5 SYSTEMPATH\CodeIgniter.php(486): CodeIgniter\CodeIgniter->startController()
 6 SYSTEMPATH\CodeIgniter.php(368): CodeIgniter\CodeIgniter->handleRequest(null, Object(Config\Cache), false)
 7 FCPATH\index.php(68): CodeIgniter\CodeIgniter->run()
INFO - 2023-05-19 09:05:28 --> Session: Class initialized using 'CodeIgniter\Session\Handlers\FileHandler' driver.
INFO - 2023-05-19 09:05:54 --> Session: Class initialized using 'CodeIgniter\Session\Handlers\FileHandler' driver.
CRITICAL - 2023-05-19 09:05:57 --> syntax error, unexpected token "}", expecting ";"
in APPPATH\Controllers\InvestigadoresController.php on line 98.
 1 SYSTEMPATH\Autoloader\Autoloader.php(289): CodeIgniter\Autoloader\Autoloader->includeFile('C:\\xampp\\htdocs\\ProyectoCI\\app\\Controllers\\InvestigadoresController.php')
 2 SYSTEMPATH\Autoloader\Autoloader.php(267): CodeIgniter\Autoloader\Autoloader->loadInNamespace('App\\Controllers\\InvestigadoresController')
 3 [internal function]: CodeIgniter\Autoloader\Autoloader->loadClass('App\\Controllers\\InvestigadoresController')
 4 SYSTEMPATH\CodeIgniter.php(892): class_exists('\\App\\Controllers\\InvestigadoresController', true)
 5 SYSTEMPATH\CodeIgniter.php(486): CodeIgniter\CodeIgniter->startController()
 6 SYSTEMPATH\CodeIgniter.php(368): CodeIgniter\CodeIgniter->handleRequest(null, Object(Config\Cache), false)
 7 FCPATH\index.php(68): CodeIgniter\CodeIgniter->run()
CRITICAL - 2023-05-19 09:06:23 --> syntax error, unexpected token "}", expecting ";"
in APPPATH\Controllers\InvestigadoresController.php on line 98.
 1 SYSTEMPATH\Autoloader\Autoloader.php(289): CodeIgniter\Autoloader\Autoloader->includeFile('C:\\xampp\\htdocs\\ProyectoCI\\app\\Controllers\\InvestigadoresController.php')
 2 SYSTEMPATH\Autoloader\Autoloader.php(267): CodeIgniter\Autoloader\Autoloader->loadInNamespace('App\\Controllers\\InvestigadoresController')
 3 [internal function]: CodeIgniter\Autoloader\Autoloader->loadClass('App\\Controllers\\InvestigadoresController')
 4 SYSTEMPATH\CodeIgniter.php(892): class_exists('\\App\\Controllers\\InvestigadoresController', true)
 5 SYSTEMPATH\CodeIgniter.php(486): CodeIgniter\CodeIgniter->startController()
 6 SYSTEMPATH\CodeIgniter.php(368): CodeIgniter\CodeIgniter->handleRequest(null, Object(Config\Cache), false)
 7 FCPATH\index.php(68): CodeIgniter\CodeIgniter->run()
INFO - 2023-05-19 09:06:25 --> Session: Class initialized using 'CodeIgniter\Session\Handlers\FileHandler' driver.
CRITICAL - 2023-05-19 09:06:27 --> syntax error, unexpected token "}", expecting ";"
in APPPATH\Controllers\InvestigadoresController.php on line 98.
 1 SYSTEMPATH\Autoloader\Autoloader.php(289): CodeIgniter\Autoloader\Autoloader->includeFile('C:\\xampp\\htdocs\\ProyectoCI\\app\\Controllers\\InvestigadoresController.php')
 2 SYSTEMPATH\Autoloader\Autoloader.php(267): CodeIgniter\Autoloader\Autoloader->loadInNamespace('App\\Controllers\\InvestigadoresController')
 3 [internal function]: CodeIgniter\Autoloader\Autoloader->loadClass('App\\Controllers\\InvestigadoresController')
 4 SYSTEMPATH\CodeIgniter.php(892): class_exists('\\App\\Controllers\\InvestigadoresController', true)
 5 SYSTEMPATH\CodeIgniter.php(486): CodeIgniter\CodeIgniter->startController()
 6 SYSTEMPATH\CodeIgniter.php(368): CodeIgniter\CodeIgniter->handleRequest(null, Object(Config\Cache), false)
 7 FCPATH\index.php(68): CodeIgniter\CodeIgniter->run()
CRITICAL - 2023-05-19 09:06:44 --> syntax error, unexpected token "}", expecting ";"
in APPPATH\Controllers\InvestigadoresController.php on line 98.
 1 SYSTEMPATH\Autoloader\Autoloader.php(289): CodeIgniter\Autoloader\Autoloader->includeFile('C:\\xampp\\htdocs\\ProyectoCI\\app\\Controllers\\InvestigadoresController.php')
 2 SYSTEMPATH\Autoloader\Autoloader.php(267): CodeIgniter\Autoloader\Autoloader->loadInNamespace('App\\Controllers\\InvestigadoresController')
 3 [internal function]: CodeIgniter\Autoloader\Autoloader->loadClass('App\\Controllers\\InvestigadoresController')
 4 SYSTEMPATH\CodeIgniter.php(892): class_exists('\\App\\Controllers\\InvestigadoresController', true)
 5 SYSTEMPATH\CodeIgniter.php(486): CodeIgniter\CodeIgniter->startController()
 6 SYSTEMPATH\CodeIgniter.php(368): CodeIgniter\CodeIgniter->handleRequest(null, Object(Config\Cache), false)
 7 FCPATH\index.php(68): CodeIgniter\CodeIgniter->run()
INFO - 2023-05-19 09:07:30 --> Session: Class initialized using 'CodeIgniter\Session\Handlers\FileHandler' driver.
INFO - 2023-05-19 09:07:36 --> Session: Class initialized using 'CodeIgniter\Session\Handlers\FileHandler' driver.
INFO - 2023-05-19 09:07:36 --> Session: Class initialized using 'CodeIgniter\Session\Handlers\FileHandler' driver.
INFO - 2023-05-19 09:08:18 --> Session: Class initialized using 'CodeIgniter\Session\Handlers\FileHandler' driver.
INFO - 2023-05-19 09:08:21 --> Session: Class initialized using 'CodeIgniter\Session\Handlers\FileHandler' driver.
ERROR - 2023-05-19 09:08:21 --> mysqli_sql_exception: Cannot delete or update a parent row: a foreign key constraint fails (`investigadores`.`reservas`, CONSTRAINT `reservas_ibfk_1` FOREIGN KEY (`DNI`) REFERENCES `investigadores` (`DNI`)) in C:\xampp\htdocs\ProyectoCI\system\Database\MySQLi\Connection.php:295
Stack trace:
#0 C:\xampp\htdocs\ProyectoCI\system\Database\MySQLi\Connection.php(295): mysqli->query('DELETE FROM `in...', 0)
#1 C:\xampp\htdocs\ProyectoCI\system\Database\BaseConnection.php(692): CodeIgniter\Database\MySQLi\Connection->execute('DELETE FROM `in...')
#2 C:\xampp\htdocs\ProyectoCI\system\Database\BaseConnection.php(606): CodeIgniter\Database\BaseConnection->simpleQuery('DELETE FROM `in...')
#3 C:\xampp\htdocs\ProyectoCI\system\Database\BaseBuilder.php(2791): CodeIgniter\Database\BaseConnection->query('DELETE FROM `in...', Array, false)
#4 C:\xampp\htdocs\ProyectoCI\system\Model.php(456): CodeIgniter\Database\BaseBuilder->delete()
#5 C:\xampp\htdocs\ProyectoCI\system\BaseModel.php(1065): CodeIgniter\Model->doDelete(NULL, false)
#6 C:\xampp\htdocs\ProyectoCI\app\Controllers\InvestigadoresController.php(96): CodeIgniter\BaseModel->delete()
#7 C:\xampp\htdocs\ProyectoCI\system\CodeIgniter.php(934): App\Controllers\InvestigadoresController->delete()
#8 C:\xampp\htdocs\ProyectoCI\system\CodeIgniter.php(499): CodeIgniter\CodeIgniter->runController(Object(App\Controllers\InvestigadoresController))
#9 C:\xampp\htdocs\ProyectoCI\system\CodeIgniter.php(368): CodeIgniter\CodeIgniter->handleRequest(NULL, Object(Config\Cache), false)
#10 C:\xampp\htdocs\ProyectoCI\index.php(68): CodeIgniter\CodeIgniter->run()
#11 {main}
CRITICAL - 2023-05-19 09:08:21 --> Cannot delete or update a parent row: a foreign key constraint fails (`investigadores`.`reservas`, CONSTRAINT `reservas_ibfk_1` FOREIGN KEY (`DNI`) REFERENCES `investigadores` (`DNI`))
in SYSTEMPATH\Database\MySQLi\Connection.php on line 295.
 1 SYSTEMPATH\Database\MySQLi\Connection.php(295): mysqli->query('DELETE FROM `investigadores`
WHERE `DNI` = \'23435343P\'', 0)
 2 SYSTEMPATH\Database\BaseConnection.php(692): CodeIgniter\Database\MySQLi\Connection->execute('DELETE FROM `investigadores`
WHERE `DNI` = \'23435343P\'')
 3 SYSTEMPATH\Database\BaseConnection.php(606): CodeIgniter\Database\BaseConnection->simpleQuery('DELETE FROM `investigadores`
WHERE `DNI` = \'23435343P\'')
 4 SYSTEMPATH\Database\BaseBuilder.php(2791): CodeIgniter\Database\BaseConnection->query('DELETE FROM `investigadores`
WHERE `DNI` = :DNI:', [...], false)
 5 SYSTEMPATH\Model.php(456): CodeIgniter\Database\BaseBuilder->delete()
 6 SYSTEMPATH\BaseModel.php(1065): CodeIgniter\Model->doDelete(null, false)
 7 APPPATH\Controllers\InvestigadoresController.php(96): CodeIgniter\BaseModel->delete()
 8 SYSTEMPATH\CodeIgniter.php(934): App\Controllers\InvestigadoresController->delete()
 9 SYSTEMPATH\CodeIgniter.php(499): CodeIgniter\CodeIgniter->runController(Object(App\Controllers\InvestigadoresController))
10 SYSTEMPATH\CodeIgniter.php(368): CodeIgniter\CodeIgniter->handleRequest(null, Object(Config\Cache), false)
11 FCPATH\index.php(68): CodeIgniter\CodeIgniter->run()
INFO - 2023-05-19 09:08:36 --> Session: Class initialized using 'CodeIgniter\Session\Handlers\FileHandler' driver.
ERROR - 2023-05-19 09:08:36 --> mysqli_sql_exception: Cannot delete or update a parent row: a foreign key constraint fails (`investigadores`.`reservas`, CONSTRAINT `reservas_ibfk_1` FOREIGN KEY (`DNI`) REFERENCES `investigadores` (`DNI`)) in C:\xampp\htdocs\ProyectoCI\system\Database\MySQLi\Connection.php:295
Stack trace:
#0 C:\xampp\htdocs\ProyectoCI\system\Database\MySQLi\Connection.php(295): mysqli->query('DELETE FROM `in...', 0)
#1 C:\xampp\htdocs\ProyectoCI\system\Database\BaseConnection.php(692): CodeIgniter\Database\MySQLi\Connection->execute('DELETE FROM `in...')
#2 C:\xampp\htdocs\ProyectoCI\system\Database\BaseConnection.php(606): CodeIgniter\Database\BaseConnection->simpleQuery('DELETE FROM `in...')
#3 C:\xampp\htdocs\ProyectoCI\system\Database\BaseBuilder.php(2791): CodeIgniter\Database\BaseConnection->query('DELETE FROM `in...', Array, false)
#4 C:\xampp\htdocs\ProyectoCI\system\Model.php(456): CodeIgniter\Database\BaseBuilder->delete()
#5 C:\xampp\htdocs\ProyectoCI\system\BaseModel.php(1065): CodeIgniter\Model->doDelete(NULL, false)
#6 C:\xampp\htdocs\ProyectoCI\app\Controllers\InvestigadoresController.php(96): CodeIgniter\BaseModel->delete()
#7 C:\xampp\htdocs\ProyectoCI\system\CodeIgniter.php(934): App\Controllers\InvestigadoresController->delete()
#8 C:\xampp\htdocs\ProyectoCI\system\CodeIgniter.php(499): CodeIgniter\CodeIgniter->runController(Object(App\Controllers\InvestigadoresController))
#9 C:\xampp\htdocs\ProyectoCI\system\CodeIgniter.php(368): CodeIgniter\CodeIgniter->handleRequest(NULL, Object(Config\Cache), false)
#10 C:\xampp\htdocs\ProyectoCI\index.php(68): CodeIgniter\CodeIgniter->run()
#11 {main}
CRITICAL - 2023-05-19 09:08:36 --> Cannot delete or update a parent row: a foreign key constraint fails (`investigadores`.`reservas`, CONSTRAINT `reservas_ibfk_1` FOREIGN KEY (`DNI`) REFERENCES `investigadores` (`DNI`))
in SYSTEMPATH\Database\MySQLi\Connection.php on line 295.
 1 SYSTEMPATH\Database\MySQLi\Connection.php(295): mysqli->query('DELETE FROM `investigadores`
WHERE `DNI` = \'23435343P\'', 0)
 2 SYSTEMPATH\Database\BaseConnection.php(692): CodeIgniter\Database\MySQLi\Connection->execute('DELETE FROM `investigadores`
WHERE `DNI` = \'23435343P\'')
 3 SYSTEMPATH\Database\BaseConnection.php(606): CodeIgniter\Database\BaseConnection->simpleQuery('DELETE FROM `investigadores`
WHERE `DNI` = \'23435343P\'')
 4 SYSTEMPATH\Database\BaseBuilder.php(2791): CodeIgniter\Database\BaseConnection->query('DELETE FROM `investigadores`
WHERE `DNI` = :DNI:', [...], false)
 5 SYSTEMPATH\Model.php(456): CodeIgniter\Database\BaseBuilder->delete()
 6 SYSTEMPATH\BaseModel.php(1065): CodeIgniter\Model->doDelete(null, false)
 7 APPPATH\Controllers\InvestigadoresController.php(96): CodeIgniter\BaseModel->delete()
 8 SYSTEMPATH\CodeIgniter.php(934): App\Controllers\InvestigadoresController->delete()
 9 SYSTEMPATH\CodeIgniter.php(499): CodeIgniter\CodeIgniter->runController(Object(App\Controllers\InvestigadoresController))
10 SYSTEMPATH\CodeIgniter.php(368): CodeIgniter\CodeIgniter->handleRequest(null, Object(Config\Cache), false)
11 FCPATH\index.php(68): CodeIgniter\CodeIgniter->run()
INFO - 2023-05-19 09:08:38 --> Session: Class initialized using 'CodeIgniter\Session\Handlers\FileHandler' driver.
INFO - 2023-05-19 09:08:39 --> Session: Class initialized using 'CodeIgniter\Session\Handlers\FileHandler' driver.
INFO - 2023-05-19 09:08:40 --> Session: Class initialized using 'CodeIgniter\Session\Handlers\FileHandler' driver.
INFO - 2023-05-19 09:08:40 --> Session: Class initialized using 'CodeIgniter\Session\Handlers\FileHandler' driver.
INFO - 2023-05-19 09:08:40 --> Session: Class initialized using 'CodeIgniter\Session\Handlers\FileHandler' driver.
INFO - 2023-05-19 09:08:40 --> Session: Class initialized using 'CodeIgniter\Session\Handlers\FileHandler' driver.
INFO - 2023-05-19 09:08:41 --> Session: Class initialized using 'CodeIgniter\Session\Handlers\FileHandler' driver.
INFO - 2023-05-19 09:08:41 --> Session: Class initialized using 'CodeIgniter\Session\Handlers\FileHandler' driver.
INFO - 2023-05-19 09:08:43 --> Session: Class initialized using 'CodeIgniter\Session\Handlers\FileHandler' driver.
ERROR - 2023-05-19 09:08:43 --> mysqli_sql_exception: Cannot delete or update a parent row: a foreign key constraint fails (`investigadores`.`reservas`, CONSTRAINT `reservas_ibfk_1` FOREIGN KEY (`DNI`) REFERENCES `investigadores` (`DNI`)) in C:\xampp\htdocs\ProyectoCI\system\Database\MySQLi\Connection.php:295
Stack trace:
#0 C:\xampp\htdocs\ProyectoCI\system\Database\MySQLi\Connection.php(295): mysqli->query('DELETE FROM `in...', 0)
#1 C:\xampp\htdocs\ProyectoCI\system\Database\BaseConnection.php(692): CodeIgniter\Database\MySQLi\Connection->execute('DELETE FROM `in...')
#2 C:\xampp\htdocs\ProyectoCI\system\Database\BaseConnection.php(606): CodeIgniter\Database\BaseConnection->simpleQuery('DELETE FROM `in...')
#3 C:\xampp\htdocs\ProyectoCI\system\Database\BaseBuilder.php(2791): CodeIgniter\Database\BaseConnection->query('DELETE FROM `in...', Array, false)
#4 C:\xampp\htdocs\ProyectoCI\system\Model.php(456): CodeIgniter\Database\BaseBuilder->delete()
#5 C:\xampp\htdocs\ProyectoCI\system\BaseModel.php(1065): CodeIgniter\Model->doDelete(NULL, false)
#6 C:\xampp\htdocs\ProyectoCI\app\Controllers\InvestigadoresController.php(96): CodeIgniter\BaseModel->delete()
#7 C:\xampp\htdocs\ProyectoCI\system\CodeIgniter.php(934): App\Controllers\InvestigadoresController->delete()
#8 C:\xampp\htdocs\ProyectoCI\system\CodeIgniter.php(499): CodeIgniter\CodeIgniter->runController(Object(App\Controllers\InvestigadoresController))
#9 C:\xampp\htdocs\ProyectoCI\system\CodeIgniter.php(368): CodeIgniter\CodeIgniter->handleRequest(NULL, Object(Config\Cache), false)
#10 C:\xampp\htdocs\ProyectoCI\index.php(68): CodeIgniter\CodeIgniter->run()
#11 {main}
CRITICAL - 2023-05-19 09:08:43 --> Cannot delete or update a parent row: a foreign key constraint fails (`investigadores`.`reservas`, CONSTRAINT `reservas_ibfk_1` FOREIGN KEY (`DNI`) REFERENCES `investigadores` (`DNI`))
in SYSTEMPATH\Database\MySQLi\Connection.php on line 295.
 1 SYSTEMPATH\Database\MySQLi\Connection.php(295): mysqli->query('DELETE FROM `investigadores`
WHERE `DNI` = \'23435343P\'', 0)
 2 SYSTEMPATH\Database\BaseConnection.php(692): CodeIgniter\Database\MySQLi\Connection->execute('DELETE FROM `investigadores`
WHERE `DNI` = \'23435343P\'')
 3 SYSTEMPATH\Database\BaseConnection.php(606): CodeIgniter\Database\BaseConnection->simpleQuery('DELETE FROM `investigadores`
WHERE `DNI` = \'23435343P\'')
 4 SYSTEMPATH\Database\BaseBuilder.php(2791): CodeIgniter\Database\BaseConnection->query('DELETE FROM `investigadores`
WHERE `DNI` = :DNI:', [...], false)
 5 SYSTEMPATH\Model.php(456): CodeIgniter\Database\BaseBuilder->delete()
 6 SYSTEMPATH\BaseModel.php(1065): CodeIgniter\Model->doDelete(null, false)
 7 APPPATH\Controllers\InvestigadoresController.php(96): CodeIgniter\BaseModel->delete()
 8 SYSTEMPATH\CodeIgniter.php(934): App\Controllers\InvestigadoresController->delete()
 9 SYSTEMPATH\CodeIgniter.php(499): CodeIgniter\CodeIgniter->runController(Object(App\Controllers\InvestigadoresController))
10 SYSTEMPATH\CodeIgniter.php(368): CodeIgniter\CodeIgniter->handleRequest(null, Object(Config\Cache), false)
11 FCPATH\index.php(68): CodeIgniter\CodeIgniter->run()
INFO - 2023-05-19 09:14:33 --> Session: Class initialized using 'CodeIgniter\Session\Handlers\FileHandler' driver.
INFO - 2023-05-19 09:14:53 --> Session: Class initialized using 'CodeIgniter\Session\Handlers\FileHandler' driver.
INFO - 2023-05-19 09:15:42 --> Session: Class initialized using 'CodeIgniter\Session\Handlers\FileHandler' driver.
INFO - 2023-05-19 09:18:10 --> Session: Class initialized using 'CodeIgniter\Session\Handlers\FileHandler' driver.
INFO - 2023-05-19 09:18:58 --> Session: Class initialized using 'CodeIgniter\Session\Handlers\FileHandler' driver.
CRITICAL - 2023-05-19 09:18:58 --> Undefined array key "dni"
in APPPATH\Controllers\InvestigadoresController.php on line 95.
 1 APPPATH\Controllers\InvestigadoresController.php(95): CodeIgniter\Debug\Exceptions->errorHandler(2, 'Undefined array key "dni"', 'C:\\xampp\\htdocs\\ProyectoCI\\app\\Controllers\\InvestigadoresController.php', 95)
 2 SYSTEMPATH\CodeIgniter.php(934): App\Controllers\InvestigadoresController->delete()
 3 SYSTEMPATH\CodeIgniter.php(499): CodeIgniter\CodeIgniter->runController(Object(App\Controllers\InvestigadoresController))
 4 SYSTEMPATH\CodeIgniter.php(368): CodeIgniter\CodeIgniter->handleRequest(null, Object(Config\Cache), false)
 5 FCPATH\index.php(68): CodeIgniter\CodeIgniter->run()
INFO - 2023-05-19 09:19:17 --> Session: Class initialized using 'CodeIgniter\Session\Handlers\FileHandler' driver.
INFO - 2023-05-19 09:19:17 --> Session: Class initialized using 'CodeIgniter\Session\Handlers\FileHandler' driver.
INFO - 2023-05-19 09:19:37 --> Session: Class initialized using 'CodeIgniter\Session\Handlers\FileHandler' driver.
INFO - 2023-05-19 09:19:53 --> Session: Class initialized using 'CodeIgniter\Session\Handlers\FileHandler' driver.
INFO - 2023-05-19 09:20:14 --> Session: Class initialized using 'CodeIgniter\Session\Handlers\FileHandler' driver.
INFO - 2023-05-19 09:22:30 --> Session: Class initialized using 'CodeIgniter\Session\Handlers\FileHandler' driver.
INFO - 2023-05-19 09:22:45 --> Session: Class initialized using 'CodeIgniter\Session\Handlers\FileHandler' driver.
INFO - 2023-05-19 09:24:14 --> Session: Class initialized using 'CodeIgniter\Session\Handlers\FileHandler' driver.
INFO - 2023-05-19 10:38:04 --> Session: Class initialized using 'CodeIgniter\Session\Handlers\FileHandler' driver.
INFO - 2023-05-19 10:38:08 --> Session: Class initialized using 'CodeIgniter\Session\Handlers\FileHandler' driver.
INFO - 2023-05-19 10:39:54 --> Session: Class initialized using 'CodeIgniter\Session\Handlers\FileHandler' driver.
INFO - 2023-05-19 10:40:17 --> Session: Class initialized using 'CodeIgniter\Session\Handlers\FileHandler' driver.
INFO - 2023-05-19 10:42:34 --> Session: Class initialized using 'CodeIgniter\Session\Handlers\FileHandler' driver.
INFO - 2023-05-19 10:42:37 --> Session: Class initialized using 'CodeIgniter\Session\Handlers\FileHandler' driver.
INFO - 2023-05-19 10:43:03 --> Session: Class initialized using 'CodeIgniter\Session\Handlers\FileHandler' driver.
INFO - 2023-05-19 10:43:29 --> Session: Class initialized using 'CodeIgniter\Session\Handlers\FileHandler' driver.
ERROR - 2023-05-19 10:43:29 --> mysqli_sql_exception: Cannot delete or update a parent row: a foreign key constraint fails (`investigadores`.`reservas`, CONSTRAINT `reservas_ibfk_1` FOREIGN KEY (`DNI`) REFERENCES `investigadores` (`DNI`)) in C:\xampp\htdocs\ProyectoCI\system\Database\MySQLi\Connection.php:295
Stack trace:
#0 C:\xampp\htdocs\ProyectoCI\system\Database\MySQLi\Connection.php(295): mysqli->query('DELETE FROM `in...', 0)
#1 C:\xampp\htdocs\ProyectoCI\system\Database\BaseConnection.php(692): CodeIgniter\Database\MySQLi\Connection->execute('DELETE FROM `in...')
#2 C:\xampp\htdocs\ProyectoCI\system\Database\BaseConnection.php(606): CodeIgniter\Database\BaseConnection->simpleQuery('DELETE FROM `in...')
#3 C:\xampp\htdocs\ProyectoCI\system\Database\BaseBuilder.php(2791): CodeIgniter\Database\BaseConnection->query('DELETE FROM `in...', Array, false)
#4 C:\xampp\htdocs\ProyectoCI\system\Model.php(456): CodeIgniter\Database\BaseBuilder->delete()
#5 C:\xampp\htdocs\ProyectoCI\system\BaseModel.php(1065): CodeIgniter\Model->doDelete(NULL, false)
#6 C:\xampp\htdocs\ProyectoCI\app\Controllers\InvestigadoresController.php(96): CodeIgniter\BaseModel->delete()
#7 C:\xampp\htdocs\ProyectoCI\system\CodeIgniter.php(934): App\Controllers\InvestigadoresController->delete()
#8 C:\xampp\htdocs\ProyectoCI\system\CodeIgniter.php(499): CodeIgniter\CodeIgniter->runController(Object(App\Controllers\InvestigadoresController))
#9 C:\xampp\htdocs\ProyectoCI\system\CodeIgniter.php(368): CodeIgniter\CodeIgniter->handleRequest(NULL, Object(Config\Cache), false)
#10 C:\xampp\htdocs\ProyectoCI\index.php(68): CodeIgniter\CodeIgniter->run()
#11 {main}
CRITICAL - 2023-05-19 10:43:29 --> Cannot delete or update a parent row: a foreign key constraint fails (`investigadores`.`reservas`, CONSTRAINT `reservas_ibfk_1` FOREIGN KEY (`DNI`) REFERENCES `investigadores` (`DNI`))
in SYSTEMPATH\Database\MySQLi\Connection.php on line 295.
 1 SYSTEMPATH\Database\MySQLi\Connection.php(295): mysqli->query('DELETE FROM `investigadores`
WHERE `DNI` = \'23435343P\'', 0)
 2 SYSTEMPATH\Database\BaseConnection.php(692): CodeIgniter\Database\MySQLi\Connection->execute('DELETE FROM `investigadores`
WHERE `DNI` = \'23435343P\'')
 3 SYSTEMPATH\Database\BaseConnection.php(606): CodeIgniter\Database\BaseConnection->simpleQuery('DELETE FROM `investigadores`
WHERE `DNI` = \'23435343P\'')
 4 SYSTEMPATH\Database\BaseBuilder.php(2791): CodeIgniter\Database\BaseConnection->query('DELETE FROM `investigadores`
WHERE `DNI` = :DNI:', [...], false)
 5 SYSTEMPATH\Model.php(456): CodeIgniter\Database\BaseBuilder->delete()
 6 SYSTEMPATH\BaseModel.php(1065): CodeIgniter\Model->doDelete(null, false)
 7 APPPATH\Controllers\InvestigadoresController.php(96): CodeIgniter\BaseModel->delete()
 8 SYSTEMPATH\CodeIgniter.php(934): App\Controllers\InvestigadoresController->delete()
 9 SYSTEMPATH\CodeIgniter.php(499): CodeIgniter\CodeIgniter->runController(Object(App\Controllers\InvestigadoresController))
10 SYSTEMPATH\CodeIgniter.php(368): CodeIgniter\CodeIgniter->handleRequest(null, Object(Config\Cache), false)
11 FCPATH\index.php(68): CodeIgniter\CodeIgniter->run()
INFO - 2023-05-19 10:46:31 --> Session: Class initialized using 'CodeIgniter\Session\Handlers\FileHandler' driver.
INFO - 2023-05-19 10:46:31 --> Session: Class initialized using 'CodeIgniter\Session\Handlers\FileHandler' driver.
INFO - 2023-05-19 10:46:32 --> Session: Class initialized using 'CodeIgniter\Session\Handlers\FileHandler' driver.
INFO - 2023-05-19 10:46:32 --> Session: Class initialized using 'CodeIgniter\Session\Handlers\FileHandler' driver.
INFO - 2023-05-19 10:46:35 --> Session: Class initialized using 'CodeIgniter\Session\Handlers\FileHandler' driver.
ERROR - 2023-05-19 10:46:35 --> mysqli_sql_exception: Cannot delete or update a parent row: a foreign key constraint fails (`investigadores`.`reservas`, CONSTRAINT `reservas_ibfk_1` FOREIGN KEY (`DNI`) REFERENCES `investigadores` (`DNI`)) in C:\xampp\htdocs\ProyectoCI\system\Database\MySQLi\Connection.php:295
Stack trace:
#0 C:\xampp\htdocs\ProyectoCI\system\Database\MySQLi\Connection.php(295): mysqli->query('DELETE FROM `in...', 0)
#1 C:\xampp\htdocs\ProyectoCI\system\Database\BaseConnection.php(692): CodeIgniter\Database\MySQLi\Connection->execute('DELETE FROM `in...')
#2 C:\xampp\htdocs\ProyectoCI\system\Database\BaseConnection.php(606): CodeIgniter\Database\BaseConnection->simpleQuery('DELETE FROM `in...')
#3 C:\xampp\htdocs\ProyectoCI\system\Database\BaseBuilder.php(2791): CodeIgniter\Database\BaseConnection->query('DELETE FROM `in...', Array, false)
#4 C:\xampp\htdocs\ProyectoCI\system\Model.php(456): CodeIgniter\Database\BaseBuilder->delete()
#5 C:\xampp\htdocs\ProyectoCI\system\BaseModel.php(1065): CodeIgniter\Model->doDelete(NULL, false)
#6 C:\xampp\htdocs\ProyectoCI\app\Controllers\InvestigadoresController.php(96): CodeIgniter\BaseModel->delete()
#7 C:\xampp\htdocs\ProyectoCI\system\CodeIgniter.php(934): App\Controllers\InvestigadoresController->delete()
#8 C:\xampp\htdocs\ProyectoCI\system\CodeIgniter.php(499): CodeIgniter\CodeIgniter->runController(Object(App\Controllers\InvestigadoresController))
#9 C:\xampp\htdocs\ProyectoCI\system\CodeIgniter.php(368): CodeIgniter\CodeIgniter->handleRequest(NULL, Object(Config\Cache), false)
#10 C:\xampp\htdocs\ProyectoCI\index.php(68): CodeIgniter\CodeIgniter->run()
#11 {main}
CRITICAL - 2023-05-19 10:46:35 --> Cannot delete or update a parent row: a foreign key constraint fails (`investigadores`.`reservas`, CONSTRAINT `reservas_ibfk_1` FOREIGN KEY (`DNI`) REFERENCES `investigadores` (`DNI`))
in SYSTEMPATH\Database\MySQLi\Connection.php on line 295.
 1 SYSTEMPATH\Database\MySQLi\Connection.php(295): mysqli->query('DELETE FROM `investigadores`
WHERE `DNI` = \'23435343P\'', 0)
 2 SYSTEMPATH\Database\BaseConnection.php(692): CodeIgniter\Database\MySQLi\Connection->execute('DELETE FROM `investigadores`
WHERE `DNI` = \'23435343P\'')
 3 SYSTEMPATH\Database\BaseConnection.php(606): CodeIgniter\Database\BaseConnection->simpleQuery('DELETE FROM `investigadores`
WHERE `DNI` = \'23435343P\'')
 4 SYSTEMPATH\Database\BaseBuilder.php(2791): CodeIgniter\Database\BaseConnection->query('DELETE FROM `investigadores`
WHERE `DNI` = :DNI:', [...], false)
 5 SYSTEMPATH\Model.php(456): CodeIgniter\Database\BaseBuilder->delete()
 6 SYSTEMPATH\BaseModel.php(1065): CodeIgniter\Model->doDelete(null, false)
 7 APPPATH\Controllers\InvestigadoresController.php(96): CodeIgniter\BaseModel->delete()
 8 SYSTEMPATH\CodeIgniter.php(934): App\Controllers\InvestigadoresController->delete()
 9 SYSTEMPATH\CodeIgniter.php(499): CodeIgniter\CodeIgniter->runController(Object(App\Controllers\InvestigadoresController))
10 SYSTEMPATH\CodeIgniter.php(368): CodeIgniter\CodeIgniter->handleRequest(null, Object(Config\Cache), false)
11 FCPATH\index.php(68): CodeIgniter\CodeIgniter->run()
INFO - 2023-05-19 10:46:52 --> Session: Class initialized using 'CodeIgniter\Session\Handlers\FileHandler' driver.
INFO - 2023-05-19 10:47:07 --> Session: Class initialized using 'CodeIgniter\Session\Handlers\FileHandler' driver.
ERROR - 2023-05-19 10:47:07 --> mysqli_sql_exception: Cannot delete or update a parent row: a foreign key constraint fails (`investigadores`.`reservas`, CONSTRAINT `reservas_ibfk_1` FOREIGN KEY (`DNI`) REFERENCES `investigadores` (`DNI`)) in C:\xampp\htdocs\ProyectoCI\system\Database\MySQLi\Connection.php:295
Stack trace:
#0 C:\xampp\htdocs\ProyectoCI\system\Database\MySQLi\Connection.php(295): mysqli->query('DELETE FROM `in...', 0)
#1 C:\xampp\htdocs\ProyectoCI\system\Database\BaseConnection.php(692): CodeIgniter\Database\MySQLi\Connection->execute('DELETE FROM `in...')
#2 C:\xampp\htdocs\ProyectoCI\system\Database\BaseConnection.php(606): CodeIgniter\Database\BaseConnection->simpleQuery('DELETE FROM `in...')
#3 C:\xampp\htdocs\ProyectoCI\system\Database\BaseBuilder.php(2791): CodeIgniter\Database\BaseConnection->query('DELETE FROM `in...', Array, false)
#4 C:\xampp\htdocs\ProyectoCI\system\Model.php(456): CodeIgniter\Database\BaseBuilder->delete()
#5 C:\xampp\htdocs\ProyectoCI\system\BaseModel.php(1065): CodeIgniter\Model->doDelete(NULL, false)
#6 C:\xampp\htdocs\ProyectoCI\app\Controllers\InvestigadoresController.php(96): CodeIgniter\BaseModel->delete()
#7 C:\xampp\htdocs\ProyectoCI\system\CodeIgniter.php(934): App\Controllers\InvestigadoresController->delete()
#8 C:\xampp\htdocs\ProyectoCI\system\CodeIgniter.php(499): CodeIgniter\CodeIgniter->runController(Object(App\Controllers\InvestigadoresController))
#9 C:\xampp\htdocs\ProyectoCI\system\CodeIgniter.php(368): CodeIgniter\CodeIgniter->handleRequest(NULL, Object(Config\Cache), false)
#10 C:\xampp\htdocs\ProyectoCI\index.php(68): CodeIgniter\CodeIgniter->run()
#11 {main}
CRITICAL - 2023-05-19 10:47:07 --> Cannot delete or update a parent row: a foreign key constraint fails (`investigadores`.`reservas`, CONSTRAINT `reservas_ibfk_1` FOREIGN KEY (`DNI`) REFERENCES `investigadores` (`DNI`))
in SYSTEMPATH\Database\MySQLi\Connection.php on line 295.
 1 SYSTEMPATH\Database\MySQLi\Connection.php(295): mysqli->query('DELETE FROM `investigadores`
WHERE `DNI` = \'23435343P\'', 0)
 2 SYSTEMPATH\Database\BaseConnection.php(692): CodeIgniter\Database\MySQLi\Connection->execute('DELETE FROM `investigadores`
WHERE `DNI` = \'23435343P\'')
 3 SYSTEMPATH\Database\BaseConnection.php(606): CodeIgniter\Database\BaseConnection->simpleQuery('DELETE FROM `investigadores`
WHERE `DNI` = \'23435343P\'')
 4 SYSTEMPATH\Database\BaseBuilder.php(2791): CodeIgniter\Database\BaseConnection->query('DELETE FROM `investigadores`
WHERE `DNI` = :DNI:', [...], false)
 5 SYSTEMPATH\Model.php(456): CodeIgniter\Database\BaseBuilder->delete()
 6 SYSTEMPATH\BaseModel.php(1065): CodeIgniter\Model->doDelete(null, false)
 7 APPPATH\Controllers\InvestigadoresController.php(96): CodeIgniter\BaseModel->delete()
 8 SYSTEMPATH\CodeIgniter.php(934): App\Controllers\InvestigadoresController->delete()
 9 SYSTEMPATH\CodeIgniter.php(499): CodeIgniter\CodeIgniter->runController(Object(App\Controllers\InvestigadoresController))
10 SYSTEMPATH\CodeIgniter.php(368): CodeIgniter\CodeIgniter->handleRequest(null, Object(Config\Cache), false)
11 FCPATH\index.php(68): CodeIgniter\CodeIgniter->run()
INFO - 2023-05-19 10:47:17 --> Session: Class initialized using 'CodeIgniter\Session\Handlers\FileHandler' driver.
INFO - 2023-05-19 10:47:19 --> Session: Class initialized using 'CodeIgniter\Session\Handlers\FileHandler' driver.
INFO - 2023-05-19 10:47:19 --> Session: Class initialized using 'CodeIgniter\Session\Handlers\FileHandler' driver.
INFO - 2023-05-19 10:47:20 --> Session: Class initialized using 'CodeIgniter\Session\Handlers\FileHandler' driver.
INFO - 2023-05-19 10:47:21 --> Session: Class initialized using 'CodeIgniter\Session\Handlers\FileHandler' driver.
INFO - 2023-05-19 10:47:26 --> Session: Class initialized using 'CodeIgniter\Session\Handlers\FileHandler' driver.
INFO - 2023-05-19 10:47:31 --> Session: Class initialized using 'CodeIgniter\Session\Handlers\FileHandler' driver.
ERROR - 2023-05-19 10:47:31 --> mysqli_sql_exception: Cannot delete or update a parent row: a foreign key constraint fails (`investigadores`.`reservas`, CONSTRAINT `reservas_ibfk_1` FOREIGN KEY (`DNI`) REFERENCES `investigadores` (`DNI`)) in C:\xampp\htdocs\ProyectoCI\system\Database\MySQLi\Connection.php:295
Stack trace:
#0 C:\xampp\htdocs\ProyectoCI\system\Database\MySQLi\Connection.php(295): mysqli->query('DELETE FROM `in...', 0)
#1 C:\xampp\htdocs\ProyectoCI\system\Database\BaseConnection.php(692): CodeIgniter\Database\MySQLi\Connection->execute('DELETE FROM `in...')
#2 C:\xampp\htdocs\ProyectoCI\system\Database\BaseConnection.php(606): CodeIgniter\Database\BaseConnection->simpleQuery('DELETE FROM `in...')
#3 C:\xampp\htdocs\ProyectoCI\system\Database\BaseBuilder.php(2791): CodeIgniter\Database\BaseConnection->query('DELETE FROM `in...', Array, false)
#4 C:\xampp\htdocs\ProyectoCI\system\Model.php(456): CodeIgniter\Database\BaseBuilder->delete()
#5 C:\xampp\htdocs\ProyectoCI\system\BaseModel.php(1065): CodeIgniter\Model->doDelete(NULL, false)
#6 C:\xampp\htdocs\ProyectoCI\app\Controllers\InvestigadoresController.php(96): CodeIgniter\BaseModel->delete()
#7 C:\xampp\htdocs\ProyectoCI\system\CodeIgniter.php(934): App\Controllers\InvestigadoresController->delete()
#8 C:\xampp\htdocs\ProyectoCI\system\CodeIgniter.php(499): CodeIgniter\CodeIgniter->runController(Object(App\Controllers\InvestigadoresController))
#9 C:\xampp\htdocs\ProyectoCI\system\CodeIgniter.php(368): CodeIgniter\CodeIgniter->handleRequest(NULL, Object(Config\Cache), false)
#10 C:\xampp\htdocs\ProyectoCI\index.php(68): CodeIgniter\CodeIgniter->run()
#11 {main}
CRITICAL - 2023-05-19 10:47:31 --> Cannot delete or update a parent row: a foreign key constraint fails (`investigadores`.`reservas`, CONSTRAINT `reservas_ibfk_1` FOREIGN KEY (`DNI`) REFERENCES `investigadores` (`DNI`))
in SYSTEMPATH\Database\MySQLi\Connection.php on line 295.
 1 SYSTEMPATH\Database\MySQLi\Connection.php(295): mysqli->query('DELETE FROM `investigadores`
WHERE `DNI` = \'23435343P\'', 0)
 2 SYSTEMPATH\Database\BaseConnection.php(692): CodeIgniter\Database\MySQLi\Connection->execute('DELETE FROM `investigadores`
WHERE `DNI` = \'23435343P\'')
 3 SYSTEMPATH\Database\BaseConnection.php(606): CodeIgniter\Database\BaseConnection->simpleQuery('DELETE FROM `investigadores`
WHERE `DNI` = \'23435343P\'')
 4 SYSTEMPATH\Database\BaseBuilder.php(2791): CodeIgniter\Database\BaseConnection->query('DELETE FROM `investigadores`
WHERE `DNI` = :DNI:', [...], false)
 5 SYSTEMPATH\Model.php(456): CodeIgniter\Database\BaseBuilder->delete()
 6 SYSTEMPATH\BaseModel.php(1065): CodeIgniter\Model->doDelete(null, false)
 7 APPPATH\Controllers\InvestigadoresController.php(96): CodeIgniter\BaseModel->delete()
 8 SYSTEMPATH\CodeIgniter.php(934): App\Controllers\InvestigadoresController->delete()
 9 SYSTEMPATH\CodeIgniter.php(499): CodeIgniter\CodeIgniter->runController(Object(App\Controllers\InvestigadoresController))
10 SYSTEMPATH\CodeIgniter.php(368): CodeIgniter\CodeIgniter->handleRequest(null, Object(Config\Cache), false)
11 FCPATH\index.php(68): CodeIgniter\CodeIgniter->run()
INFO - 2023-05-19 10:54:38 --> Session: Class initialized using 'CodeIgniter\Session\Handlers\FileHandler' driver.
INFO - 2023-05-19 10:54:57 --> Session: Class initialized using 'CodeIgniter\Session\Handlers\FileHandler' driver.
ERROR - 2023-05-19 10:54:57 --> mysqli_sql_exception: Cannot delete or update a parent row: a foreign key constraint fails (`investigadores`.`reservas`, CONSTRAINT `reservas_ibfk_1` FOREIGN KEY (`DNI`) REFERENCES `investigadores` (`DNI`)) in C:\xampp\htdocs\ProyectoCI\system\Database\MySQLi\Connection.php:295
Stack trace:
#0 C:\xampp\htdocs\ProyectoCI\system\Database\MySQLi\Connection.php(295): mysqli->query('DELETE FROM `in...', 0)
#1 C:\xampp\htdocs\ProyectoCI\system\Database\BaseConnection.php(692): CodeIgniter\Database\MySQLi\Connection->execute('DELETE FROM `in...')
#2 C:\xampp\htdocs\ProyectoCI\system\Database\BaseConnection.php(606): CodeIgniter\Database\BaseConnection->simpleQuery('DELETE FROM `in...')
#3 C:\xampp\htdocs\ProyectoCI\system\Database\BaseBuilder.php(2791): CodeIgniter\Database\BaseConnection->query('DELETE FROM `in...', Array, false)
#4 C:\xampp\htdocs\ProyectoCI\system\Model.php(456): CodeIgniter\Database\BaseBuilder->delete()
#5 C:\xampp\htdocs\ProyectoCI\system\BaseModel.php(1065): CodeIgniter\Model->doDelete(NULL, false)
#6 C:\xampp\htdocs\ProyectoCI\app\Controllers\InvestigadoresController.php(96): CodeIgniter\BaseModel->delete()
#7 C:\xampp\htdocs\ProyectoCI\system\CodeIgniter.php(934): App\Controllers\InvestigadoresController->delete()
#8 C:\xampp\htdocs\ProyectoCI\system\CodeIgniter.php(499): CodeIgniter\CodeIgniter->runController(Object(App\Controllers\InvestigadoresController))
#9 C:\xampp\htdocs\ProyectoCI\system\CodeIgniter.php(368): CodeIgniter\CodeIgniter->handleRequest(NULL, Object(Config\Cache), false)
#10 C:\xampp\htdocs\ProyectoCI\index.php(68): CodeIgniter\CodeIgniter->run()
#11 {main}
CRITICAL - 2023-05-19 10:54:57 --> Cannot delete or update a parent row: a foreign key constraint fails (`investigadores`.`reservas`, CONSTRAINT `reservas_ibfk_1` FOREIGN KEY (`DNI`) REFERENCES `investigadores` (`DNI`))
in SYSTEMPATH\Database\MySQLi\Connection.php on line 295.
 1 SYSTEMPATH\Database\MySQLi\Connection.php(295): mysqli->query('DELETE FROM `investigadores`
WHERE `DNI` = \'23435343P\'', 0)
 2 SYSTEMPATH\Database\BaseConnection.php(692): CodeIgniter\Database\MySQLi\Connection->execute('DELETE FROM `investigadores`
WHERE `DNI` = \'23435343P\'')
 3 SYSTEMPATH\Database\BaseConnection.php(606): CodeIgniter\Database\BaseConnection->simpleQuery('DELETE FROM `investigadores`
WHERE `DNI` = \'23435343P\'')
 4 SYSTEMPATH\Database\BaseBuilder.php(2791): CodeIgniter\Database\BaseConnection->query('DELETE FROM `investigadores`
WHERE `DNI` = :DNI:', [...], false)
 5 SYSTEMPATH\Model.php(456): CodeIgniter\Database\BaseBuilder->delete()
 6 SYSTEMPATH\BaseModel.php(1065): CodeIgniter\Model->doDelete(null, false)
 7 APPPATH\Controllers\InvestigadoresController.php(96): CodeIgniter\BaseModel->delete()
 8 SYSTEMPATH\CodeIgniter.php(934): App\Controllers\InvestigadoresController->delete()
 9 SYSTEMPATH\CodeIgniter.php(499): CodeIgniter\CodeIgniter->runController(Object(App\Controllers\InvestigadoresController))
10 SYSTEMPATH\CodeIgniter.php(368): CodeIgniter\CodeIgniter->handleRequest(null, Object(Config\Cache), false)
11 FCPATH\index.php(68): CodeIgniter\CodeIgniter->run()
INFO - 2023-05-19 10:56:13 --> Session: Class initialized using 'CodeIgniter\Session\Handlers\FileHandler' driver.
INFO - 2023-05-19 10:56:23 --> Session: Class initialized using 'CodeIgniter\Session\Handlers\FileHandler' driver.
ERROR - 2023-05-19 10:56:23 --> mysqli_sql_exception: Cannot delete or update a parent row: a foreign key constraint fails (`investigadores`.`reservas`, CONSTRAINT `reservas_ibfk_1` FOREIGN KEY (`DNI`) REFERENCES `investigadores` (`DNI`)) in C:\xampp\htdocs\ProyectoCI\system\Database\MySQLi\Connection.php:295
Stack trace:
#0 C:\xampp\htdocs\ProyectoCI\system\Database\MySQLi\Connection.php(295): mysqli->query('DELETE FROM `in...', 0)
#1 C:\xampp\htdocs\ProyectoCI\system\Database\BaseConnection.php(692): CodeIgniter\Database\MySQLi\Connection->execute('DELETE FROM `in...')
#2 C:\xampp\htdocs\ProyectoCI\system\Database\BaseConnection.php(606): CodeIgniter\Database\BaseConnection->simpleQuery('DELETE FROM `in...')
#3 C:\xampp\htdocs\ProyectoCI\system\Database\BaseBuilder.php(2791): CodeIgniter\Database\BaseConnection->query('DELETE FROM `in...', Array, false)
#4 C:\xampp\htdocs\ProyectoCI\system\Model.php(456): CodeIgniter\Database\BaseBuilder->delete()
#5 C:\xampp\htdocs\ProyectoCI\system\BaseModel.php(1065): CodeIgniter\Model->doDelete(NULL, false)
#6 C:\xampp\htdocs\ProyectoCI\app\Controllers\InvestigadoresController.php(96): CodeIgniter\BaseModel->delete()
#7 C:\xampp\htdocs\ProyectoCI\system\CodeIgniter.php(934): App\Controllers\InvestigadoresController->delete()
#8 C:\xampp\htdocs\ProyectoCI\system\CodeIgniter.php(499): CodeIgniter\CodeIgniter->runController(Object(App\Controllers\InvestigadoresController))
#9 C:\xampp\htdocs\ProyectoCI\system\CodeIgniter.php(368): CodeIgniter\CodeIgniter->handleRequest(NULL, Object(Config\Cache), false)
#10 C:\xampp\htdocs\ProyectoCI\index.php(68): CodeIgniter\CodeIgniter->run()
#11 {main}
CRITICAL - 2023-05-19 10:56:23 --> Cannot delete or update a parent row: a foreign key constraint fails (`investigadores`.`reservas`, CONSTRAINT `reservas_ibfk_1` FOREIGN KEY (`DNI`) REFERENCES `investigadores` (`DNI`))
in SYSTEMPATH\Database\MySQLi\Connection.php on line 295.
 1 SYSTEMPATH\Database\MySQLi\Connection.php(295): mysqli->query('DELETE FROM `investigadores`
WHERE `DNI` = \'23435343P\'', 0)
 2 SYSTEMPATH\Database\BaseConnection.php(692): CodeIgniter\Database\MySQLi\Connection->execute('DELETE FROM `investigadores`
WHERE `DNI` = \'23435343P\'')
 3 SYSTEMPATH\Database\BaseConnection.php(606): CodeIgniter\Database\BaseConnection->simpleQuery('DELETE FROM `investigadores`
WHERE `DNI` = \'23435343P\'')
 4 SYSTEMPATH\Database\BaseBuilder.php(2791): CodeIgniter\Database\BaseConnection->query('DELETE FROM `investigadores`
WHERE `DNI` = :DNI:', [...], false)
 5 SYSTEMPATH\Model.php(456): CodeIgniter\Database\BaseBuilder->delete()
 6 SYSTEMPATH\BaseModel.php(1065): CodeIgniter\Model->doDelete(null, false)
 7 APPPATH\Controllers\InvestigadoresController.php(96): CodeIgniter\BaseModel->delete()
 8 SYSTEMPATH\CodeIgniter.php(934): App\Controllers\InvestigadoresController->delete()
 9 SYSTEMPATH\CodeIgniter.php(499): CodeIgniter\CodeIgniter->runController(Object(App\Controllers\InvestigadoresController))
10 SYSTEMPATH\CodeIgniter.php(368): CodeIgniter\CodeIgniter->handleRequest(null, Object(Config\Cache), false)
11 FCPATH\index.php(68): CodeIgniter\CodeIgniter->run()
INFO - 2023-05-19 10:58:35 --> Session: Class initialized using 'CodeIgniter\Session\Handlers\FileHandler' driver.
ERROR - 2023-05-19 10:58:35 --> mysqli_sql_exception: Cannot delete or update a parent row: a foreign key constraint fails (`investigadores`.`reservas`, CONSTRAINT `reservas_ibfk_1` FOREIGN KEY (`DNI`) REFERENCES `investigadores` (`DNI`)) in C:\xampp\htdocs\ProyectoCI\system\Database\MySQLi\Connection.php:295
Stack trace:
#0 C:\xampp\htdocs\ProyectoCI\system\Database\MySQLi\Connection.php(295): mysqli->query('DELETE FROM `in...', 0)
#1 C:\xampp\htdocs\ProyectoCI\system\Database\BaseConnection.php(692): CodeIgniter\Database\MySQLi\Connection->execute('DELETE FROM `in...')
#2 C:\xampp\htdocs\ProyectoCI\system\Database\BaseConnection.php(606): CodeIgniter\Database\BaseConnection->simpleQuery('DELETE FROM `in...')
#3 C:\xampp\htdocs\ProyectoCI\system\Database\BaseBuilder.php(2791): CodeIgniter\Database\BaseConnection->query('DELETE FROM `in...', Array, false)
#4 C:\xampp\htdocs\ProyectoCI\system\Model.php(456): CodeIgniter\Database\BaseBuilder->delete()
#5 C:\xampp\htdocs\ProyectoCI\system\BaseModel.php(1065): CodeIgniter\Model->doDelete(NULL, false)
#6 C:\xampp\htdocs\ProyectoCI\app\Controllers\InvestigadoresController.php(96): CodeIgniter\BaseModel->delete()
#7 C:\xampp\htdocs\ProyectoCI\system\CodeIgniter.php(934): App\Controllers\InvestigadoresController->delete()
#8 C:\xampp\htdocs\ProyectoCI\system\CodeIgniter.php(499): CodeIgniter\CodeIgniter->runController(Object(App\Controllers\InvestigadoresController))
#9 C:\xampp\htdocs\ProyectoCI\system\CodeIgniter.php(368): CodeIgniter\CodeIgniter->handleRequest(NULL, Object(Config\Cache), false)
#10 C:\xampp\htdocs\ProyectoCI\index.php(68): CodeIgniter\CodeIgniter->run()
#11 {main}
CRITICAL - 2023-05-19 10:58:35 --> Cannot delete or update a parent row: a foreign key constraint fails (`investigadores`.`reservas`, CONSTRAINT `reservas_ibfk_1` FOREIGN KEY (`DNI`) REFERENCES `investigadores` (`DNI`))
in SYSTEMPATH\Database\MySQLi\Connection.php on line 295.
 1 SYSTEMPATH\Database\MySQLi\Connection.php(295): mysqli->query('DELETE FROM `investigadores`
WHERE `DNI` = \'23435343P\'', 0)
 2 SYSTEMPATH\Database\BaseConnection.php(692): CodeIgniter\Database\MySQLi\Connection->execute('DELETE FROM `investigadores`
WHERE `DNI` = \'23435343P\'')
 3 SYSTEMPATH\Database\BaseConnection.php(606): CodeIgniter\Database\BaseConnection->simpleQuery('DELETE FROM `investigadores`
WHERE `DNI` = \'23435343P\'')
 4 SYSTEMPATH\Database\BaseBuilder.php(2791): CodeIgniter\Database\BaseConnection->query('DELETE FROM `investigadores`
WHERE `DNI` = :DNI:', [...], false)
 5 SYSTEMPATH\Model.php(456): CodeIgniter\Database\BaseBuilder->delete()
 6 SYSTEMPATH\BaseModel.php(1065): CodeIgniter\Model->doDelete(null, false)
 7 APPPATH\Controllers\InvestigadoresController.php(96): CodeIgniter\BaseModel->delete()
 8 SYSTEMPATH\CodeIgniter.php(934): App\Controllers\InvestigadoresController->delete()
 9 SYSTEMPATH\CodeIgniter.php(499): CodeIgniter\CodeIgniter->runController(Object(App\Controllers\InvestigadoresController))
10 SYSTEMPATH\CodeIgniter.php(368): CodeIgniter\CodeIgniter->handleRequest(null, Object(Config\Cache), false)
11 FCPATH\index.php(68): CodeIgniter\CodeIgniter->run()
INFO - 2023-05-19 10:59:07 --> Session: Class initialized using 'CodeIgniter\Session\Handlers\FileHandler' driver.
INFO - 2023-05-19 11:06:07 --> Session: Class initialized using 'CodeIgniter\Session\Handlers\FileHandler' driver.
INFO - 2023-05-19 11:06:12 --> Session: Class initialized using 'CodeIgniter\Session\Handlers\FileHandler' driver.
CRITICAL - 2023-05-19 11:06:12 --> Undefined variable $list
in APPPATH\Views\listado_investigadores.php on line 17.
 1 APPPATH\Views\listado_investigadores.php(17): CodeIgniter\Debug\Exceptions->errorHandler(2, 'Undefined variable $list', 'C:\\xampp\\htdocs\\ProyectoCI\\app\\Views\\listado_investigadores.php', 17)
 2 SYSTEMPATH\View\View.php(213): include('C:\\xampp\\htdocs\\ProyectoCI\\app\\Views\\listado_investigadores.php')
 3 SYSTEMPATH\View\View.php(216): CodeIgniter\View\View->CodeIgniter\View\{closure}()
 4 SYSTEMPATH\Common.php(1184): CodeIgniter\View\View->render('listado_investigadores', [], true)
 5 APPPATH\Controllers\InvestigadoresController.php(26): view('listado_investigadores', [...])
 6 SYSTEMPATH\CodeIgniter.php(934): App\Controllers\InvestigadoresController->index()
 7 SYSTEMPATH\CodeIgniter.php(499): CodeIgniter\CodeIgniter->runController(Object(App\Controllers\InvestigadoresController))
 8 SYSTEMPATH\CodeIgniter.php(368): CodeIgniter\CodeIgniter->handleRequest(null, Object(Config\Cache), false)
 9 FCPATH\index.php(68): CodeIgniter\CodeIgniter->run()
INFO - 2023-05-19 11:06:26 --> Session: Class initialized using 'CodeIgniter\Session\Handlers\FileHandler' driver.
INFO - 2023-05-19 11:10:41 --> Session: Class initialized using 'CodeIgniter\Session\Handlers\FileHandler' driver.
INFO - 2023-05-19 11:13:16 --> Session: Class initialized using 'CodeIgniter\Session\Handlers\FileHandler' driver.
INFO - 2023-05-19 11:13:38 --> Session: Class initialized using 'CodeIgniter\Session\Handlers\FileHandler' driver.
INFO - 2023-05-19 11:13:51 --> Session: Class initialized using 'CodeIgniter\Session\Handlers\FileHandler' driver.
INFO - 2023-05-19 11:13:51 --> Session: Class initialized using 'CodeIgniter\Session\Handlers\FileHandler' driver.
INFO - 2023-05-19 11:14:26 --> Session: Class initialized using 'CodeIgniter\Session\Handlers\FileHandler' driver.
INFO - 2023-05-19 11:14:30 --> Session: Class initialized using 'CodeIgniter\Session\Handlers\FileHandler' driver.
INFO - 2023-05-19 11:14:35 --> Session: Class initialized using 'CodeIgniter\Session\Handlers\FileHandler' driver.
INFO - 2023-05-19 11:14:35 --> Session: Class initialized using 'CodeIgniter\Session\Handlers\FileHandler' driver.
INFO - 2023-05-19 11:14:40 --> Session: Class initialized using 'CodeIgniter\Session\Handlers\FileHandler' driver.
INFO - 2023-05-19 11:15:41 --> Session: Class initialized using 'CodeIgniter\Session\Handlers\FileHandler' driver.
INFO - 2023-05-19 11:16:41 --> Session: Class initialized using 'CodeIgniter\Session\Handlers\FileHandler' driver.
INFO - 2023-05-19 11:17:19 --> Session: Class initialized using 'CodeIgniter\Session\Handlers\FileHandler' driver.
INFO - 2023-05-19 11:17:25 --> Session: Class initialized using 'CodeIgniter\Session\Handlers\FileHandler' driver.
ERROR - 2023-05-19 11:17:25 --> mysqli_sql_exception: Cannot delete or update a parent row: a foreign key constraint fails (`investigadores`.`reservas`, CONSTRAINT `reservas_ibfk_1` FOREIGN KEY (`DNI`) REFERENCES `investigadores` (`DNI`)) in C:\xampp\htdocs\ProyectoCI\system\Database\MySQLi\Connection.php:295
Stack trace:
#0 C:\xampp\htdocs\ProyectoCI\system\Database\MySQLi\Connection.php(295): mysqli->query('DELETE FROM `in...', 0)
#1 C:\xampp\htdocs\ProyectoCI\system\Database\BaseConnection.php(692): CodeIgniter\Database\MySQLi\Connection->execute('DELETE FROM `in...')
#2 C:\xampp\htdocs\ProyectoCI\system\Database\BaseConnection.php(606): CodeIgniter\Database\BaseConnection->simpleQuery('DELETE FROM `in...')
#3 C:\xampp\htdocs\ProyectoCI\system\Database\BaseBuilder.php(2791): CodeIgniter\Database\BaseConnection->query('DELETE FROM `in...', Array, false)
#4 C:\xampp\htdocs\ProyectoCI\system\Model.php(456): CodeIgniter\Database\BaseBuilder->delete()
#5 C:\xampp\htdocs\ProyectoCI\system\BaseModel.php(1065): CodeIgniter\Model->doDelete(NULL, false)
#6 C:\xampp\htdocs\ProyectoCI\app\Controllers\InvestigadoresController.php(96): CodeIgniter\BaseModel->delete()
#7 C:\xampp\htdocs\ProyectoCI\system\CodeIgniter.php(934): App\Controllers\InvestigadoresController->del()
#8 C:\xampp\htdocs\ProyectoCI\system\CodeIgniter.php(499): CodeIgniter\CodeIgniter->runController(Object(App\Controllers\InvestigadoresController))
#9 C:\xampp\htdocs\ProyectoCI\system\CodeIgniter.php(368): CodeIgniter\CodeIgniter->handleRequest(NULL, Object(Config\Cache), false)
#10 C:\xampp\htdocs\ProyectoCI\index.php(68): CodeIgniter\CodeIgniter->run()
#11 {main}
CRITICAL - 2023-05-19 11:17:25 --> Cannot delete or update a parent row: a foreign key constraint fails (`investigadores`.`reservas`, CONSTRAINT `reservas_ibfk_1` FOREIGN KEY (`DNI`) REFERENCES `investigadores` (`DNI`))
in SYSTEMPATH\Database\MySQLi\Connection.php on line 295.
 1 SYSTEMPATH\Database\MySQLi\Connection.php(295): mysqli->query('DELETE FROM `investigadores`
WHERE `DNI` = \'23435343P\'', 0)
 2 SYSTEMPATH\Database\BaseConnection.php(692): CodeIgniter\Database\MySQLi\Connection->execute('DELETE FROM `investigadores`
WHERE `DNI` = \'23435343P\'')
 3 SYSTEMPATH\Database\BaseConnection.php(606): CodeIgniter\Database\BaseConnection->simpleQuery('DELETE FROM `investigadores`
WHERE `DNI` = \'23435343P\'')
 4 SYSTEMPATH\Database\BaseBuilder.php(2791): CodeIgniter\Database\BaseConnection->query('DELETE FROM `investigadores`
WHERE `DNI` = :DNI:', [...], false)
 5 SYSTEMPATH\Model.php(456): CodeIgniter\Database\BaseBuilder->delete()
 6 SYSTEMPATH\BaseModel.php(1065): CodeIgniter\Model->doDelete(null, false)
 7 APPPATH\Controllers\InvestigadoresController.php(96): CodeIgniter\BaseModel->delete()
 8 SYSTEMPATH\CodeIgniter.php(934): App\Controllers\InvestigadoresController->del()
 9 SYSTEMPATH\CodeIgniter.php(499): CodeIgniter\CodeIgniter->runController(Object(App\Controllers\InvestigadoresController))
10 SYSTEMPATH\CodeIgniter.php(368): CodeIgniter\CodeIgniter->handleRequest(null, Object(Config\Cache), false)
11 FCPATH\index.php(68): CodeIgniter\CodeIgniter->run()
INFO - 2023-05-19 11:18:22 --> Session: Class initialized using 'CodeIgniter\Session\Handlers\FileHandler' driver.
ERROR - 2023-05-19 11:18:22 --> mysqli_sql_exception: Cannot delete or update a parent row: a foreign key constraint fails (`investigadores`.`reservas`, CONSTRAINT `reservas_ibfk_1` FOREIGN KEY (`DNI`) REFERENCES `investigadores` (`DNI`)) in C:\xampp\htdocs\ProyectoCI\system\Database\MySQLi\Connection.php:295
Stack trace:
#0 C:\xampp\htdocs\ProyectoCI\system\Database\MySQLi\Connection.php(295): mysqli->query('DELETE FROM `in...', 0)
#1 C:\xampp\htdocs\ProyectoCI\system\Database\BaseConnection.php(692): CodeIgniter\Database\MySQLi\Connection->execute('DELETE FROM `in...')
#2 C:\xampp\htdocs\ProyectoCI\system\Database\BaseConnection.php(606): CodeIgniter\Database\BaseConnection->simpleQuery('DELETE FROM `in...')
#3 C:\xampp\htdocs\ProyectoCI\system\Database\BaseBuilder.php(2791): CodeIgniter\Database\BaseConnection->query('DELETE FROM `in...', Array, false)
#4 C:\xampp\htdocs\ProyectoCI\system\Model.php(456): CodeIgniter\Database\BaseBuilder->delete()
#5 C:\xampp\htdocs\ProyectoCI\system\BaseModel.php(1065): CodeIgniter\Model->doDelete(NULL, false)
#6 C:\xampp\htdocs\ProyectoCI\app\Controllers\InvestigadoresController.php(96): CodeIgniter\BaseModel->delete()
#7 C:\xampp\htdocs\ProyectoCI\system\CodeIgniter.php(934): App\Controllers\InvestigadoresController->del()
#8 C:\xampp\htdocs\ProyectoCI\system\CodeIgniter.php(499): CodeIgniter\CodeIgniter->runController(Object(App\Controllers\InvestigadoresController))
#9 C:\xampp\htdocs\ProyectoCI\system\CodeIgniter.php(368): CodeIgniter\CodeIgniter->handleRequest(NULL, Object(Config\Cache), false)
#10 C:\xampp\htdocs\ProyectoCI\index.php(68): CodeIgniter\CodeIgniter->run()
#11 {main}
CRITICAL - 2023-05-19 11:18:22 --> Cannot delete or update a parent row: a foreign key constraint fails (`investigadores`.`reservas`, CONSTRAINT `reservas_ibfk_1` FOREIGN KEY (`DNI`) REFERENCES `investigadores` (`DNI`))
in SYSTEMPATH\Database\MySQLi\Connection.php on line 295.
 1 SYSTEMPATH\Database\MySQLi\Connection.php(295): mysqli->query('DELETE FROM `investigadores`
WHERE `DNI` = \'23435343P\'', 0)
 2 SYSTEMPATH\Database\BaseConnection.php(692): CodeIgniter\Database\MySQLi\Connection->execute('DELETE FROM `investigadores`
WHERE `DNI` = \'23435343P\'')
 3 SYSTEMPATH\Database\BaseConnection.php(606): CodeIgniter\Database\BaseConnection->simpleQuery('DELETE FROM `investigadores`
WHERE `DNI` = \'23435343P\'')
 4 SYSTEMPATH\Database\BaseBuilder.php(2791): CodeIgniter\Database\BaseConnection->query('DELETE FROM `investigadores`
WHERE `DNI` = :DNI:', [...], false)
 5 SYSTEMPATH\Model.php(456): CodeIgniter\Database\BaseBuilder->delete()
 6 SYSTEMPATH\BaseModel.php(1065): CodeIgniter\Model->doDelete(null, false)
 7 APPPATH\Controllers\InvestigadoresController.php(96): CodeIgniter\BaseModel->delete()
 8 SYSTEMPATH\CodeIgniter.php(934): App\Controllers\InvestigadoresController->del()
 9 SYSTEMPATH\CodeIgniter.php(499): CodeIgniter\CodeIgniter->runController(Object(App\Controllers\InvestigadoresController))
10 SYSTEMPATH\CodeIgniter.php(368): CodeIgniter\CodeIgniter->handleRequest(null, Object(Config\Cache), false)
11 FCPATH\index.php(68): CodeIgniter\CodeIgniter->run()
INFO - 2023-05-19 11:21:57 --> Session: Class initialized using 'CodeIgniter\Session\Handlers\FileHandler' driver.
INFO - 2023-05-19 11:22:34 --> Session: Class initialized using 'CodeIgniter\Session\Handlers\FileHandler' driver.
INFO - 2023-05-19 11:23:45 --> Session: Class initialized using 'CodeIgniter\Session\Handlers\FileHandler' driver.
INFO - 2023-05-19 11:23:51 --> Session: Class initialized using 'CodeIgniter\Session\Handlers\FileHandler' driver.
ERROR - 2023-05-19 11:23:51 --> mysqli_sql_exception: Cannot delete or update a parent row: a foreign key constraint fails (`investigadores`.`reservas`, CONSTRAINT `reservas_ibfk_1` FOREIGN KEY (`DNI`) REFERENCES `investigadores` (`DNI`)) in C:\xampp\htdocs\ProyectoCI\system\Database\MySQLi\Connection.php:295
Stack trace:
#0 C:\xampp\htdocs\ProyectoCI\system\Database\MySQLi\Connection.php(295): mysqli->query('DELETE FROM `in...', 0)
#1 C:\xampp\htdocs\ProyectoCI\system\Database\BaseConnection.php(692): CodeIgniter\Database\MySQLi\Connection->execute('DELETE FROM `in...')
#2 C:\xampp\htdocs\ProyectoCI\system\Database\BaseConnection.php(606): CodeIgniter\Database\BaseConnection->simpleQuery('DELETE FROM `in...')
#3 C:\xampp\htdocs\ProyectoCI\system\Database\BaseBuilder.php(2791): CodeIgniter\Database\BaseConnection->query('DELETE FROM `in...', Array, false)
#4 C:\xampp\htdocs\ProyectoCI\system\Model.php(456): CodeIgniter\Database\BaseBuilder->delete()
#5 C:\xampp\htdocs\ProyectoCI\system\BaseModel.php(1065): CodeIgniter\Model->doDelete(NULL, false)
#6 C:\xampp\htdocs\ProyectoCI\app\Controllers\InvestigadoresController.php(96): CodeIgniter\BaseModel->delete()
#7 C:\xampp\htdocs\ProyectoCI\system\CodeIgniter.php(934): App\Controllers\InvestigadoresController->del()
#8 C:\xampp\htdocs\ProyectoCI\system\CodeIgniter.php(499): CodeIgniter\CodeIgniter->runController(Object(App\Controllers\InvestigadoresController))
#9 C:\xampp\htdocs\ProyectoCI\system\CodeIgniter.php(368): CodeIgniter\CodeIgniter->handleRequest(NULL, Object(Config\Cache), false)
#10 C:\xampp\htdocs\ProyectoCI\index.php(68): CodeIgniter\CodeIgniter->run()
#11 {main}
CRITICAL - 2023-05-19 11:23:51 --> Cannot delete or update a parent row: a foreign key constraint fails (`investigadores`.`reservas`, CONSTRAINT `reservas_ibfk_1` FOREIGN KEY (`DNI`) REFERENCES `investigadores` (`DNI`))
in SYSTEMPATH\Database\MySQLi\Connection.php on line 295.
 1 SYSTEMPATH\Database\MySQLi\Connection.php(295): mysqli->query('DELETE FROM `investigadores`
WHERE `DNI` = \'23435343P\'', 0)
 2 SYSTEMPATH\Database\BaseConnection.php(692): CodeIgniter\Database\MySQLi\Connection->execute('DELETE FROM `investigadores`
WHERE `DNI` = \'23435343P\'')
 3 SYSTEMPATH\Database\BaseConnection.php(606): CodeIgniter\Database\BaseConnection->simpleQuery('DELETE FROM `investigadores`
WHERE `DNI` = \'23435343P\'')
 4 SYSTEMPATH\Database\BaseBuilder.php(2791): CodeIgniter\Database\BaseConnection->query('DELETE FROM `investigadores`
WHERE `DNI` = :DNI:', [...], false)
 5 SYSTEMPATH\Model.php(456): CodeIgniter\Database\BaseBuilder->delete()
 6 SYSTEMPATH\BaseModel.php(1065): CodeIgniter\Model->doDelete(null, false)
 7 APPPATH\Controllers\InvestigadoresController.php(96): CodeIgniter\BaseModel->delete()
 8 SYSTEMPATH\CodeIgniter.php(934): App\Controllers\InvestigadoresController->del()
 9 SYSTEMPATH\CodeIgniter.php(499): CodeIgniter\CodeIgniter->runController(Object(App\Controllers\InvestigadoresController))
10 SYSTEMPATH\CodeIgniter.php(368): CodeIgniter\CodeIgniter->handleRequest(null, Object(Config\Cache), false)
11 FCPATH\index.php(68): CodeIgniter\CodeIgniter->run()
INFO - 2023-05-19 11:24:01 --> Session: Class initialized using 'CodeIgniter\Session\Handlers\FileHandler' driver.
INFO - 2023-05-19 11:24:01 --> Session: Class initialized using 'CodeIgniter\Session\Handlers\FileHandler' driver.
INFO - 2023-05-19 11:25:22 --> Session: Class initialized using 'CodeIgniter\Session\Handlers\FileHandler' driver.
INFO - 2023-05-19 11:25:58 --> Session: Class initialized using 'CodeIgniter\Session\Handlers\FileHandler' driver.
INFO - 2023-05-19 11:26:02 --> Session: Class initialized using 'CodeIgniter\Session\Handlers\FileHandler' driver.
INFO - 2023-05-19 11:26:07 --> Session: Class initialized using 'CodeIgniter\Session\Handlers\FileHandler' driver.
ERROR - 2023-05-19 11:26:07 --> mysqli_sql_exception: Cannot delete or update a parent row: a foreign key constraint fails (`investigadores`.`reservas`, CONSTRAINT `reservas_ibfk_1` FOREIGN KEY (`DNI`) REFERENCES `investigadores` (`DNI`)) in C:\xampp\htdocs\ProyectoCI\system\Database\MySQLi\Connection.php:295
Stack trace:
#0 C:\xampp\htdocs\ProyectoCI\system\Database\MySQLi\Connection.php(295): mysqli->query('DELETE FROM `in...', 0)
#1 C:\xampp\htdocs\ProyectoCI\system\Database\BaseConnection.php(692): CodeIgniter\Database\MySQLi\Connection->execute('DELETE FROM `in...')
#2 C:\xampp\htdocs\ProyectoCI\system\Database\BaseConnection.php(606): CodeIgniter\Database\BaseConnection->simpleQuery('DELETE FROM `in...')
#3 C:\xampp\htdocs\ProyectoCI\system\Database\BaseBuilder.php(2791): CodeIgniter\Database\BaseConnection->query('DELETE FROM `in...', Array, false)
#4 C:\xampp\htdocs\ProyectoCI\system\Model.php(456): CodeIgniter\Database\BaseBuilder->delete()
#5 C:\xampp\htdocs\ProyectoCI\system\BaseModel.php(1065): CodeIgniter\Model->doDelete(NULL, false)
#6 C:\xampp\htdocs\ProyectoCI\app\Controllers\InvestigadoresController.php(96): CodeIgniter\BaseModel->delete()
#7 C:\xampp\htdocs\ProyectoCI\system\CodeIgniter.php(934): App\Controllers\InvestigadoresController->del()
#8 C:\xampp\htdocs\ProyectoCI\system\CodeIgniter.php(499): CodeIgniter\CodeIgniter->runController(Object(App\Controllers\InvestigadoresController))
#9 C:\xampp\htdocs\ProyectoCI\system\CodeIgniter.php(368): CodeIgniter\CodeIgniter->handleRequest(NULL, Object(Config\Cache), false)
#10 C:\xampp\htdocs\ProyectoCI\index.php(68): CodeIgniter\CodeIgniter->run()
#11 {main}
CRITICAL - 2023-05-19 11:26:07 --> Cannot delete or update a parent row: a foreign key constraint fails (`investigadores`.`reservas`, CONSTRAINT `reservas_ibfk_1` FOREIGN KEY (`DNI`) REFERENCES `investigadores` (`DNI`))
in SYSTEMPATH\Database\MySQLi\Connection.php on line 295.
 1 SYSTEMPATH\Database\MySQLi\Connection.php(295): mysqli->query('DELETE FROM `investigadores`
WHERE `DNI` = \'23435343P\'', 0)
 2 SYSTEMPATH\Database\BaseConnection.php(692): CodeIgniter\Database\MySQLi\Connection->execute('DELETE FROM `investigadores`
WHERE `DNI` = \'23435343P\'')
 3 SYSTEMPATH\Database\BaseConnection.php(606): CodeIgniter\Database\BaseConnection->simpleQuery('DELETE FROM `investigadores`
WHERE `DNI` = \'23435343P\'')
 4 SYSTEMPATH\Database\BaseBuilder.php(2791): CodeIgniter\Database\BaseConnection->query('DELETE FROM `investigadores`
WHERE `DNI` = :DNI:', [...], false)
 5 SYSTEMPATH\Model.php(456): CodeIgniter\Database\BaseBuilder->delete()
 6 SYSTEMPATH\BaseModel.php(1065): CodeIgniter\Model->doDelete(null, false)
 7 APPPATH\Controllers\InvestigadoresController.php(96): CodeIgniter\BaseModel->delete()
 8 SYSTEMPATH\CodeIgniter.php(934): App\Controllers\InvestigadoresController->del()
 9 SYSTEMPATH\CodeIgniter.php(499): CodeIgniter\CodeIgniter->runController(Object(App\Controllers\InvestigadoresController))
10 SYSTEMPATH\CodeIgniter.php(368): CodeIgniter\CodeIgniter->handleRequest(null, Object(Config\Cache), false)
11 FCPATH\index.php(68): CodeIgniter\CodeIgniter->run()
INFO - 2023-05-19 11:26:51 --> Session: Class initialized using 'CodeIgniter\Session\Handlers\FileHandler' driver.
INFO - 2023-05-19 11:32:24 --> Session: Class initialized using 'CodeIgniter\Session\Handlers\FileHandler' driver.
INFO - 2023-05-19 11:34:05 --> Session: Class initialized using 'CodeIgniter\Session\Handlers\FileHandler' driver.
INFO - 2023-05-19 11:34:06 --> Session: Class initialized using 'CodeIgniter\Session\Handlers\FileHandler' driver.
INFO - 2023-05-19 11:34:07 --> Session: Class initialized using 'CodeIgniter\Session\Handlers\FileHandler' driver.
INFO - 2023-05-19 11:34:40 --> Session: Class initialized using 'CodeIgniter\Session\Handlers\FileHandler' driver.
INFO - 2023-05-19 11:34:41 --> Session: Class initialized using 'CodeIgniter\Session\Handlers\FileHandler' driver.
INFO - 2023-05-19 11:35:46 --> Session: Class initialized using 'CodeIgniter\Session\Handlers\FileHandler' driver.
INFO - 2023-05-19 11:36:15 --> Session: Class initialized using 'CodeIgniter\Session\Handlers\FileHandler' driver.
INFO - 2023-05-19 11:36:36 --> Session: Class initialized using 'CodeIgniter\Session\Handlers\FileHandler' driver.
INFO - 2023-05-19 11:36:44 --> Session: Class initialized using 'CodeIgniter\Session\Handlers\FileHandler' driver.
INFO - 2023-05-19 11:36:52 --> Session: Class initialized using 'CodeIgniter\Session\Handlers\FileHandler' driver.
INFO - 2023-05-19 11:36:54 --> Session: Class initialized using 'CodeIgniter\Session\Handlers\FileHandler' driver.
INFO - 2023-05-19 11:36:54 --> Session: Class initialized using 'CodeIgniter\Session\Handlers\FileHandler' driver.
INFO - 2023-05-19 11:36:55 --> Session: Class initialized using 'CodeIgniter\Session\Handlers\FileHandler' driver.
INFO - 2023-05-19 11:37:04 --> Session: Class initialized using 'CodeIgniter\Session\Handlers\FileHandler' driver.
INFO - 2023-05-19 11:37:05 --> Session: Class initialized using 'CodeIgniter\Session\Handlers\FileHandler' driver.
INFO - 2023-05-19 11:37:05 --> Session: Class initialized using 'CodeIgniter\Session\Handlers\FileHandler' driver.
INFO - 2023-05-19 11:37:06 --> Session: Class initialized using 'CodeIgniter\Session\Handlers\FileHandler' driver.
INFO - 2023-05-19 11:37:06 --> Session: Class initialized using 'CodeIgniter\Session\Handlers\FileHandler' driver.
INFO - 2023-05-19 11:37:06 --> Session: Class initialized using 'CodeIgniter\Session\Handlers\FileHandler' driver.
INFO - 2023-05-19 11:37:07 --> Session: Class initialized using 'CodeIgniter\Session\Handlers\FileHandler' driver.
INFO - 2023-05-19 11:37:07 --> Session: Class initialized using 'CodeIgniter\Session\Handlers\FileHandler' driver.
INFO - 2023-05-19 11:37:07 --> Session: Class initialized using 'CodeIgniter\Session\Handlers\FileHandler' driver.
INFO - 2023-05-19 11:37:07 --> Session: Class initialized using 'CodeIgniter\Session\Handlers\FileHandler' driver.
INFO - 2023-05-19 11:37:07 --> Session: Class initialized using 'CodeIgniter\Session\Handlers\FileHandler' driver.
INFO - 2023-05-19 11:37:08 --> Session: Class initialized using 'CodeIgniter\Session\Handlers\FileHandler' driver.
INFO - 2023-05-19 11:37:08 --> Session: Class initialized using 'CodeIgniter\Session\Handlers\FileHandler' driver.
INFO - 2023-05-19 11:37:08 --> Session: Class initialized using 'CodeIgniter\Session\Handlers\FileHandler' driver.
INFO - 2023-05-19 11:37:10 --> Session: Class initialized using 'CodeIgniter\Session\Handlers\FileHandler' driver.
INFO - 2023-05-19 11:37:12 --> Session: Class initialized using 'CodeIgniter\Session\Handlers\FileHandler' driver.
INFO - 2023-05-19 11:37:19 --> Session: Class initialized using 'CodeIgniter\Session\Handlers\FileHandler' driver.
INFO - 2023-05-19 11:38:18 --> Session: Class initialized using 'CodeIgniter\Session\Handlers\FileHandler' driver.
INFO - 2023-05-19 11:38:22 --> Session: Class initialized using 'CodeIgniter\Session\Handlers\FileHandler' driver.
INFO - 2023-05-19 11:38:24 --> Session: Class initialized using 'CodeIgniter\Session\Handlers\FileHandler' driver.
INFO - 2023-05-19 11:42:06 --> Session: Class initialized using 'CodeIgniter\Session\Handlers\FileHandler' driver.
INFO - 2023-05-19 11:42:12 --> Session: Class initialized using 'CodeIgniter\Session\Handlers\FileHandler' driver.
INFO - 2023-05-19 11:42:13 --> Session: Class initialized using 'CodeIgniter\Session\Handlers\FileHandler' driver.
INFO - 2023-05-19 11:43:28 --> Session: Class initialized using 'CodeIgniter\Session\Handlers\FileHandler' driver.
CRITICAL - 2023-05-19 11:49:49 --> syntax error, unexpected token ".", expecting "," or ";"
in APPPATH\Controllers\InvestigadoresController.php on line 6.
 1 SYSTEMPATH\Autoloader\Autoloader.php(289): CodeIgniter\Autoloader\Autoloader->includeFile('C:\\xampp\\htdocs\\ProyectoCI\\app\\Controllers\\InvestigadoresController.php')
 2 SYSTEMPATH\Autoloader\Autoloader.php(267): CodeIgniter\Autoloader\Autoloader->loadInNamespace('App\\Controllers\\InvestigadoresController')
 3 [internal function]: CodeIgniter\Autoloader\Autoloader->loadClass('App\\Controllers\\InvestigadoresController')
 4 SYSTEMPATH\CodeIgniter.php(892): class_exists('\\App\\Controllers\\InvestigadoresController', true)
 5 SYSTEMPATH\CodeIgniter.php(486): CodeIgniter\CodeIgniter->startController()
 6 SYSTEMPATH\CodeIgniter.php(368): CodeIgniter\CodeIgniter->handleRequest(null, Object(Config\Cache), false)
 7 FCPATH\index.php(68): CodeIgniter\CodeIgniter->run()
INFO - 2023-05-19 11:50:23 --> Session: Class initialized using 'CodeIgniter\Session\Handlers\FileHandler' driver.
